{ "timestamp":"2023-07-11T17:14:40Z", "event":"Fileheader", "part":1, "language":"Russian/RU", "Odyssey":true, "gameversion":"4.0.0.1502", "build":"r294054/r0 " }
{ "timestamp":"2023-07-11T17:15:01Z", "event":"Commander", "FID":"F5726016", "Name":"DEE.COVAN" }
{ "timestamp":"2023-07-11T17:15:01Z", "event":"Materials", "Raw":[  ], "Manufactured":[ { "Name":"shieldemitters", "Name_Localised":"Щитоизлучатели", "Count":30 }, { "Name":"mechanicalcomponents", "Name_Localised":"Механические компоненты", "Count":3 }, { "Name":"mechanicalequipment", "Name_Localised":"Механическое оборудование", "Count":3 }, { "Name":"highdensitycomposites", "Name_Localised":"Высокоплотностные композиты", "Count":15 }, { "Name":"protoheatradiators", "Name_Localised":"Прототипы теплоизлучателей", "Count":12 }, { "Name":"protolightalloys", "Name_Localised":"Опытные легкие сплавы", "Count":15 }, { "Name":"protoradiolicalloys", "Name_Localised":"Сплавы для изготовления зондов", "Count":3 }, { "Name":"wornshieldemitters", "Name_Localised":"Изношенные щитоизлучатели", "Count":6 }, { "Name":"uncutfocuscrystals", "Name_Localised":"Поврежденные фокусировочные кристаллы", "Count":9 }, { "Name":"phasealloys", "Name_Localised":"Фазовые сплавы", "Count":24 }, { "Name":"galvanisingalloys", "Name_Localised":"Сплавы для гальванизации", "Count":18 }, { "Name":"crystalshards", "Name_Localised":"Осколки кристаллов", "Count":9 }, { "Name":"temperedalloys", "Name_Localised":"Закаленные сплавы", "Count":6 }, { "Name":"compactcomposites", "Name_Localised":"Спрессованные композиты", "Count":12 }, { "Name":"chemicalprocessors", "Name_Localised":"Оборудование для химобработки", "Count":6 }, { "Name":"filamentcomposites", "Name_Localised":"Волокнистые композиты", "Count":6 }, { "Name":"heatresistantceramics", "Name_Localised":"Жаропрочная керамика", "Count":6 }, { "Name":"shieldingsensors", "Name_Localised":"Сенсоры системы экранирования", "Count":24 }, { "Name":"salvagedalloys", "Name_Localised":"Захваченные сплавы", "Count":9 } ], "Encoded":[ { "Name":"shieldcyclerecordings", "Name_Localised":"Поврежденные цикличные записи щита", "Count":3 }, { "Name":"legacyfirmware", "Name_Localised":"Специальные микропрограммы предыдущего поколения", "Count":3 }, { "Name":"emissiondata", "Name_Localised":"Неожиданные данные об излучении", "Count":3 }, { "Name":"shielddensityreports", "Name_Localised":"Нетипичные данные сканирования щитов", "Count":6 }, { "Name":"decodedemissiondata", "Name_Localised":"Расшифрованные данные об излучении", "Count":6 }, { "Name":"archivedemissiondata", "Name_Localised":"Нестандартные данные об излучении", "Count":3 }, { "Name":"shieldfrequencydata", "Name_Localised":"Специфические данные о частоте щитов", "Count":3 }, { "Name":"shieldsoakanalysis", "Name_Localised":"Неполный анализ поглощения щита", "Count":3 }, { "Name":"bulkscandata", "Name_Localised":"Аномальный массив данных сканирования", "Count":3 }, { "Name":"scandatabanks", "Name_Localised":"Засекреченные базы данных сканирования", "Count":3 } ] }
{ "timestamp":"2023-07-11T17:15:01Z", "event":"Rank", "Combat":1, "Trade":4, "Explore":3, "Soldier":0, "Exobiologist":0, "Empire":0, "Federation":0, "CQC":0 }
{ "timestamp":"2023-07-11T17:15:01Z", "event":"Progress", "Combat":15, "Trade":1, "Explore":43, "Soldier":0, "Exobiologist":0, "Empire":0, "Federation":100, "CQC":0 }
{ "timestamp":"2023-07-11T17:15:01Z", "event":"Reputation", "Empire":0.000000, "Federation":15.596200, "Independent":0.000000, "Alliance":0.000000 }
{ "timestamp":"2023-07-11T17:15:01Z", "event":"EngineerProgress", "Engineers":[ { "Engineer":"Felicity Farseer", "EngineerID":300100, "Progress":"Invited" }, { "Engineer":"Eleanor Bresa", "EngineerID":400011, "Progress":"Known" }, { "Engineer":"Hero Ferrari", "EngineerID":400003, "Progress":"Known" }, { "Engineer":"Jude Navarro", "EngineerID":400001, "Progress":"Known" }, { "Engineer":"Liz Ryder", "EngineerID":300080, "Progress":"Known" }, { "Engineer":"Rosa Dayette", "EngineerID":400012, "Progress":"Known" }, { "Engineer":"Baltanos", "EngineerID":400010, "Progress":"Known" }, { "Engineer":"The Dweller", "EngineerID":300180, "Progress":"Known" }, { "Engineer":"Elvira Martuuk", "EngineerID":300160, "Progress":"Known" }, { "Engineer":"Tod 'The Blaster' McQuinn", "EngineerID":300260, "Progress":"Known" }, { "Engineer":"Domino Green", "EngineerID":400002, "Progress":"Known" } ] }
{ "timestamp":"2023-07-11T17:15:02Z", "event":"LoadGame", "FID":"F5726016", "Commander":"DEE.COVAN", "Horizons":true, "Odyssey":true, "Ship":"CobraMkIII", "Ship_Localised":"Cobra Mk III", "ShipID":3, "ShipName":"", "ShipIdent":"", "FuelLevel":16.000000, "FuelCapacity":16.000000, "GameMode":"Solo", "Credits":1739055, "Loan":0, "language":"Russian/RU", "gameversion":"4.0.0.1502", "build":"r294054/r0 " }
{ "timestamp":"2023-07-11T17:15:03Z", "event":"Statistics", "Bank_Account":{ "Current_Wealth":7916431, "Spent_On_Ships":394518, "Spent_On_Outfitting":6112636, "Spent_On_Repairs":5043, "Spent_On_Fuel":2241, "Spent_On_Ammo_Consumables":4340, "Insurance_Claims":3, "Spent_On_Insurance":472352, "Owned_Ship_Count":2, "Spent_On_Suits":0, "Spent_On_Weapons":0, "Spent_On_Suit_Consumables":0, "Suits_Owned":1, "Weapons_Owned":1, "Spent_On_Premium_Stock":0, "Premium_Stock_Bought":0 }, "Combat":{ "Bounties_Claimed":13, "Bounty_Hunting_Profit":1556448, "Combat_Bonds":0, "Combat_Bond_Profits":0, "Assassinations":0, "Assassination_Profits":0, "Highest_Single_Reward":315472, "Skimmers_Killed":0, "OnFoot_Combat_Bonds":0, "OnFoot_Combat_Bonds_Profits":0, "OnFoot_Vehicles_Destroyed":0, "OnFoot_Ships_Destroyed":0, "Dropships_Taken":0, "Dropships_Booked":0, "Dropships_Cancelled":0, "ConflictZone_High":0, "ConflictZone_Medium":0, "ConflictZone_Low":0, "ConflictZone_Total":0, "ConflictZone_High_Wins":0, "ConflictZone_Medium_Wins":0, "ConflictZone_Low_Wins":0, "ConflictZone_Total_Wins":0, "Settlement_Defended":0, "Settlement_Conquered":0, "OnFoot_Skimmers_Killed":0, "OnFoot_Scavs_Killed":0 }, "Crime":{ "Notoriety":0, "Fines":2, "Total_Fines":200, "Bounties_Received":1, "Total_Bounties":400, "Highest_Bounty":400, "Malware_Uploaded":0, "Settlements_State_Shutdown":0, "Production_Sabotage":0, "Production_Theft":0, "Total_Murders":0, "Citizens_Murdered":0, "Omnipol_Murdered":0, "Guards_Murdered":0, "Data_Stolen":0, "Goods_Stolen":0, "Sample_Stolen":0, "Total_Stolen":0, "Turrets_Destroyed":0, "Turrets_Overloaded":0, "Turrets_Total":0, "Value_Stolen_StateChange":0, "Profiles_Cloned":0 }, "Smuggling":{ "Black_Markets_Traded_With":0, "Black_Markets_Profits":0, "Resources_Smuggled":0, "Average_Profit":0, "Highest_Single_Transaction":0 }, "Trading":{ "Markets_Traded_With":3, "Market_Profits":77620, "Resources_Traded":23, "Average_Profit":25873.333333333, "Highest_Single_Transaction":60748, "Data_Sold":0, "Goods_Sold":0, "Assets_Sold":0 }, "Mining":{ "Mining_Profits":0, "Quantity_Mined":0, "Materials_Collected":252 }, "Exploration":{ "Systems_Visited":41, "Exploration_Profits":2455257, "Planets_Scanned_To_Level_2":222, "Planets_Scanned_To_Level_3":222, "Efficient_Scans":2, "Highest_Payout":1689820, "Total_Hyperspace_Distance":470, "Total_Hyperspace_Jumps":45, "Greatest_Distance_From_Start":151.91896868685, "Time_Played":6754440, "OnFoot_Distance_Travelled":0, "Shuttle_Journeys":0, "Shuttle_Distance_Travelled":0, "Spent_On_Shuttles":0, "First_Footfalls":0, "Planet_Footfalls":0, "Settlements_Visited":1 }, "Passengers":{ "Passengers_Missions_Bulk":0, "Passengers_Missions_VIP":0, "Passengers_Missions_Delivered":0, "Passengers_Missions_Ejected":0 }, "Search_And_Rescue":{ "SearchRescue_Traded":3, "SearchRescue_Profit":77640, "SearchRescue_Count":2, "Salvage_Legal_POI":0, "Salvage_Legal_Settlements":0, "Salvage_Illegal_POI":0, "Salvage_Illegal_Settlements":0, "Maglocks_Opened":0, "Panels_Opened":0, "Settlements_State_FireOut":0, "Settlements_State_Reboot":0 }, "Crafting":{ "Count_Of_Used_Engineers":0, "Recipes_Generated":0, "Recipes_Generated_Rank_1":0, "Recipes_Generated_Rank_2":0, "Recipes_Generated_Rank_3":0, "Recipes_Generated_Rank_4":0, "Recipes_Generated_Rank_5":0, "Suit_Mods_Applied":0, "Weapon_Mods_Applied":0, "Suits_Upgraded":0, "Weapons_Upgraded":0, "Suits_Upgraded_Full":0, "Weapons_Upgraded_Full":0, "Suit_Mods_Applied_Full":0, "Weapon_Mods_Applied_Full":0 }, "Crew":{ "NpcCrew_TotalWages":0, "NpcCrew_Hired":0, "NpcCrew_Fired":0, "NpcCrew_Died":0 }, "Multicrew":{ "Multicrew_Time_Total":0, "Multicrew_Gunner_Time_Total":0, "Multicrew_Fighter_Time_Total":0, "Multicrew_Credits_Total":0, "Multicrew_Fines_Total":0 }, "Material_Trader_Stats":{ "Trades_Completed":0, "Materials_Traded":0, "Assets_Traded_In":0, "Assets_Traded_Out":0 }, "Exobiology":{ "Organic_Genus_Encountered":0, "Organic_Species_Encountered":0, "Organic_Variant_Encountered":0, "Organic_Data_Profits":0, "Organic_Data":0, "First_Logged_Profits":0, "First_Logged":0, "Organic_Systems":0, "Organic_Planets":0, "Organic_Genus":0, "Organic_Species":0 } }
{ "timestamp":"2023-07-11T17:15:09Z", "event":"ReceiveText", "From":"", "Message":"$COMMS_entered:#name=V1703 Aquilae;", "Message_Localised":"Включенный канал: V1703 Aquilae", "Channel":"npc" }
{ "timestamp":"2023-07-11T17:15:09Z", "event":"FSSSignalDiscovered", "SystemAddress":5581343560410, "SignalName":"$MULTIPLAYER_SCENARIO42_TITLE;", "SignalName_Localised":"Нав. маяк" }
{ "timestamp":"2023-07-11T17:15:09Z", "event":"FSSSignalDiscovered", "SystemAddress":5581343560410, "SignalName":"Bosch Settlement" }
{ "timestamp":"2023-07-11T17:15:09Z", "event":"FSSSignalDiscovered", "SystemAddress":5581343560410, "SignalName":"Pauling Estate" }
{ "timestamp":"2023-07-11T17:15:09Z", "event":"FSSSignalDiscovered", "SystemAddress":5581343560410, "SignalName":"$MULTIPLAYER_SCENARIO77_TITLE;", "SignalName_Localised":"Место добычи ресурсов [низк.]" }
{ "timestamp":"2023-07-11T17:15:09Z", "event":"FSSSignalDiscovered", "SystemAddress":5581343560410, "SignalName":"$MULTIPLAYER_SCENARIO14_TITLE;", "SignalName_Localised":"Место добычи ресурсов" }
{ "timestamp":"2023-07-11T17:15:09Z", "event":"FSSSignalDiscovered", "SystemAddress":5581343560410, "SignalName":"$MULTIPLAYER_SCENARIO14_TITLE;", "SignalName_Localised":"Место добычи ресурсов" }
{ "timestamp":"2023-07-11T17:15:09Z", "event":"FSSSignalDiscovered", "SystemAddress":5581343560410, "SignalName":"$MULTIPLAYER_SCENARIO79_TITLE;", "SignalName_Localised":"Место добычи ресурсов [опасн.]" }
{ "timestamp":"2023-07-11T17:15:09Z", "event":"FSSSignalDiscovered", "SystemAddress":5581343560410, "SignalName":"$MULTIPLAYER_SCENARIO78_TITLE;", "SignalName_Localised":"Место добычи ресурсов [высок.]" }
{ "timestamp":"2023-07-11T17:15:09Z", "event":"FSSSignalDiscovered", "SystemAddress":5581343560410, "SignalName":"$MULTIPLAYER_SCENARIO79_TITLE;", "SignalName_Localised":"Место добычи ресурсов [опасн.]" }
{ "timestamp":"2023-07-11T17:15:09Z", "event":"FSSSignalDiscovered", "SystemAddress":5581343560410, "SignalName":"Houssay Plant" }
{ "timestamp":"2023-07-11T17:15:09Z", "event":"FSSSignalDiscovered", "SystemAddress":5581343560410, "SignalName":"$MULTIPLAYER_SCENARIO14_TITLE;", "SignalName_Localised":"Место добычи ресурсов" }
{ "timestamp":"2023-07-11T17:15:09Z", "event":"FSSSignalDiscovered", "SystemAddress":5581343560410, "SignalName":"$MULTIPLAYER_SCENARIO14_TITLE;", "SignalName_Localised":"Место добычи ресурсов" }
{ "timestamp":"2023-07-11T17:15:09Z", "event":"FSSSignalDiscovered", "SystemAddress":5581343560410, "SignalName":"$MULTIPLAYER_SCENARIO77_TITLE;", "SignalName_Localised":"Место добычи ресурсов [низк.]" }
{ "timestamp":"2023-07-11T17:15:09Z", "event":"FSSSignalDiscovered", "SystemAddress":5581343560410, "SignalName":"$MULTIPLAYER_SCENARIO14_TITLE;", "SignalName_Localised":"Место добычи ресурсов" }
{ "timestamp":"2023-07-11T17:15:09Z", "event":"FSSSignalDiscovered", "SystemAddress":5581343560410, "SignalName":"$MULTIPLAYER_SCENARIO79_TITLE;", "SignalName_Localised":"Место добычи ресурсов [опасн.]" }
{ "timestamp":"2023-07-11T17:15:09Z", "event":"FSSSignalDiscovered", "SystemAddress":5581343560410, "SignalName":"$MULTIPLAYER_SCENARIO79_TITLE;", "SignalName_Localised":"Место добычи ресурсов [опасн.]" }
{ "timestamp":"2023-07-11T17:15:09Z", "event":"FSSSignalDiscovered", "SystemAddress":5581343560410, "SignalName":"$MULTIPLAYER_SCENARIO78_TITLE;", "SignalName_Localised":"Место добычи ресурсов [высок.]" }
{ "timestamp":"2023-07-11T17:15:09Z", "event":"Location", "DistFromStarLS":1776.229462, "Docked":false, "Taxi":false, "Multicrew":false, "StarSystem":"V1703 Aquilae", "SystemAddress":5581343560410, "StarPos":[-40.09375,-20.71875,43.96875], "SystemAllegiance":"Federation", "SystemEconomy":"$economy_Extraction;", "SystemEconomy_Localised":"Добыча ископаемых", "SystemSecondEconomy":"$economy_Refinery;", "SystemSecondEconomy_Localised":"Переработка", "SystemGovernment":"$government_Corporate;", "SystemGovernment_Localised":"Корпоративная", "SystemSecurity":"$SYSTEM_SECURITY_medium;", "SystemSecurity_Localised":"Средн. ур. безопасности", "Population":329771, "Body":"V1703 Aquilae 7 B Ring", "BodyID":34, "BodyType":"PlanetaryRing", "Factions":[ { "Name":"LTT 18486 Jet Energy Company", "FactionState":"Boom", "Government":"Corporate", "Influence":0.564103, "Allegiance":"Federation", "Happiness":"$Faction_HappinessBand2;", "Happiness_Localised":"Счастье", "MyReputation":1.623380, "ActiveStates":[ { "State":"Boom" } ] }, { "Name":"V1703 Aquilae Labour", "FactionState":"None", "Government":"Democracy", "Influence":0.132150, "Allegiance":"Federation", "Happiness":"$Faction_HappinessBand2;", "Happiness_Localised":"Счастье", "MyReputation":0.000000 }, { "Name":"Volungu Crimson Fortune Company", "FactionState":"None", "Government":"Corporate", "Influence":0.056213, "Allegiance":"Federation", "Happiness":"$Faction_HappinessBand2;", "Happiness_Localised":"Счастье", "MyReputation":0.000000 }, { "Name":"V1703 Aquilae Natural Limited", "FactionState":"None", "Government":"Corporate", "Influence":0.056213, "Allegiance":"Independent", "Happiness":"$Faction_HappinessBand2;", "Happiness_Localised":"Счастье", "MyReputation":0.000000 }, { "Name":"V1703 Aquilae Nationals", "FactionState":"None", "Government":"Dictatorship", "Influence":0.060158, "Allegiance":"Independent", "Happiness":"$Faction_HappinessBand2;", "Happiness_Localised":"Счастье", "MyReputation":0.000000 }, { "Name":"Gang of V1703 Aquilae", "FactionState":"None", "Government":"Anarchy", "Influence":0.018738, "Allegiance":"Independent", "Happiness":"$Faction_HappinessBand2;", "Happiness_Localised":"Счастье", "MyReputation":0.000000 }, { "Name":"V1703 Aquilae Gold Natural Dev", "FactionState":"None", "Government":"Corporate", "Influence":0.112426, "Allegiance":"Federation", "Happiness":"$Faction_HappinessBand2;", "Happiness_Localised":"Счастье", "MyReputation":0.000000 } ], "SystemFaction":{ "Name":"LTT 18486 Jet Energy Company", "FactionState":"Boom" } }
{ "timestamp":"2023-07-11T17:15:09Z", "event":"Music", "MusicTrack":"NoTrack" }
{ "timestamp":"2023-07-11T17:15:09Z", "event":"ShipLocker", "Items":[  ], "Components":[  ], "Consumables":[  ], "Data":[  ] }
{ "timestamp":"2023-07-11T17:15:10Z", "event":"Missions", "Active":[  ], "Failed":[  ], "Complete":[  ] }
{ "timestamp":"2023-07-11T17:15:10Z", "event":"Loadout", "Ship":"cobramkiii", "ShipID":3, "ShipName":" ", "ShipIdent":"DE-11C", "HullValue":349718, "ModulesValue":4351110, "HullHealth":0.980939, "UnladenMass":229.800003, "CargoCapacity":40, "MaxJumpRange":24.874763, "FuelCapacity":{ "Main":16.000000, "Reserve":0.490000 }, "Rebuy":235043, "Modules":[ { "Slot":"MediumHardpoint1", "Item":"hpt_pulselaserburst_fixed_medium", "On":true, "Priority":0, "Health":0.993958, "Value":23000 }, { "Slot":"MediumHardpoint2", "Item":"hpt_pulselaserburst_fixed_medium", "On":true, "Priority":0, "Health":0.996689, "Value":23000 }, { "Slot":"SmallHardpoint1", "Item":"hpt_pulselaser_fixed_small", "On":true, "Priority":0, "Health":0.991089 }, { "Slot":"SmallHardpoint2", "Item":"hpt_pulselaser_fixed_small", "On":true, "Priority":0, "Health":0.982149 }, { "Slot":"TinyHardpoint1", "Item":"hpt_chafflauncher_tiny", "On":true, "Priority":0, "AmmoInClip":1, "AmmoInHopper":10, "Health":0.982552, "Value":8500 }, { "Slot":"TinyHardpoint2", "Item":"hpt_plasmapointdefence_turret_tiny", "On":true, "Priority":0, "AmmoInClip":8, "AmmoInHopper":10000, "Health":0.997597, "Value":18546 }, { "Slot":"PaintJob", "Item":"paintjob_cobramkiii_lrpo_azure", "On":true, "Priority":1, "Health":1.000000 }, { "Slot":"Armour", "Item":"cobramkiii_armour_grade1", "On":true, "Priority":1, "Health":1.000000 }, { "Slot":"PowerPlant", "Item":"int_powerplant_size3_class5", "On":true, "Priority":1, "Health":0.981900, "Value":480411 }, { "Slot":"MainEngines", "Item":"int_engine_size4_class2", "On":true, "Priority":0, "Health":0.987859, "Value":59633 }, { "Slot":"FrameShiftDrive", "Item":"int_hyperdrive_size4_class5", "On":true, "Priority":0, "Health":0.998310, "Value":1610080 }, { "Slot":"LifeSupport", "Item":"int_lifesupport_size3_class2", "On":true, "Priority":0, "Health":0.981189, "Value":10133 }, { "Slot":"PowerDistributor", "Item":"int_powerdistributor_size3_class5", "On":true, "Priority":0, "Health":0.985265, "Value":158331 }, { "Slot":"Radar", "Item":"int_sensors_size3_class2", "On":true, "Priority":0, "Health":0.995824, "Value":10133 }, { "Slot":"FuelTank", "Item":"int_fueltank_size4_class3", "On":true, "Priority":1, "Health":1.000000 }, { "Slot":"Slot01_Size4", "Item":"int_shieldgenerator_size4_class5", "On":true, "Priority":0, "Health":0.998019, "Value":1610080 }, { "Slot":"Slot02_Size4", "Item":"int_cargorack_size4_class1", "On":true, "Priority":1, "Health":1.000000, "Value":34328 }, { "Slot":"Slot03_Size4", "Item":"int_cargorack_size4_class1", "On":true, "Priority":1, "Health":1.000000, "Value":34328 }, { "Slot":"Slot04_Size2", "Item":"int_cargorack_size2_class1", "On":true, "Priority":1, "Health":1.000000, "Value":3250 }, { "Slot":"Slot05_Size2", "Item":"int_cargorack_size2_class1", "On":true, "Priority":1, "Health":1.000000, "Value":3250 }, { "Slot":"Slot06_Size2", "Item":"int_dronecontrol_collection_size1_class1", "On":true, "Priority":0, "Health":0.992551, "Value":600 }, { "Slot":"Slot07_Size1", "Item":"int_detailedsurfacescanner_tiny", "On":true, "Priority":0, "Health":0.982718, "Value":250000 }, { "Slot":"Slot08_Size1", "Item":"int_dockingcomputer_advanced", "On":true, "Priority":4, "Health":0.987379, "Value":13507 }, { "Slot":"PlanetaryApproachSuite", "Item":"int_planetapproachsuite_advanced", "On":true, "Priority":1, "Health":1.000000 }, { "Slot":"Bobble04", "Item":"bobble_pilotmale", "On":true, "Priority":1, "Health":1.000000 }, { "Slot":"Bobble05", "Item":"bobble_pilotmale", "On":true, "Priority":1, "Health":1.000000 }, { "Slot":"Bobble06", "Item":"bobble_pilotmale", "On":true, "Priority":1, "Health":1.000000 }, { "Slot":"Bobble07", "Item":"bobble_pilotmale", "On":true, "Priority":1, "Health":1.000000 }, { "Slot":"VesselVoice", "Item":"voicepack_verity", "On":true, "Priority":1, "Health":1.000000 }, { "Slot":"ShipCockpit", "Item":"cobramkiii_cockpit", "On":true, "Priority":1, "Health":0.994168 }, { "Slot":"CargoHatch", "Item":"modularcargobaydoor", "On":true, "Priority":2, "Health":0.988732 } ] }
{ "timestamp":"2023-07-11T17:15:10Z", "event":"Music", "MusicTrack":"Exploration" }
{ "timestamp":"2023-07-11T17:15:11Z", "event":"Cargo", "Vessel":"Ship", "Count":0, "Inventory":[  ] }
{ "timestamp":"2023-07-11T17:15:20Z", "event":"ModuleInfo" }
{ "timestamp":"2023-07-11T17:16:12Z", "event":"StartJump", "JumpType":"Supercruise", "Taxi":false }
{ "timestamp":"2023-07-11T17:16:17Z", "event":"SupercruiseEntry", "Taxi":false, "Multicrew":false, "StarSystem":"V1703 Aquilae", "SystemAddress":5581343560410 }
{ "timestamp":"2023-07-11T17:16:17Z", "event":"ShipLocker", "Items":[  ], "Components":[  ], "Consumables":[  ], "Data":[  ] }
{ "timestamp":"2023-07-11T17:16:17Z", "event":"Music", "MusicTrack":"Supercruise" }
{ "timestamp":"2023-07-11T17:16:41Z", "event":"SupercruiseDestinationDrop", "Type":"$MULTIPLAYER_SCENARIO78_TITLE;", "Type_Localised":"Место добычи ресурсов [высок.]", "Threat":4 }
{ "timestamp":"2023-07-11T17:16:42Z", "event":"SupercruiseExit", "Taxi":false, "Multicrew":false, "StarSystem":"V1703 Aquilae", "SystemAddress":5581343560410, "Body":"V1703 Aquilae 7 B Ring", "BodyID":34, "BodyType":"PlanetaryRing" }
{ "timestamp":"2023-07-11T17:16:42Z", "event":"ShipLocker", "Items":[  ], "Components":[  ], "Consumables":[  ], "Data":[  ] }
{ "timestamp":"2023-07-11T17:16:42Z", "event":"Music", "MusicTrack":"Exploration" }
{ "timestamp":"2023-07-11T17:17:17Z", "event":"ShipTargeted", "TargetLocked":true, "Ship":"diamondbackxl", "Ship_Localised":"Diamondback Explorer", "ScanStage":0 }
{ "timestamp":"2023-07-11T17:17:18Z", "event":"ShipTargeted", "TargetLocked":true, "Ship":"diamondbackxl", "Ship_Localised":"Diamondback Explorer", "ScanStage":1, "PilotName":"$npc_name_decorate:#name=Hal;", "PilotName_Localised":"Hal", "PilotRank":"Deadly" }
{ "timestamp":"2023-07-11T17:17:20Z", "event":"ShipTargeted", "TargetLocked":true, "Ship":"diamondbackxl", "Ship_Localised":"Diamondback Explorer", "ScanStage":2, "PilotName":"$npc_name_decorate:#name=Hal;", "PilotName_Localised":"Hal", "PilotRank":"Deadly", "ShieldHealth":100.000000, "HullHealth":100.000000 }
{ "timestamp":"2023-07-11T17:17:22Z", "event":"ShipTargeted", "TargetLocked":true, "Ship":"diamondbackxl", "Ship_Localised":"Diamondback Explorer", "ScanStage":3, "PilotName":"$npc_name_decorate:#name=Hal;", "PilotName_Localised":"Hal", "PilotRank":"Deadly", "ShieldHealth":100.000000, "HullHealth":100.000000, "Faction":"LTT 18486 Jet Energy Company", "LegalStatus":"Clean" }
{ "timestamp":"2023-07-11T17:17:22Z", "event":"ShipLocker" }
{ "timestamp":"2023-07-11T17:17:22Z", "event":"MaterialCollected", "Category":"Encoded", "Name":"scandatabanks", "Name_Localised":"Засекреченные базы данных сканирования", "Count":3 }
{ "timestamp":"2023-07-11T17:17:24Z", "event":"ShipTargeted", "TargetLocked":true, "Ship":"cobramkiv", "Ship_Localised":"Cobra Mk IV", "ScanStage":0 }
{ "timestamp":"2023-07-11T17:17:25Z", "event":"ShipTargeted", "TargetLocked":true, "Ship":"cobramkiv", "Ship_Localised":"Cobra Mk IV", "ScanStage":1, "PilotName":"$npc_name_decorate:#name=Ronald Barnabas;", "PilotName_Localised":"Ronald Barnabas", "PilotRank":"Deadly" }
{ "timestamp":"2023-07-11T17:17:27Z", "event":"ShipTargeted", "TargetLocked":true, "Ship":"cobramkiv", "Ship_Localised":"Cobra Mk IV", "ScanStage":2, "PilotName":"$npc_name_decorate:#name=Ronald Barnabas;", "PilotName_Localised":"Ronald Barnabas", "PilotRank":"Deadly", "ShieldHealth":100.000000, "HullHealth":100.000000 }
{ "timestamp":"2023-07-11T17:17:29Z", "event":"ShipTargeted", "TargetLocked":true, "Ship":"cobramkiv", "Ship_Localised":"Cobra Mk IV", "ScanStage":3, "PilotName":"$npc_name_decorate:#name=Ronald Barnabas;", "PilotName_Localised":"Ronald Barnabas", "PilotRank":"Deadly", "ShieldHealth":100.000000, "HullHealth":100.000000, "Faction":"V1703 Aquilae Natural Limited", "LegalStatus":"Wanted", "Bounty":257206 }
{ "timestamp":"2023-07-11T17:17:52Z", "event":"Music", "MusicTrack":"Combat_Dogfight" }
{ "timestamp":"2023-07-11T17:18:03Z", "event":"UnderAttack", "Target":"You" }
{ "timestamp":"2023-07-11T17:18:49Z", "event":"ShieldState", "ShieldsUp":false }
{ "timestamp":"2023-07-11T17:18:52Z", "event":"ReceiveText", "From":"$ShipName_Police_Federation;", "From_Localised":"Служба безопасности Федерации", "Message":"$Police_ArriveInvestigate03;", "Message_Localised":"Антикриминальная группа готова к работе.", "Channel":"npc" }
{ "timestamp":"2023-07-11T17:18:53Z", "event":"HullDamage", "Health":0.778435, "PlayerPilot":true, "Fighter":false }
{ "timestamp":"2023-07-11T17:19:04Z", "event":"UnderAttack", "Target":"You" }
{ "timestamp":"2023-07-11T17:19:05Z", "event":"ReceiveText", "From":"$ShipName_Police_Federation;", "From_Localised":"Служба безопасности Федерации", "Message":"$Police_ArriveInvestigate02;", "Message_Localised":"Силы срочного реагирования уже на станции.", "Channel":"npc" }
{ "timestamp":"2023-07-11T17:19:21Z", "event":"ShipTargeted", "TargetLocked":false }
{ "timestamp":"2023-07-11T17:19:37Z", "event":"ShipTargeted", "TargetLocked":true, "Ship":"diamondbackxl", "Ship_Localised":"Diamondback Explorer", "ScanStage":3, "PilotName":"$npc_name_decorate:#name=Hal;", "PilotName_Localised":"Hal", "PilotRank":"Deadly", "ShieldHealth":100.000000, "HullHealth":100.000000, "Faction":"LTT 18486 Jet Energy Company", "LegalStatus":"Clean" }
{ "timestamp":"2023-07-11T17:19:37Z", "event":"ShieldState", "ShieldsUp":true }
{ "timestamp":"2023-07-11T17:19:49Z", "event":"ShipTargeted", "TargetLocked":true, "Ship":"diamondbackxl", "Ship_Localised":"Diamondback Explorer", "ScanStage":0 }
{ "timestamp":"2023-07-11T17:19:52Z", "event":"ShipTargeted", "TargetLocked":true, "Ship":"diamondbackxl", "Ship_Localised":"Diamondback Explorer", "ScanStage":1, "PilotName":"$npc_name_decorate:#name=RayRay;", "PilotName_Localised":"RayRay", "PilotRank":"Deadly" }
{ "timestamp":"2023-07-11T17:19:54Z", "event":"ShipTargeted", "TargetLocked":true, "Ship":"diamondbackxl", "Ship_Localised":"Diamondback Explorer", "ScanStage":2, "PilotName":"$npc_name_decorate:#name=RayRay;", "PilotName_Localised":"RayRay", "PilotRank":"Deadly", "ShieldHealth":97.789810, "HullHealth":100.000000 }
{ "timestamp":"2023-07-11T17:19:56Z", "event":"ShipTargeted", "TargetLocked":true, "Ship":"diamondbackxl", "Ship_Localised":"Diamondback Explorer", "ScanStage":3, "PilotName":"$npc_name_decorate:#name=RayRay;", "PilotName_Localised":"RayRay", "PilotRank":"Deadly", "ShieldHealth":96.847084, "HullHealth":100.000000, "Faction":"LTT 18486 Jet Energy Company", "LegalStatus":"Wanted", "Bounty":366491 }
{ "timestamp":"2023-07-11T17:20:17Z", "event":"UnderAttack", "Target":"You" }
{ "timestamp":"2023-07-11T17:20:59Z", "event":"ShipTargeted", "TargetLocked":false }
{ "timestamp":"2023-07-11T17:21:22Z", "event":"ShipTargeted", "TargetLocked":true, "Ship":"diamondbackxl", "Ship_Localised":"Diamondback Explorer", "ScanStage":3, "PilotName":"$npc_name_decorate:#name=RayRay;", "PilotName_Localised":"RayRay", "PilotRank":"Deadly", "ShieldHealth":13.265536, "HullHealth":82.213913, "Faction":"LTT 18486 Jet Energy Company", "LegalStatus":"Wanted", "Bounty":367291 }
{ "timestamp":"2023-07-11T17:21:30Z", "event":"ShipTargeted", "TargetLocked":false }
{ "timestamp":"2023-07-11T17:21:38Z", "event":"ShipTargeted", "TargetLocked":true, "Ship":"diamondbackxl", "Ship_Localised":"Diamondback Explorer", "ScanStage":3, "PilotName":"$npc_name_decorate:#name=Hal;", "PilotName_Localised":"Hal", "PilotRank":"Deadly", "ShieldHealth":100.000000, "HullHealth":100.000000, "Faction":"LTT 18486 Jet Energy Company", "LegalStatus":"Clean" }
{ "timestamp":"2023-07-11T17:21:40Z", "event":"ShipTargeted", "TargetLocked":true, "Ship":"diamondbackxl", "Ship_Localised":"Diamondback Explorer", "ScanStage":3, "PilotName":"$npc_name_decorate:#name=RayRay;", "PilotName_Localised":"RayRay", "PilotRank":"Deadly", "ShieldHealth":32.073654, "HullHealth":62.237679, "Faction":"LTT 18486 Jet Energy Company", "LegalStatus":"Wanted", "Bounty":367291 }
{ "timestamp":"2023-07-11T17:21:54Z", "event":"UnderAttack", "Target":"You" }
{ "timestamp":"2023-07-11T17:22:18Z", "event":"ShipTargeted", "TargetLocked":false }
{ "timestamp":"2023-07-11T17:22:32Z", "event":"ShipTargeted", "TargetLocked":true, "Ship":"diamondbackxl", "Ship_Localised":"Diamondback Explorer", "ScanStage":3, "PilotName":"$npc_name_decorate:#name=RayRay;", "PilotName_Localised":"RayRay", "PilotRank":"Deadly", "ShieldHealth":8.227973, "HullHealth":17.963099, "Faction":"LTT 18486 Jet Energy Company", "LegalStatus":"Wanted", "Bounty":367291 }
{ "timestamp":"2023-07-11T17:22:47Z", "event":"Bounty", "Rewards":[ { "Faction":"LTT 18486 Jet Energy Company", "Reward":367291 } ], "Target":"diamondbackxl", "Target_Localised":"Diamondback Explorer", "TotalReward":367291, "VictimFaction":"LTT 18486 Jet Energy Company" }
{ "timestamp":"2023-07-11T17:22:47Z", "event":"ShipTargeted", "TargetLocked":false }
{ "timestamp":"2023-07-11T17:23:02Z", "event":"Music", "MusicTrack":"Exploration" }
{ "timestamp":"2023-07-11T17:23:06Z", "event":"Music", "MusicTrack":"Combat_Dogfight" }
{ "timestamp":"2023-07-11T17:23:28Z", "event":"Music", "MusicTrack":"Exploration" }
{ "timestamp":"2023-07-11T17:23:29Z", "event":"MaterialCollected", "Category":"Manufactured", "Name":"galvanisingalloys", "Name_Localised":"Сплавы для гальванизации", "Count":3 }
{ "timestamp":"2023-07-11T17:23:29Z", "event":"ShipLocker" }
{ "timestamp":"2023-07-11T17:23:31Z", "event":"Scanned", "ScanType":"Cargo" }
{ "timestamp":"2023-07-11T17:23:31Z", "event":"ReceiveText", "From":"$ShipName_Police_Federation;", "From_Localised":"Служба безопасности Федерации", "Message":"$Police_ThankYouPassedStopAndSearch04;", "Message_Localised":"Преступлений не выявлено. Вы свободны, командир.", "Channel":"npc" }
{ "timestamp":"2023-07-11T17:23:36Z", "event":"ShipTargeted", "TargetLocked":true, "Ship":"python", "ScanStage":3, "PilotName":"$ShipName_Police_Federation;", "PilotName_Localised":"Служба безопасности Федерации", "PilotRank":"Master", "ShieldHealth":100.000000, "HullHealth":100.000000, "Faction":"LTT 18486 Jet Energy Company", "LegalStatus":"Clean" }
{ "timestamp":"2023-07-11T17:23:44Z", "event":"ShipTargeted", "TargetLocked":false }
{ "timestamp":"2023-07-11T17:23:54Z", "event":"ReceiveText", "From":"$npc_name_decorate:#name=Greifenberg;", "From_Localised":"Greifenberg", "Message":"$MinerCriticalDamage02;", "Message_Localised":"Я всего лишь добывал ископаемые!", "Channel":"npc" }
{ "timestamp":"2023-07-11T17:24:15Z", "event":"ReceiveText", "From":"$ShipName_Police_Federation;", "From_Localised":"Служба безопасности Федерации", "Message":"$Police_ArriveInvestigate03;", "Message_Localised":"Антикриминальная группа готова к работе.", "Channel":"npc" }
{ "timestamp":"2023-07-11T17:24:37Z", "event":"ShipTargeted", "TargetLocked":true, "Ship":"asp_scout", "Ship_Localised":"Asp Scout", "ScanStage":0 }
{ "timestamp":"2023-07-11T17:24:38Z", "event":"ShipTargeted", "TargetLocked":true, "Ship":"asp_scout", "Ship_Localised":"Asp Scout", "ScanStage":1, "PilotName":"$npc_name_decorate:#name=Samantha Riley;", "PilotName_Localised":"Samantha Riley", "PilotRank":"Dangerous" }
{ "timestamp":"2023-07-11T17:24:40Z", "event":"ShipTargeted", "TargetLocked":true, "Ship":"asp_scout", "Ship_Localised":"Asp Scout", "ScanStage":2, "PilotName":"$npc_name_decorate:#name=Samantha Riley;", "PilotName_Localised":"Samantha Riley", "PilotRank":"Dangerous", "ShieldHealth":100.000000, "HullHealth":100.000000 }
{ "timestamp":"2023-07-11T17:24:42Z", "event":"ShipTargeted", "TargetLocked":true, "Ship":"asp_scout", "Ship_Localised":"Asp Scout", "ScanStage":3, "PilotName":"$npc_name_decorate:#name=Samantha Riley;", "PilotName_Localised":"Samantha Riley", "PilotRank":"Dangerous", "ShieldHealth":100.000000, "HullHealth":100.000000, "Faction":"LTT 18486 Jet Energy Company", "LegalStatus":"Clean" }
{ "timestamp":"2023-07-11T17:24:43Z", "event":"ReceiveText", "From":"$ShipName_Police_Federation;", "From_Localised":"Служба безопасности Федерации", "Message":"$Police_ArriveInvestigate01;", "Message_Localised":"Изучение криминальных отчетов", "Channel":"npc" }
{ "timestamp":"2023-07-11T17:24:49Z", "event":"ShipTargeted", "TargetLocked":true, "Ship":"cobramkiii", "Ship_Localised":"Cobra Mk III", "ScanStage":0 }
{ "timestamp":"2023-07-11T17:24:51Z", "event":"ShipTargeted", "TargetLocked":true, "Ship":"viper_mkiv", "Ship_Localised":"Viper Mk IV", "ScanStage":0 }
{ "timestamp":"2023-07-11T17:24:51Z", "event":"ShipTargeted", "TargetLocked":true, "Ship":"viper_mkiv", "Ship_Localised":"Viper Mk IV", "ScanStage":1, "PilotName":"$ShipName_Police_Federation;", "PilotName_Localised":"Служба безопасности Федерации", "PilotRank":"Dangerous" }
{ "timestamp":"2023-07-11T17:24:52Z", "event":"ShipTargeted", "TargetLocked":true, "Ship":"viper_mkiv", "Ship_Localised":"Viper Mk IV", "ScanStage":0 }
{ "timestamp":"2023-07-11T17:24:52Z", "event":"ShipTargeted", "TargetLocked":true, "Ship":"viper_mkiv", "Ship_Localised":"Viper Mk IV", "ScanStage":1, "PilotName":"$ShipName_Police_Federation;", "PilotName_Localised":"Служба безопасности Федерации", "PilotRank":"Dangerous" }
{ "timestamp":"2023-07-11T17:24:53Z", "event":"ShipTargeted", "TargetLocked":true, "Ship":"viper", "Ship_Localised":"Viper Mk III", "ScanStage":0 }
{ "timestamp":"2023-07-11T17:24:53Z", "event":"ShipTargeted", "TargetLocked":true, "Ship":"viper", "Ship_Localised":"Viper Mk III", "ScanStage":1, "PilotName":"$ShipName_Police_Federation;", "PilotName_Localised":"Служба безопасности Федерации", "PilotRank":"Competent" }
{ "timestamp":"2023-07-11T17:24:54Z", "event":"ShipTargeted", "TargetLocked":true, "Ship":"cobramkiii", "Ship_Localised":"Cobra Mk III", "ScanStage":0 }
{ "timestamp":"2023-07-11T17:24:55Z", "event":"ShipTargeted", "TargetLocked":true, "Ship":"cobramkiii", "Ship_Localised":"Cobra Mk III", "ScanStage":1, "PilotName":"$npc_name_decorate:#name=Harris Pain;", "PilotName_Localised":"Harris Pain", "PilotRank":"Master" }
{ "timestamp":"2023-07-11T17:25:00Z", "event":"ReceiveText", "From":"$ShipName_Police_Federation;", "From_Localised":"Служба безопасности Федерации", "Message":"$Police_ArrivedAtInvestigationLocation01;", "Message_Localised":"Законное сканирование обязаны проходить все. Не пытайтесь сбежать!", "Channel":"npc" }
{ "timestamp":"2023-07-11T17:25:02Z", "event":"ShipTargeted", "TargetLocked":true, "Ship":"cobramkiii", "Ship_Localised":"Cobra Mk III", "ScanStage":2, "PilotName":"$npc_name_decorate:#name=Harris Pain;", "PilotName_Localised":"Harris Pain", "PilotRank":"Master", "ShieldHealth":100.000000, "HullHealth":100.000000 }
{ "timestamp":"2023-07-11T17:25:04Z", "event":"ShipTargeted", "TargetLocked":true, "Ship":"cobramkiii", "Ship_Localised":"Cobra Mk III", "ScanStage":3, "PilotName":"$npc_name_decorate:#name=Harris Pain;", "PilotName_Localised":"Harris Pain", "PilotRank":"Master", "ShieldHealth":100.000000, "HullHealth":100.000000, "Faction":"LTT 18486 Jet Energy Company", "LegalStatus":"Clean" }
{ "timestamp":"2023-07-11T17:25:04Z", "event":"ShipTargeted", "TargetLocked":true, "Ship":"cobramkiii", "Ship_Localised":"Cobra Mk III", "ScanStage":0 }
{ "timestamp":"2023-07-11T17:25:05Z", "event":"ShipTargeted", "TargetLocked":true, "Ship":"cobramkiii", "Ship_Localised":"Cobra Mk III", "ScanStage":1, "PilotName":"$npc_name_decorate:#name=Julien Ruffin;", "PilotName_Localised":"Julien Ruffin", "PilotRank":"Expert" }
{ "timestamp":"2023-07-11T17:25:07Z", "event":"ShipTargeted", "TargetLocked":true, "Ship":"cobramkiii", "Ship_Localised":"Cobra Mk III", "ScanStage":2, "PilotName":"$npc_name_decorate:#name=Julien Ruffin;", "PilotName_Localised":"Julien Ruffin", "PilotRank":"Expert", "ShieldHealth":100.000000, "HullHealth":100.000000 }
{ "timestamp":"2023-07-11T17:25:09Z", "event":"ShipTargeted", "TargetLocked":true, "Ship":"cobramkiii", "Ship_Localised":"Cobra Mk III", "ScanStage":3, "PilotName":"$npc_name_decorate:#name=Julien Ruffin;", "PilotName_Localised":"Julien Ruffin", "PilotRank":"Expert", "ShieldHealth":100.000000, "HullHealth":100.000000, "Faction":"Gang of V1703 Aquilae", "LegalStatus":"Wanted", "Bounty":150480 }
{ "timestamp":"2023-07-11T17:25:45Z", "event":"Music", "MusicTrack":"Combat_Dogfight" }
{ "timestamp":"2023-07-11T17:25:45Z", "event":"ReceiveText", "From":"$npc_name_decorate:#name=Julien Ruffin;", "From_Localised":"Julien Ruffin", "Message":"$Pirate_OnEnemyShipDetection06;", "Message_Localised":"Обнаружены вражеские корабли.", "Channel":"npc" }
{ "timestamp":"2023-07-11T17:25:47Z", "event":"UnderAttack", "Target":"You" }
{ "timestamp":"2023-07-11T17:26:12Z", "event":"Bounty", "Rewards":[ { "Faction":"LTT 18486 Jet Energy Company", "Reward":150880 } ], "Target":"cobramkiii", "Target_Localised":"Cobra Mk III", "TotalReward":150880, "VictimFaction":"Gang of V1703 Aquilae" }
{ "timestamp":"2023-07-11T17:26:12Z", "event":"ShipTargeted", "TargetLocked":false }
{ "timestamp":"2023-07-11T17:26:27Z", "event":"Music", "MusicTrack":"Exploration" }
{ "timestamp":"2023-07-11T17:26:50Z", "event":"MaterialCollected", "Category":"Manufactured", "Name":"crystalshards", "Name_Localised":"Осколки кристаллов", "Count":3 }
{ "timestamp":"2023-07-11T17:26:50Z", "event":"ShipLocker" }
{ "timestamp":"2023-07-11T17:27:12Z", "event":"ShipTargeted", "TargetLocked":true, "Ship":"python", "ScanStage":3, "PilotName":"$ShipName_Police_Federation;", "PilotName_Localised":"Служба безопасности Федерации", "PilotRank":"Master", "ShieldHealth":100.000000, "HullHealth":100.000000, "Faction":"LTT 18486 Jet Energy Company", "LegalStatus":"Clean" }
{ "timestamp":"2023-07-11T17:27:15Z", "event":"ShipTargeted", "TargetLocked":true, "Ship":"cobramkiv", "Ship_Localised":"Cobra Mk IV", "ScanStage":0 }
{ "timestamp":"2023-07-11T17:27:15Z", "event":"ShipTargeted", "TargetLocked":true, "Ship":"python", "ScanStage":3, "PilotName":"$ShipName_Police_Federation;", "PilotName_Localised":"Служба безопасности Федерации", "PilotRank":"Master", "ShieldHealth":100.000000, "HullHealth":100.000000, "Faction":"LTT 18486 Jet Energy Company", "LegalStatus":"Clean" }
{ "timestamp":"2023-07-11T17:27:16Z", "event":"ShipTargeted", "TargetLocked":true, "Ship":"cobramkiv", "Ship_Localised":"Cobra Mk IV", "ScanStage":0 }
{ "timestamp":"2023-07-11T17:27:17Z", "event":"ShipTargeted", "TargetLocked":true, "Ship":"cobramkiv", "Ship_Localised":"Cobra Mk IV", "ScanStage":1, "PilotName":"$npc_name_decorate:#name=Mark Greenwell;", "PilotName_Localised":"Mark Greenwell", "PilotRank":"Deadly" }
{ "timestamp":"2023-07-11T17:27:19Z", "event":"ShipTargeted", "TargetLocked":true, "Ship":"cobramkiv", "Ship_Localised":"Cobra Mk IV", "ScanStage":2, "PilotName":"$npc_name_decorate:#name=Mark Greenwell;", "PilotName_Localised":"Mark Greenwell", "PilotRank":"Deadly", "ShieldHealth":0.000000, "HullHealth":87.559525 }
{ "timestamp":"2023-07-11T17:27:21Z", "event":"ShipTargeted", "TargetLocked":true, "Ship":"cobramkiv", "Ship_Localised":"Cobra Mk IV", "ScanStage":3, "PilotName":"$npc_name_decorate:#name=Mark Greenwell;", "PilotName_Localised":"Mark Greenwell", "PilotRank":"Deadly", "ShieldHealth":0.000000, "HullHealth":87.559525, "Faction":"V1703 Aquilae Gold Natural Dev", "LegalStatus":"Wanted", "Bounty":269410 }
{ "timestamp":"2023-07-11T17:27:21Z", "event":"MaterialCollected", "Category":"Encoded", "Name":"decodedemissiondata", "Name_Localised":"Расшифрованные данные об излучении", "Count":3 }
{ "timestamp":"2023-07-11T17:27:21Z", "event":"ShipLocker" }
{ "timestamp":"2023-07-11T17:27:28Z", "event":"Music", "MusicTrack":"Combat_Dogfight" }
{ "timestamp":"2023-07-11T17:27:49Z", "event":"UnderAttack", "Target":"You" }
{ "timestamp":"2023-07-11T17:28:03Z", "event":"ReceiveText", "From":"$npc_name_decorate:#name=Mark Greenwell;", "From_Localised":"Mark Greenwell", "Message":"$BadKarmaCriticalDamage09;", "Message_Localised":"Я умею проигрывать.", "Channel":"npc" }
{ "timestamp":"2023-07-11T17:28:08Z", "event":"ReceiveText", "From":"$ShipName_Police_Federation;", "From_Localised":"Служба безопасности Федерации", "Message":"$Police_ArriveInvestigate05;", "Message_Localised":"Полицейская группа на месте.", "Channel":"npc" }
{ "timestamp":"2023-07-11T17:28:50Z", "event":"UnderAttack", "Target":"You" }
{ "timestamp":"2023-07-11T17:29:14Z", "event":"Bounty", "Rewards":[ { "Faction":"LTT 18486 Jet Energy Company", "Reward":269810 } ], "Target":"cobramkiv", "Target_Localised":"Cobra Mk IV", "TotalReward":269810, "VictimFaction":"V1703 Aquilae Gold Natural Dev" }
{ "timestamp":"2023-07-11T17:29:14Z", "event":"ShipTargeted", "TargetLocked":false }
{ "timestamp":"2023-07-11T17:29:29Z", "event":"Music", "MusicTrack":"Exploration" }
{ "timestamp":"2023-07-11T17:29:35Z", "event":"ShipTargeted", "TargetLocked":true, "Ship":"python", "ScanStage":3, "PilotName":"$ShipName_Police_Federation;", "PilotName_Localised":"Служба безопасности Федерации", "PilotRank":"Master", "ShieldHealth":55.229889, "HullHealth":100.000000, "Faction":"LTT 18486 Jet Energy Company", "LegalStatus":"Clean" }
{ "timestamp":"2023-07-11T17:29:38Z", "event":"ShipTargeted", "TargetLocked":true, "Ship":"viper_mkiv", "Ship_Localised":"Viper Mk IV", "ScanStage":1, "PilotName":"$ShipName_Police_Federation;", "PilotName_Localised":"Служба безопасности Федерации", "PilotRank":"Dangerous" }
{ "timestamp":"2023-07-11T17:29:39Z", "event":"ShipTargeted", "TargetLocked":true, "Ship":"viper_mkiv", "Ship_Localised":"Viper Mk IV", "ScanStage":2, "PilotName":"$ShipName_Police_Federation;", "PilotName_Localised":"Служба безопасности Федерации", "PilotRank":"Dangerous", "ShieldHealth":100.000000, "HullHealth":100.000000 }
{ "timestamp":"2023-07-11T17:29:40Z", "event":"ShipTargeted", "TargetLocked":true, "Ship":"viper_mkiv", "Ship_Localised":"Viper Mk IV", "ScanStage":1, "PilotName":"$ShipName_Police_Federation;", "PilotName_Localised":"Служба безопасности Федерации", "PilotRank":"Dangerous" }
{ "timestamp":"2023-07-11T17:29:41Z", "event":"ShipTargeted", "TargetLocked":true, "Ship":"viper", "Ship_Localised":"Viper Mk III", "ScanStage":1, "PilotName":"$ShipName_Police_Federation;", "PilotName_Localised":"Служба безопасности Федерации", "PilotRank":"Competent" }
{ "timestamp":"2023-07-11T17:29:41Z", "event":"ShipTargeted", "TargetLocked":true, "Ship":"diamondbackxl", "Ship_Localised":"Diamondback Explorer", "ScanStage":0 }
{ "timestamp":"2023-07-11T17:29:42Z", "event":"ShipTargeted", "TargetLocked":true, "Ship":"diamondbackxl", "Ship_Localised":"Diamondback Explorer", "ScanStage":1, "PilotName":"$npc_name_decorate:#name=Tylutious Shiverwind;", "PilotName_Localised":"Tylutious Shiverwind", "PilotRank":"Deadly" }
{ "timestamp":"2023-07-11T17:29:44Z", "event":"ShipTargeted", "TargetLocked":true, "Ship":"diamondbackxl", "Ship_Localised":"Diamondback Explorer", "ScanStage":2, "PilotName":"$npc_name_decorate:#name=Tylutious Shiverwind;", "PilotName_Localised":"Tylutious Shiverwind", "PilotRank":"Deadly", "ShieldHealth":70.242706, "HullHealth":100.000000 }
{ "timestamp":"2023-07-11T17:29:45Z", "event":"ReceiveText", "From":"$ShipName_Police_Federation;", "From_Localised":"Служба безопасности Федерации", "Message":"$Police_ArriveInvestigate04;", "Message_Localised":"Отряд экстренного реагирования прибыл.", "Channel":"npc" }
{ "timestamp":"2023-07-11T17:29:46Z", "event":"ShipTargeted", "TargetLocked":true, "Ship":"diamondbackxl", "Ship_Localised":"Diamondback Explorer", "ScanStage":3, "PilotName":"$npc_name_decorate:#name=Tylutious Shiverwind;", "PilotName_Localised":"Tylutious Shiverwind", "PilotRank":"Deadly", "ShieldHealth":70.071144, "HullHealth":100.000000, "Faction":"Gang of V1703 Aquilae", "LegalStatus":"Wanted", "Bounty":224494 }
{ "timestamp":"2023-07-11T17:29:50Z", "event":"Music", "MusicTrack":"Combat_LargeDogFight" }
{ "timestamp":"2023-07-11T17:29:59Z", "event":"ReceiveText", "From":"$ShipName_Police_Federation;", "From_Localised":"Служба безопасности Федерации", "Message":"$Police_ArrivedAtInvestigationLocation05;", "Message_Localised":"Нам сообщили, что здесь произошло преступление. Все корабли будут просканированы.", "Channel":"npc" }
{ "timestamp":"2023-07-11T17:30:44Z", "event":"Music", "MusicTrack":"Exploration" }
{ "timestamp":"2023-07-11T17:30:48Z", "event":"Music", "MusicTrack":"Combat_Dogfight" }
{ "timestamp":"2023-07-11T17:31:02Z", "event":"UnderAttack", "Target":"You" }
{ "timestamp":"2023-07-11T17:31:59Z", "event":"ReceiveText", "From":"$ShipName_Police_Federation;", "From_Localised":"Служба безопасности Федерации", "Message":"$Military_AccidentalDamage05;", "Message_Localised":"Смотри лучше, куда стреляешь, гражданская морда!", "Channel":"npc" }
{ "timestamp":"2023-07-11T17:32:24Z", "event":"UnderAttack", "Target":"You" }
{ "timestamp":"2023-07-11T17:32:54Z", "event":"ReceiveText", "From":"$ShipName_Police_Federation;", "From_Localised":"Служба безопасности Федерации", "Message":"$OverwatchCriticalDamage10;", "Message_Localised":"Этого не может быть!", "Channel":"npc" }
{ "timestamp":"2023-07-11T17:33:10Z", "event":"Bounty", "Rewards":[ { "Faction":"LTT 18486 Jet Energy Company", "Reward":224494 } ], "Target":"diamondbackxl", "Target_Localised":"Diamondback Explorer", "TotalReward":224494, "VictimFaction":"Gang of V1703 Aquilae" }
{ "timestamp":"2023-07-11T17:33:10Z", "event":"ShipTargeted", "TargetLocked":false }
{ "timestamp":"2023-07-11T17:33:22Z", "event":"ShipTargeted", "TargetLocked":true, "Ship":"empire_courier", "Ship_Localised":"Imperial Courier", "ScanStage":0 }
{ "timestamp":"2023-07-11T17:33:23Z", "event":"ShipTargeted", "TargetLocked":true, "Ship":"empire_courier", "Ship_Localised":"Imperial Courier", "ScanStage":1, "PilotName":"$npc_name_decorate:#name=Ben Cross;", "PilotName_Localised":"Ben Cross", "PilotRank":"Dangerous" }
{ "timestamp":"2023-07-11T17:33:25Z", "event":"ShipTargeted", "TargetLocked":true, "Ship":"empire_courier", "Ship_Localised":"Imperial Courier", "ScanStage":2, "PilotName":"$npc_name_decorate:#name=Ben Cross;", "PilotName_Localised":"Ben Cross", "PilotRank":"Dangerous", "ShieldHealth":0.000000, "HullHealth":94.481300 }
{ "timestamp":"2023-07-11T17:33:25Z", "event":"Music", "MusicTrack":"Exploration" }
{ "timestamp":"2023-07-11T17:33:27Z", "event":"ShipTargeted", "TargetLocked":true, "Ship":"empire_courier", "Ship_Localised":"Imperial Courier", "ScanStage":3, "PilotName":"$npc_name_decorate:#name=Ben Cross;", "PilotName_Localised":"Ben Cross", "PilotRank":"Dangerous", "ShieldHealth":0.000000, "HullHealth":94.481300, "Faction":"Volungu Crimson Fortune Company", "LegalStatus":"Wanted", "Bounty":167962 }
{ "timestamp":"2023-07-11T17:33:41Z", "event":"ReceiveText", "From":"$ShipName_Police_Federation;", "From_Localised":"Служба безопасности Федерации", "Message":"$Police_ArriveInvestigate02;", "Message_Localised":"Силы срочного реагирования уже на станции.", "Channel":"npc" }
{ "timestamp":"2023-07-11T17:33:41Z", "event":"ReceiveText", "From":"$ShipName_Police_Federation;", "From_Localised":"Служба безопасности Федерации", "Message":"$Police_ArriveInvestigate01;", "Message_Localised":"Изучение криминальных отчетов", "Channel":"npc" }
{ "timestamp":"2023-07-11T17:33:59Z", "event":"Music", "MusicTrack":"Combat_Dogfight" }
{ "timestamp":"2023-07-11T17:34:10Z", "event":"UnderAttack", "Target":"You" }
{ "timestamp":"2023-07-11T17:34:35Z", "event":"ShipTargeted", "TargetLocked":true, "Ship":"viper", "Ship_Localised":"Viper Mk III", "ScanStage":0 }
{ "timestamp":"2023-07-11T17:34:35Z", "event":"ShipTargeted", "TargetLocked":true, "Ship":"viper", "Ship_Localised":"Viper Mk III", "ScanStage":1, "PilotName":"$ShipName_Police_Federation;", "PilotName_Localised":"Служба безопасности Федерации", "PilotRank":"Master" }
{ "timestamp":"2023-07-11T17:34:38Z", "event":"ShipTargeted", "TargetLocked":true, "Ship":"viper", "Ship_Localised":"Viper Mk III", "ScanStage":2, "PilotName":"$ShipName_Police_Federation;", "PilotName_Localised":"Служба безопасности Федерации", "PilotRank":"Master", "ShieldHealth":44.535194, "HullHealth":100.000000 }
{ "timestamp":"2023-07-11T17:35:09Z", "event":"ShipTargeted", "TargetLocked":false }
{ "timestamp":"2023-07-11T17:35:12Z", "event":"ReceiveText", "From":"$npc_name_decorate:#name=Volker Albiez;", "From_Localised":"Volker Albiez", "Message":"$BadKarmaCriticalDamage04;", "Message_Localised":"Я не верю!", "Channel":"npc" }
{ "timestamp":"2023-07-11T17:35:22Z", "event":"ReceiveText", "From":"$npc_name_decorate:#name=Ben Cross;", "From_Localised":"Ben Cross", "Message":"$BadKarmaCriticalDamage06;", "Message_Localised":"Черт, неожиданно!", "Channel":"npc" }
{ "timestamp":"2023-07-11T17:35:31Z", "event":"Music", "MusicTrack":"Exploration" }
{ "timestamp":"2023-07-11T17:35:44Z", "event":"StartJump", "JumpType":"Supercruise", "Taxi":false }
{ "timestamp":"2023-07-11T17:35:49Z", "event":"SupercruiseEntry", "Taxi":false, "Multicrew":false, "StarSystem":"V1703 Aquilae", "SystemAddress":5581343560410 }
{ "timestamp":"2023-07-11T17:35:49Z", "event":"ShipLocker", "Items":[  ], "Components":[  ], "Consumables":[  ], "Data":[  ] }
{ "timestamp":"2023-07-11T17:35:49Z", "event":"Music", "MusicTrack":"Supercruise" }
{ "timestamp":"2023-07-11T17:37:20Z", "event":"ReservoirReplenished", "FuelMain":15.510000, "FuelReservoir":0.490000 }
{ "timestamp":"2023-07-11T17:39:44Z", "event":"SupercruiseDestinationDrop", "Type":"Houssay Plant", "Threat":0, "MarketID":3228901120 }
{ "timestamp":"2023-07-11T17:39:46Z", "event":"SupercruiseExit", "Taxi":false, "Multicrew":false, "StarSystem":"V1703 Aquilae", "SystemAddress":5581343560410, "Body":"Houssay Plant", "BodyID":72, "BodyType":"Station" }
{ "timestamp":"2023-07-11T17:39:46Z", "event":"ShipLocker", "Items":[  ], "Components":[  ], "Consumables":[  ], "Data":[  ] }
{ "timestamp":"2023-07-11T17:39:46Z", "event":"Music", "MusicTrack":"DestinationFromSupercruise" }
{ "timestamp":"2023-07-11T17:39:51Z", "event":"Music", "MusicTrack":"Exploration" }
{ "timestamp":"2023-07-11T17:39:52Z", "event":"ReceiveText", "From":"Houssay Plant", "Message":"$STATION_NoFireZone_entered;", "Message_Localised":"Вы вошли в зону запрета огня", "Channel":"npc" }
{ "timestamp":"2023-07-11T17:39:55Z", "event":"DockingRequested", "MarketID":3228901120, "StationName":"Houssay Plant", "StationType":"Outpost", "LandingPads":{ "Small":2, "Medium":1, "Large":0 } }
{ "timestamp":"2023-07-11T17:39:55Z", "event":"ReceiveText", "From":"Houssay Plant", "Message":"$DockingChatter_Neutral;", "Message_Localised":"Строго соблюдайте правила поведения в порту, пилот.", "Channel":"npc" }
{ "timestamp":"2023-07-11T17:39:55Z", "event":"ReceiveText", "From":"Houssay Plant", "Message":"$STATION_docking_granted;", "Message_Localised":"Стыковка разрешена", "Channel":"npc" }
{ "timestamp":"2023-07-11T17:39:55Z", "event":"DockingGranted", "LandingPad":2, "MarketID":3228901120, "StationName":"Houssay Plant", "StationType":"Outpost" }
{ "timestamp":"2023-07-11T17:39:57Z", "event":"Music", "MusicTrack":"DockingComputer" }
{ "timestamp":"2023-07-11T17:40:45Z", "event":"Docked", "StationName":"Houssay Plant", "StationType":"Outpost", "Taxi":false, "Multicrew":false, "StarSystem":"V1703 Aquilae", "SystemAddress":5581343560410, "MarketID":3228901120, "StationFaction":{ "Name":"LTT 18486 Jet Energy Company", "FactionState":"Boom" }, "StationGovernment":"$government_Corporate;", "StationGovernment_Localised":"Корпоративная", "StationAllegiance":"Federation", "StationServices":[ "dock", "autodock", "commodities", "contacts", "exploration", "missions", "refuel", "repair", "tuning", "engineer", "missionsgenerated", "flightcontroller", "stationoperations", "powerplay", "searchrescue", "stationMenu", "socialspace", "bartender", "vistagenomics", "pioneersupplies", "apexinterstellar", "frontlinesolutions" ], "StationEconomy":"$economy_Refinery;", "StationEconomy_Localised":"Переработка", "StationEconomies":[ { "Name":"$economy_Refinery;", "Name_Localised":"Переработка", "Proportion":0.610000 }, { "Name":"$economy_Extraction;", "Name_Localised":"Добыча ископаемых", "Proportion":0.390000 } ], "DistFromStarLS":245.221208, "LandingPads":{ "Small":2, "Medium":1, "Large":0 } }
{ "timestamp":"2023-07-11T17:40:45Z", "event":"Music", "MusicTrack":"Exploration" }
{ "timestamp":"2023-07-11T17:40:48Z", "event":"RefuelAll", "Cost":29, "Amount":0.563137 }
{ "timestamp":"2023-07-11T17:40:49Z", "event":"RepairAll", "Cost":782 }
{ "timestamp":"2023-07-11T17:41:07Z", "event":"RedeemVoucher", "Type":"bounty", "Amount":1012475, "Factions":[ { "Faction":"LTT 18486 Jet Energy Company", "Amount":1012475 } ] }
{ "timestamp":"2023-07-11T17:43:19Z", "event":"Music", "MusicTrack":"GalaxyMap" }
{ "timestamp":"2023-07-11T17:43:25Z", "event":"Undocked", "StationName":"Houssay Plant", "StationType":"Outpost", "MarketID":3228901120, "Taxi":false, "Multicrew":false }
{ "timestamp":"2023-07-11T17:43:27Z", "event":"NavRoute" }
{ "timestamp":"2023-07-11T17:43:27Z", "event":"FSDTarget", "Name":"Delta Equulei", "SystemAddress":1728464275819, "StarClass":"F", "RemainingJumpsInRoute":1 }
{ "timestamp":"2023-07-11T17:43:32Z", "event":"Music", "MusicTrack":"DockingComputer" }
{ "timestamp":"2023-07-11T17:43:35Z", "event":"Music", "MusicTrack":"Exploration" }
{ "timestamp":"2023-07-11T17:44:11Z", "event":"StartJump", "JumpType":"Hyperspace", "Taxi":false, "StarSystem":"Delta Equulei", "SystemAddress":1728464275819, "StarClass":"F" }
{ "timestamp":"2023-07-11T17:44:16Z", "event":"ShipLocker", "Items":[  ], "Components":[  ], "Consumables":[  ], "Data":[  ] }
{ "timestamp":"2023-07-11T17:44:16Z", "event":"Music", "MusicTrack":"NoTrack" }
{ "timestamp":"2023-07-11T17:44:21Z", "event":"NavRouteClear" }
{ "timestamp":"2023-07-11T17:44:29Z", "event":"ReceiveText", "From":"", "Message":"$COMMS_entered:#name=Delta Equulei;", "Message_Localised":"Включенный канал: Delta Equulei", "Channel":"npc" }
{ "timestamp":"2023-07-11T17:44:29Z", "event":"FSSSignalDiscovered", "SystemAddress":1728464275819, "SignalName":"Principal Resources Agency" }
{ "timestamp":"2023-07-11T17:44:29Z", "event":"FSSSignalDiscovered", "SystemAddress":1728464275819, "SignalName":"Lafayette Crest" }
{ "timestamp":"2023-07-11T17:44:29Z", "event":"FSSSignalDiscovered", "SystemAddress":1728464275819, "SignalName":"Arcadia Security Chapter" }
{ "timestamp":"2023-07-11T17:44:29Z", "event":"FSSSignalDiscovered", "SystemAddress":1728464275819, "SignalName":"LP 638-58 Bellmarsh-class Reformatory" }
{ "timestamp":"2023-07-11T17:44:29Z", "event":"FSSSignalDiscovered", "SystemAddress":1728464275819, "SignalName":"$MULTIPLAYER_SCENARIO42_TITLE;", "SignalName_Localised":"Нав. маяк" }
{ "timestamp":"2023-07-11T17:44:29Z", "event":"FSDJump", "Taxi":false, "Multicrew":false, "StarSystem":"Delta Equulei", "SystemAddress":1728464275819, "StarPos":[-47.43750,-26.46875,26.18750], "SystemAllegiance":"Independent", "SystemEconomy":"$economy_Industrial;", "SystemEconomy_Localised":"Промышленность", "SystemSecondEconomy":"$economy_Refinery;", "SystemSecondEconomy_Localised":"Переработка", "SystemGovernment":"$government_Democracy;", "SystemGovernment_Localised":"Демократия", "SystemSecurity":"$SYSTEM_SECURITY_high;", "SystemSecurity_Localised":"Высок. ур. безопасности", "Population":5501158, "Body":"Delta Equulei", "BodyID":1, "BodyType":"Star", "JumpDist":20.079, "FuelUsed":2.077111, "FuelLevel":13.922890, "Factions":[ { "Name":"Social Delta Equulei Democrats", "FactionState":"None", "Government":"Democracy", "Influence":0.125125, "Allegiance":"Independent", "Happiness":"$Faction_HappinessBand2;", "Happiness_Localised":"Счастье", "MyReputation":0.000000 }, { "Name":"Delta Equulei Liberty Party", "FactionState":"None", "Government":"Dictatorship", "Influence":0.024024, "Allegiance":"Independent", "Happiness":"$Faction_HappinessBand2;", "Happiness_Localised":"Счастье", "MyReputation":0.000000 }, { "Name":"Delta Equulei Purple Power Hldgs", "FactionState":"None", "Government":"Corporate", "Influence":0.018018, "Allegiance":"Federation", "Happiness":"$Faction_HappinessBand2;", "Happiness_Localised":"Счастье", "MyReputation":0.000000 }, { "Name":"Wolf 865 Group", "FactionState":"None", "Government":"Corporate", "Influence":0.070070, "Allegiance":"Federation", "Happiness":"$Faction_HappinessBand2;", "Happiness_Localised":"Счастье", "MyReputation":0.000000 }, { "Name":"Delta Equulei Crimson Crew", "FactionState":"PublicHoliday", "Government":"Anarchy", "Influence":0.057057, "Allegiance":"Independent", "Happiness":"$Faction_HappinessBand1;", "Happiness_Localised":"Ликование", "MyReputation":0.000000, "ActiveStates":[ { "State":"PublicHoliday" } ] }, { "Name":"Delta Equulei Law Party", "FactionState":"None", "Government":"Dictatorship", "Influence":0.051051, "Allegiance":"Independent", "Happiness":"$Faction_HappinessBand2;", "Happiness_Localised":"Счастье", "MyReputation":0.000000 }, { "Name":"German Pilot Lounge", "FactionState":"Expansion", "Government":"Democracy", "Influence":0.654655, "Allegiance":"Independent", "Happiness":"$Faction_HappinessBand2;", "Happiness_Localised":"Счастье", "MyReputation":2.640000, "ActiveStates":[ { "State":"Expansion" } ] } ], "SystemFaction":{ "Name":"German Pilot Lounge", "FactionState":"Expansion" } }
{ "timestamp":"2023-07-11T17:44:29Z", "event":"ShipLocker", "Items":[  ], "Components":[  ], "Consumables":[  ], "Data":[  ] }
{ "timestamp":"2023-07-11T17:44:29Z", "event":"Music", "MusicTrack":"DestinationFromHyperspace" }
{ "timestamp":"2023-07-11T17:44:34Z", "event":"Music", "MusicTrack":"Supercruise" }
{ "timestamp":"2023-07-11T17:44:57Z", "event":"ReceiveText", "From":"$ShipName_PassengerLiner_Cruise;", "From_Localised":"Круизное судно", "Message":"$CruiseLiner_SCPatrol02;", "Message_Localised":"Пока мы движемся в пределах системы, приглашаем воспользоваться нашими бортовыми услугами.", "Channel":"npc" }
{ "timestamp":"2023-07-11T17:45:01Z", "event":"EngineerProgress", "Engineer":"Elvira Martuuk", "EngineerID":300160, "Progress":"Unlocked", "Rank":1 }
{ "timestamp":"2023-07-11T17:45:01Z", "event":"EngineerProgress", "Engineer":"Tod 'The Blaster' McQuinn", "EngineerID":300260, "Progress":"Unlocked", "Rank":1 }
{ "timestamp":"2023-07-11T17:45:39Z", "event":"ReceiveText", "From":"$ShipName_PassengerLiner_Cruise;", "From_Localised":"Круизное судно", "Message":"$CruiseLiner_SCPatrol03;", "Message_Localised":"В ходе сегодняшнего круиза вы увидите восхитительные пейзажи, а наши стюарды подробно расскажут вам обо всем.", "Channel":"npc" }
{ "timestamp":"2023-07-11T17:46:27Z", "event":"ReceiveText", "From":"$ShipName_PassengerLiner_Cruise;", "From_Localised":"Круизное судно", "Message":"$CruiseLiner_SCPatrol04;", "Message_Localised":"Прошу внимания: сейчас стюарды ознакомят вас с краткой техникой безопасности.", "Channel":"npc" }
{ "timestamp":"2023-07-11T17:47:01Z", "event":"SupercruiseDestinationDrop", "Type":"Bisson Hub", "Threat":0, "MarketID":3223954944 }
{ "timestamp":"2023-07-11T17:47:03Z", "event":"FSSSignalDiscovered", "SystemAddress":1728464275819, "SignalName":"Principal Resources Agency" }
{ "timestamp":"2023-07-11T17:47:03Z", "event":"FSSSignalDiscovered", "SystemAddress":1728464275819, "SignalName":"Lafayette Crest" }
{ "timestamp":"2023-07-11T17:47:03Z", "event":"FSSSignalDiscovered", "SystemAddress":1728464275819, "SignalName":"Arcadia Security Chapter" }
{ "timestamp":"2023-07-11T17:47:03Z", "event":"FSSSignalDiscovered", "SystemAddress":1728464275819, "SignalName":"LP 638-58 Bellmarsh-class Reformatory" }
{ "timestamp":"2023-07-11T17:47:03Z", "event":"FSSSignalDiscovered", "SystemAddress":1728464275819, "SignalName":"$MULTIPLAYER_SCENARIO42_TITLE;", "SignalName_Localised":"Нав. маяк" }
{ "timestamp":"2023-07-11T17:47:03Z", "event":"SupercruiseExit", "Taxi":false, "Multicrew":false, "StarSystem":"Delta Equulei", "SystemAddress":1728464275819, "Body":"Bisson Hub", "BodyID":35, "BodyType":"Station" }
{ "timestamp":"2023-07-11T17:47:03Z", "event":"ShipLocker", "Items":[  ], "Components":[  ], "Consumables":[  ], "Data":[  ] }
{ "timestamp":"2023-07-11T17:47:03Z", "event":"Music", "MusicTrack":"DestinationFromSupercruise" }
{ "timestamp":"2023-07-11T17:47:08Z", "event":"Music", "MusicTrack":"NoTrack" }
{ "timestamp":"2023-07-11T17:47:11Z", "event":"ReceiveText", "From":"Bisson Hub", "Message":"$STATION_NoFireZone_entered;", "Message_Localised":"Вы вошли в зону запрета огня", "Channel":"npc" }
{ "timestamp":"2023-07-11T17:47:13Z", "event":"DockingRequested", "MarketID":3223954944, "StationName":"Bisson Hub", "StationType":"Coriolis", "LandingPads":{ "Small":17, "Medium":18, "Large":9 } }
{ "timestamp":"2023-07-11T17:47:14Z", "event":"ReceiveText", "From":"Bisson Hub", "Message":"$DockingChatter_Neutral;", "Message_Localised":"Строго соблюдайте правила поведения в порту, пилот.", "Channel":"npc" }
{ "timestamp":"2023-07-11T17:47:14Z", "event":"ReceiveText", "From":"Bisson Hub", "Message":"$STATION_docking_granted;", "Message_Localised":"Стыковка разрешена", "Channel":"npc" }
{ "timestamp":"2023-07-11T17:47:14Z", "event":"DockingGranted", "LandingPad":1, "MarketID":3223954944, "StationName":"Bisson Hub", "StationType":"Coriolis" }
{ "timestamp":"2023-07-11T17:47:16Z", "event":"Music", "MusicTrack":"DockingComputer" }
{ "timestamp":"2023-07-11T17:47:40Z", "event":"ShipTargeted", "TargetLocked":true, "Ship":"viper", "Ship_Localised":"Viper Mk III", "ScanStage":0 }
{ "timestamp":"2023-07-11T17:47:40Z", "event":"ShipTargeted", "TargetLocked":true, "Ship":"viper", "Ship_Localised":"Viper Mk III", "ScanStage":1, "PilotName":"$ShipName_Police_Independent;", "PilotName_Localised":"Корабль властей системы", "PilotRank":"Elite" }
{ "timestamp":"2023-07-11T17:47:42Z", "event":"ShipTargeted", "TargetLocked":true, "Ship":"eagle", "ScanStage":0 }
{ "timestamp":"2023-07-11T17:47:42Z", "event":"ShipTargeted", "TargetLocked":true, "Ship":"eagle", "ScanStage":1, "PilotName":"$ShipName_Police_Independent;", "PilotName_Localised":"Корабль властей системы", "PilotRank":"Expert" }
{ "timestamp":"2023-07-11T17:47:47Z", "event":"ShipTargeted", "TargetLocked":true, "Ship":"sidewinder", "ScanStage":0 }
{ "timestamp":"2023-07-11T17:47:49Z", "event":"ShipTargeted", "TargetLocked":true, "Ship":"viper", "Ship_Localised":"Viper Mk III", "ScanStage":0 }
{ "timestamp":"2023-07-11T17:47:49Z", "event":"ShipTargeted", "TargetLocked":true, "Ship":"viper", "Ship_Localised":"Viper Mk III", "ScanStage":1, "PilotName":"$ShipName_Police_Independent;", "PilotName_Localised":"Корабль властей системы", "PilotRank":"Deadly" }
{ "timestamp":"2023-07-11T17:47:49Z", "event":"ShipTargeted", "TargetLocked":true, "Ship":"eagle", "ScanStage":0 }
{ "timestamp":"2023-07-11T17:47:49Z", "event":"ShipTargeted", "TargetLocked":true, "Ship":"eagle", "ScanStage":1, "PilotName":"$ShipName_Police_Independent;", "PilotName_Localised":"Корабль властей системы", "PilotRank":"Competent" }
{ "timestamp":"2023-07-11T17:47:50Z", "event":"ShipTargeted", "TargetLocked":true, "Ship":"cobramkiii", "Ship_Localised":"Cobra Mk III", "ScanStage":0 }
{ "timestamp":"2023-07-11T17:47:51Z", "event":"ShipTargeted", "TargetLocked":true, "Ship":"asp", "Ship_Localised":"Asp Explorer", "ScanStage":0 }
{ "timestamp":"2023-07-11T17:47:51Z", "event":"ShipTargeted", "TargetLocked":true, "Ship":"orca", "ScanStage":0 }
{ "timestamp":"2023-07-11T17:47:52Z", "event":"ShipTargeted", "TargetLocked":false }
{ "timestamp":"2023-07-11T17:48:13Z", "event":"Docked", "StationName":"Bisson Hub", "StationType":"Coriolis", "Taxi":false, "Multicrew":false, "StarSystem":"Delta Equulei", "SystemAddress":1728464275819, "MarketID":3223954944, "StationFaction":{ "Name":"German Pilot Lounge", "FactionState":"Expansion" }, "StationGovernment":"$government_Democracy;", "StationGovernment_Localised":"Демократия", "StationServices":[ "dock", "autodock", "blackmarket", "commodities", "contacts", "exploration", "missions", "outfitting", "crewlounge", "rearm", "refuel", "repair", "shipyard", "tuning", "engineer", "missionsgenerated", "flightcontroller", "stationoperations", "powerplay", "searchrescue", "materialtrader", "stationMenu", "shop", "livery", "socialspace", "bartender", "vistagenomics", "pioneersupplies", "apexinterstellar", "frontlinesolutions" ], "StationEconomy":"$economy_Industrial;", "StationEconomy_Localised":"Промышленность", "StationEconomies":[ { "Name":"$economy_Industrial;", "Name_Localised":"Промышленность", "Proportion":0.800000 }, { "Name":"$economy_Refinery;", "Name_Localised":"Переработка", "Proportion":0.200000 } ], "DistFromStarLS":1710.650294, "LandingPads":{ "Small":17, "Medium":18, "Large":9 } }
{ "timestamp":"2023-07-11T17:48:13Z", "event":"Music", "MusicTrack":"Starport" }
{ "timestamp":"2023-07-11T17:48:17Z", "event":"BuyAmmo", "Cost":1196 }
{ "timestamp":"2023-07-11T17:48:18Z", "event":"RefuelAll", "Cost":109, "Amount":2.167555 }
{ "timestamp":"2023-07-11T17:48:45Z", "event":"Outfitting", "MarketID":3223954944, "StationName":"Bisson Hub", "StarSystem":"Delta Equulei" }
{ "timestamp":"2023-07-11T17:48:45Z", "event":"StoredModules", "MarketID":3223954944, "StationName":"Bisson Hub", "StarSystem":"Delta Equulei", "Items":[ { "Name":"$int_dockingcomputer_advanced_name;", "Name_Localised":"Стыковочный компьютер", "StorageSlot":199, "StarSystem":"Fincien", "MarketID":3221748736, "TransferCost":100, "TransferTime":1002, "BuyPrice":0, "Hot":false }, { "Name":"$int_supercruiseassist_name;", "Name_Localised":"Помощь в гиперкрейсерском режиме", "StorageSlot":200, "StarSystem":"Fincien", "MarketID":3221748736, "TransferCost":100, "TransferTime":1002, "BuyPrice":0, "Hot":false }, { "Name":"$int_supercruiseassist_name;", "Name_Localised":"Помощь в гиперкрейсерском режиме", "StorageSlot":198, "StarSystem":"Fincien", "MarketID":3221748736, "TransferCost":140, "TransferTime":1002, "BuyPrice":9121, "Hot":false }, { "Name":"$int_shieldgenerator_size3_class5_name;", "Name_Localised":"Щитогенератор", "StorageSlot":196, "StarSystem":"Wolf 906", "MarketID":3224185344, "TransferCost":822, "TransferTime":503, "BuyPrice":507912, "Hot":false }, { "Name":"$int_hyperdrive_size4_class2_name;", "Name_Localised":"FSD", "StorageSlot":197, "StarSystem":"Djaui", "MarketID":3227289344, "TransferCost":426, "TransferTime":1178, "BuyPrice":59633, "Hot":false } ] }
{ "timestamp":"2023-07-11T17:49:36Z", "event":"ModuleBuy", "Slot":"TinyHardpoint2", "StoredItem":"$hpt_plasmapointdefence_turret_tiny_name;", "StoredItem_Localised":"Турель точечной обороны", "BuyItem":"$hpt_crimescanner_size0_class2_name;", "BuyItem_Localised":"Сканер преступников", "MarketID":3223954944, "BuyPrice":40633, "Ship":"cobramkiii", "ShipID":3 }
{ "timestamp":"2023-07-11T17:49:42Z", "event":"ShieldState", "ShieldsUp":false }
{ "timestamp":"2023-07-11T17:49:44Z", "event":"Loadout", "Ship":"cobramkiii", "ShipID":3, "ShipName":"", "ShipIdent":"DE-11C", "HullValue":349718, "ModulesValue":4391743, "HullHealth":1.000000, "UnladenMass":230.600006, "CargoCapacity":40, "MaxJumpRange":24.789576, "FuelCapacity":{ "Main":16.000000, "Reserve":0.490000 }, "Rebuy":236148, "Modules":[ { "Slot":"MediumHardpoint1", "Item":"hpt_pulselaserburst_fixed_medium", "On":true, "Priority":0, "Health":1.000000, "Value":23000 }, { "Slot":"MediumHardpoint2", "Item":"hpt_pulselaserburst_fixed_medium", "On":true, "Priority":0, "Health":1.000000, "Value":23000 }, { "Slot":"SmallHardpoint1", "Item":"hpt_pulselaser_fixed_small", "On":true, "Priority":0, "Health":1.000000 }, { "Slot":"SmallHardpoint2", "Item":"hpt_pulselaser_fixed_small", "On":true, "Priority":0, "Health":1.000000 }, { "Slot":"TinyHardpoint1", "Item":"hpt_chafflauncher_tiny", "On":true, "Priority":0, "AmmoInClip":1, "AmmoInHopper":10, "Health":1.000000, "Value":8500 }, { "Slot":"TinyHardpoint2", "Item":"hpt_crimescanner_size0_class2", "On":true, "Priority":0, "Health":1.000000, "Value":18546 }, { "Slot":"PaintJob", "Item":"paintjob_cobramkiii_lrpo_azure", "On":true, "Priority":1, "Health":1.000000 }, { "Slot":"Armour", "Item":"cobramkiii_armour_grade1", "On":true, "Priority":1, "Health":1.000000 }, { "Slot":"PowerPlant", "Item":"int_powerplant_size3_class5", "On":true, "Priority":1, "Health":1.000000, "Value":480411 }, { "Slot":"MainEngines", "Item":"int_engine_size4_class2", "On":true, "Priority":0, "Health":1.000000, "Value":59633 }, { "Slot":"FrameShiftDrive", "Item":"int_hyperdrive_size4_class5", "On":true, "Priority":0, "Health":1.000000, "Value":1610080 }, { "Slot":"LifeSupport", "Item":"int_lifesupport_size3_class2", "On":true, "Priority":0, "Health":1.000000, "Value":10133 }, { "Slot":"PowerDistributor", "Item":"int_powerdistributor_size3_class5", "On":true, "Priority":0, "Health":1.000000, "Value":158331 }, { "Slot":"Radar", "Item":"int_sensors_size3_class2", "On":true, "Priority":0, "Health":1.000000, "Value":10133 }, { "Slot":"FuelTank", "Item":"int_fueltank_size4_class3", "On":true, "Priority":1, "Health":1.000000 }, { "Slot":"Slot01_Size4", "Item":"int_shieldgenerator_size4_class5", "On":true, "Priority":0, "Health":1.000000, "Value":1610080 }, { "Slot":"Slot02_Size4", "Item":"int_cargorack_size4_class1", "On":true, "Priority":1, "Health":1.000000, "Value":34328 }, { "Slot":"Slot03_Size4", "Item":"int_cargorack_size4_class1", "On":true, "Priority":1, "Health":1.000000, "Value":34328 }, { "Slot":"Slot04_Size2", "Item":"int_cargorack_size2_class1", "On":true, "Priority":1, "Health":1.000000, "Value":3250 }, { "Slot":"Slot05_Size2", "Item":"int_cargorack_size2_class1", "On":true, "Priority":1, "Health":1.000000, "Value":3250 }, { "Slot":"Slot06_Size2", "Item":"int_dronecontrol_collection_size1_class1", "On":true, "Priority":0, "Health":1.000000, "Value":600 }, { "Slot":"Slot07_Size1", "Item":"int_detailedsurfacescanner_tiny", "On":true, "Priority":0, "Health":1.000000, "Value":250000 }, { "Slot":"Slot08_Size1", "Item":"int_dockingcomputer_advanced", "On":true, "Priority":4, "Health":1.000000, "Value":13507 }, { "Slot":"PlanetaryApproachSuite", "Item":"int_planetapproachsuite_advanced", "On":true, "Priority":1, "Health":1.000000 }, { "Slot":"Bobble04", "Item":"bobble_pilotmale", "On":true, "Priority":1, "Health":1.000000 }, { "Slot":"Bobble05", "Item":"bobble_pilotmale", "On":true, "Priority":1, "Health":1.000000 }, { "Slot":"Bobble06", "Item":"bobble_pilotmale", "On":true, "Priority":1, "Health":1.000000 }, { "Slot":"Bobble07", "Item":"bobble_pilotmale", "On":true, "Priority":1, "Health":1.000000 }, { "Slot":"VesselVoice", "Item":"voicepack_verity", "On":true, "Priority":1, "Health":1.000000 }, { "Slot":"ShipCockpit", "Item":"cobramkiii_cockpit", "On":true, "Priority":1, "Health":1.000000 }, { "Slot":"CargoHatch", "Item":"modularcargobaydoor", "On":true, "Priority":2, "Health":1.000000 } ] }
{ "timestamp":"2023-07-11T17:49:47Z", "event":"ShieldState", "ShieldsUp":true }
{ "timestamp":"2023-07-11T17:51:55Z", "event":"Outfitting", "MarketID":3223954944, "StationName":"Bisson Hub", "StarSystem":"Delta Equulei" }
{ "timestamp":"2023-07-11T17:51:55Z", "event":"StoredModules", "MarketID":3223954944, "StationName":"Bisson Hub", "StarSystem":"Delta Equulei", "Items":[ { "Name":"$hpt_plasmapointdefence_turret_tiny_name;", "Name_Localised":"Турель точечной обороны", "StorageSlot":195, "StarSystem":"Delta Equulei", "MarketID":3223954944, "TransferCost":0, "TransferTime":0, "BuyPrice":18546, "Hot":false }, { "Name":"$int_dockingcomputer_advanced_name;", "Name_Localised":"Стыковочный компьютер", "StorageSlot":199, "StarSystem":"Fincien", "MarketID":3221748736, "TransferCost":100, "TransferTime":1002, "BuyPrice":0, "Hot":false }, { "Name":"$int_supercruiseassist_name;", "Name_Localised":"Помощь в гиперкрейсерском режиме", "StorageSlot":200, "StarSystem":"Fincien", "MarketID":3221748736, "TransferCost":100, "TransferTime":1002, "BuyPrice":0, "Hot":false }, { "Name":"$int_supercruiseassist_name;", "Name_Localised":"Помощь в гиперкрейсерском режиме", "StorageSlot":198, "StarSystem":"Fincien", "MarketID":3221748736, "TransferCost":140, "TransferTime":1002, "BuyPrice":9121, "Hot":false }, { "Name":"$int_shieldgenerator_size3_class5_name;", "Name_Localised":"Щитогенератор", "StorageSlot":196, "StarSystem":"Wolf 906", "MarketID":3224185344, "TransferCost":822, "TransferTime":503, "BuyPrice":507912, "Hot":false }, { "Name":"$int_hyperdrive_size4_class2_name;", "Name_Localised":"FSD", "StorageSlot":197, "StarSystem":"Djaui", "MarketID":3227289344, "TransferCost":426, "TransferTime":1178, "BuyPrice":59633, "Hot":false } ] }
{ "timestamp":"2023-07-11T17:52:10Z", "event":"ModuleBuy", "Slot":"PowerPlant", "StoredItem":"$int_powerplant_size3_class5_name;", "StoredItem_Localised":"Силовая установка", "BuyItem":"$int_powerplant_size4_class5_name;", "BuyItem_Localised":"Силовая установка", "MarketID":3223954944, "BuyPrice":1441233, "Ship":"cobramkiii", "ShipID":3 }
{ "timestamp":"2023-07-11T17:52:11Z", "event":"ShieldState", "ShieldsUp":false }
{ "timestamp":"2023-07-11T17:52:13Z", "event":"ShieldState", "ShieldsUp":true }
{ "timestamp":"2023-07-11T17:52:32Z", "event":"Loadout", "Ship":"cobramkiii", "ShipID":3, "ShipName":"", "ShipIdent":"DE-11C", "HullValue":349718, "ModulesValue":5832976, "HullHealth":1.000000, "UnladenMass":233.100006, "CargoCapacity":40, "MaxJumpRange":24.527084, "FuelCapacity":{ "Main":16.000000, "Reserve":0.490000 }, "Rebuy":284189, "Modules":[ { "Slot":"MediumHardpoint1", "Item":"hpt_pulselaserburst_fixed_medium", "On":true, "Priority":0, "Health":1.000000, "Value":23000 }, { "Slot":"MediumHardpoint2", "Item":"hpt_pulselaserburst_fixed_medium", "On":true, "Priority":0, "Health":1.000000, "Value":23000 }, { "Slot":"SmallHardpoint1", "Item":"hpt_pulselaser_fixed_small", "On":true, "Priority":0, "Health":1.000000 }, { "Slot":"SmallHardpoint2", "Item":"hpt_pulselaser_fixed_small", "On":true, "Priority":0, "Health":1.000000 }, { "Slot":"TinyHardpoint1", "Item":"hpt_chafflauncher_tiny", "On":true, "Priority":0, "AmmoInClip":1, "AmmoInHopper":10, "Health":1.000000, "Value":8500 }, { "Slot":"TinyHardpoint2", "Item":"hpt_crimescanner_size0_class2", "On":true, "Priority":0, "Health":1.000000, "Value":18546 }, { "Slot":"PaintJob", "Item":"paintjob_cobramkiii_lrpo_azure", "On":true, "Priority":1, "Health":1.000000 }, { "Slot":"Armour", "Item":"cobramkiii_armour_grade1", "On":true, "Priority":1, "Health":1.000000 }, { "Slot":"PowerPlant", "Item":"int_powerplant_size4_class5", "On":true, "Priority":1, "Health":1.000000, "Value":480411 }, { "Slot":"MainEngines", "Item":"int_engine_size4_class2", "On":true, "Priority":0, "Health":1.000000, "Value":59633 }, { "Slot":"FrameShiftDrive", "Item":"int_hyperdrive_size4_class5", "On":true, "Priority":4, "Health":1.000000, "Value":1610080 }, { "Slot":"LifeSupport", "Item":"int_lifesupport_size3_class2", "On":true, "Priority":0, "Health":1.000000, "Value":10133 }, { "Slot":"PowerDistributor", "Item":"int_powerdistributor_size3_class5", "On":true, "Priority":0, "Health":1.000000, "Value":158331 }, { "Slot":"Radar", "Item":"int_sensors_size3_class2", "On":true, "Priority":0, "Health":1.000000, "Value":10133 }, { "Slot":"FuelTank", "Item":"int_fueltank_size4_class3", "On":true, "Priority":1, "Health":1.000000 }, { "Slot":"Slot01_Size4", "Item":"int_shieldgenerator_size4_class5", "On":true, "Priority":0, "Health":1.000000, "Value":1610080 }, { "Slot":"Slot02_Size4", "Item":"int_cargorack_size4_class1", "On":true, "Priority":1, "Health":1.000000, "Value":34328 }, { "Slot":"Slot03_Size4", "Item":"int_cargorack_size4_class1", "On":true, "Priority":1, "Health":1.000000, "Value":34328 }, { "Slot":"Slot04_Size2", "Item":"int_cargorack_size2_class1", "On":true, "Priority":1, "Health":1.000000, "Value":3250 }, { "Slot":"Slot05_Size2", "Item":"int_cargorack_size2_class1", "On":true, "Priority":1, "Health":1.000000, "Value":3250 }, { "Slot":"Slot06_Size2", "Item":"int_dronecontrol_collection_size1_class1", "On":true, "Priority":0, "Health":1.000000, "Value":600 }, { "Slot":"Slot07_Size1", "Item":"int_detailedsurfacescanner_tiny", "On":true, "Priority":0, "Health":1.000000, "Value":250000 }, { "Slot":"Slot08_Size1", "Item":"int_dockingcomputer_advanced", "On":true, "Priority":4, "Health":1.000000, "Value":13507 }, { "Slot":"PlanetaryApproachSuite", "Item":"int_planetapproachsuite_advanced", "On":true, "Priority":1, "Health":1.000000 }, { "Slot":"Bobble04", "Item":"bobble_pilotmale", "On":true, "Priority":1, "Health":1.000000 }, { "Slot":"Bobble05", "Item":"bobble_pilotmale", "On":true, "Priority":1, "Health":1.000000 }, { "Slot":"Bobble06", "Item":"bobble_pilotmale", "On":true, "Priority":1, "Health":1.000000 }, { "Slot":"Bobble07", "Item":"bobble_pilotmale", "On":true, "Priority":1, "Health":1.000000 }, { "Slot":"VesselVoice", "Item":"voicepack_verity", "On":true, "Priority":1, "Health":1.000000 }, { "Slot":"ShipCockpit", "Item":"cobramkiii_cockpit", "On":true, "Priority":1, "Health":1.000000 }, { "Slot":"CargoHatch", "Item":"modularcargobaydoor", "On":true, "Priority":4, "Health":1.000000 } ] }
{ "timestamp":"2023-07-11T17:52:45Z", "event":"Outfitting", "MarketID":3223954944, "StationName":"Bisson Hub", "StarSystem":"Delta Equulei" }
{ "timestamp":"2023-07-11T17:52:45Z", "event":"StoredModules", "MarketID":3223954944, "StationName":"Bisson Hub", "StarSystem":"Delta Equulei", "Items":[ { "Name":"$hpt_plasmapointdefence_turret_tiny_name;", "Name_Localised":"Турель точечной обороны", "StorageSlot":195, "StarSystem":"Delta Equulei", "MarketID":3223954944, "TransferCost":0, "TransferTime":0, "BuyPrice":18546, "Hot":false }, { "Name":"$int_dockingcomputer_advanced_name;", "Name_Localised":"Стыковочный компьютер", "StorageSlot":199, "StarSystem":"Fincien", "MarketID":3221748736, "TransferCost":100, "TransferTime":1002, "BuyPrice":0, "Hot":false }, { "Name":"$int_supercruiseassist_name;", "Name_Localised":"Помощь в гиперкрейсерском режиме", "StorageSlot":200, "StarSystem":"Fincien", "MarketID":3221748736, "TransferCost":100, "TransferTime":1002, "BuyPrice":0, "Hot":false }, { "Name":"$int_supercruiseassist_name;", "Name_Localised":"Помощь в гиперкрейсерском режиме", "StorageSlot":198, "StarSystem":"Fincien", "MarketID":3221748736, "TransferCost":140, "TransferTime":1002, "BuyPrice":9121, "Hot":false }, { "Name":"$int_powerplant_size3_class5_name;", "Name_Localised":"Силовая установка", "StorageSlot":194, "StarSystem":"Delta Equulei", "MarketID":3223954944, "TransferCost":0, "TransferTime":0, "BuyPrice":480411, "Hot":false }, { "Name":"$int_shieldgenerator_size3_class5_name;", "Name_Localised":"Щитогенератор", "StorageSlot":196, "StarSystem":"Wolf 906", "MarketID":3224185344, "TransferCost":822, "TransferTime":503, "BuyPrice":507912, "Hot":false }, { "Name":"$int_hyperdrive_size4_class2_name;", "Name_Localised":"FSD", "StorageSlot":197, "StarSystem":"Djaui", "MarketID":3227289344, "TransferCost":426, "TransferTime":1178, "BuyPrice":59633, "Hot":false } ] }
{ "timestamp":"2023-07-11T17:52:58Z", "event":"ModuleSellRemote", "StorageSlot":194, "SellItem":"$int_powerplant_size3_class5_name;", "SellItem_Localised":"Силовая установка", "ServerId":128064042, "SellPrice":480411, "Ship":"cobramkiii", "ShipID":3 }
{ "timestamp":"2023-07-11T17:52:58Z", "event":"StoredModules", "MarketID":3223954944, "StationName":"Bisson Hub", "StarSystem":"Delta Equulei", "Items":[ { "Name":"$hpt_plasmapointdefence_turret_tiny_name;", "Name_Localised":"Турель точечной обороны", "StorageSlot":195, "StarSystem":"Delta Equulei", "MarketID":3223954944, "TransferCost":0, "TransferTime":0, "BuyPrice":18546, "Hot":false }, { "Name":"$int_dockingcomputer_advanced_name;", "Name_Localised":"Стыковочный компьютер", "StorageSlot":199, "StarSystem":"Fincien", "MarketID":3221748736, "TransferCost":100, "TransferTime":1002, "BuyPrice":0, "Hot":false }, { "Name":"$int_supercruiseassist_name;", "Name_Localised":"Помощь в гиперкрейсерском режиме", "StorageSlot":200, "StarSystem":"Fincien", "MarketID":3221748736, "TransferCost":100, "TransferTime":1002, "BuyPrice":0, "Hot":false }, { "Name":"$int_supercruiseassist_name;", "Name_Localised":"Помощь в гиперкрейсерском режиме", "StorageSlot":198, "StarSystem":"Fincien", "MarketID":3221748736, "TransferCost":140, "TransferTime":1002, "BuyPrice":9121, "Hot":false }, { "Name":"$int_shieldgenerator_size3_class5_name;", "Name_Localised":"Щитогенератор", "StorageSlot":196, "StarSystem":"Wolf 906", "MarketID":3224185344, "TransferCost":822, "TransferTime":503, "BuyPrice":507912, "Hot":false }, { "Name":"$int_hyperdrive_size4_class2_name;", "Name_Localised":"FSD", "StorageSlot":197, "StarSystem":"Djaui", "MarketID":3227289344, "TransferCost":426, "TransferTime":1178, "BuyPrice":59633, "Hot":false } ] }
{ "timestamp":"2023-07-11T17:53:43Z", "event":"Outfitting", "MarketID":3223954944, "StationName":"Bisson Hub", "StarSystem":"Delta Equulei" }
{ "timestamp":"2023-07-11T17:53:43Z", "event":"StoredModules", "MarketID":3223954944, "StationName":"Bisson Hub", "StarSystem":"Delta Equulei", "Items":[ { "Name":"$hpt_plasmapointdefence_turret_tiny_name;", "Name_Localised":"Турель точечной обороны", "StorageSlot":195, "StarSystem":"Delta Equulei", "MarketID":3223954944, "TransferCost":0, "TransferTime":0, "BuyPrice":18546, "Hot":false }, { "Name":"$int_dockingcomputer_advanced_name;", "Name_Localised":"Стыковочный компьютер", "StorageSlot":199, "StarSystem":"Fincien", "MarketID":3221748736, "TransferCost":100, "TransferTime":1002, "BuyPrice":0, "Hot":false }, { "Name":"$int_supercruiseassist_name;", "Name_Localised":"Помощь в гиперкрейсерском режиме", "StorageSlot":200, "StarSystem":"Fincien", "MarketID":3221748736, "TransferCost":100, "TransferTime":1002, "BuyPrice":0, "Hot":false }, { "Name":"$int_supercruiseassist_name;", "Name_Localised":"Помощь в гиперкрейсерском режиме", "StorageSlot":198, "StarSystem":"Fincien", "MarketID":3221748736, "TransferCost":140, "TransferTime":1002, "BuyPrice":9121, "Hot":false }, { "Name":"$int_shieldgenerator_size3_class5_name;", "Name_Localised":"Щитогенератор", "StorageSlot":196, "StarSystem":"Wolf 906", "MarketID":3224185344, "TransferCost":822, "TransferTime":503, "BuyPrice":507912, "Hot":false }, { "Name":"$int_hyperdrive_size4_class2_name;", "Name_Localised":"FSD", "StorageSlot":197, "StarSystem":"Djaui", "MarketID":3227289344, "TransferCost":426, "TransferTime":1178, "BuyPrice":59633, "Hot":false } ] }
{ "timestamp":"2023-07-11T17:53:51Z", "event":"ModuleBuy", "Slot":"MainEngines", "StoredItem":"$int_engine_size4_class2_name;", "StoredItem_Localised":"Маневровые двигатели", "BuyItem":"$int_engine_size4_class5_name;", "BuyItem_Localised":"Маневровые двигатели", "MarketID":3223954944, "BuyPrice":1610080, "Ship":"cobramkiii", "ShipID":3 }
{ "timestamp":"2023-07-11T17:54:17Z", "event":"ModuleSellRemote", "StorageSlot":196, "SellItem":"$int_shieldgenerator_size3_class5_name;", "SellItem_Localised":"Щитогенератор", "ServerId":128064272, "SellPrice":507912, "Ship":"cobramkiii", "ShipID":3 }
{ "timestamp":"2023-07-11T17:54:17Z", "event":"StoredModules", "MarketID":3223954944, "StationName":"Bisson Hub", "StarSystem":"Delta Equulei", "Items":[ { "Name":"$hpt_plasmapointdefence_turret_tiny_name;", "Name_Localised":"Турель точечной обороны", "StorageSlot":195, "StarSystem":"Delta Equulei", "MarketID":3223954944, "TransferCost":0, "TransferTime":0, "BuyPrice":18546, "Hot":false }, { "Name":"$int_dockingcomputer_advanced_name;", "Name_Localised":"Стыковочный компьютер", "StorageSlot":199, "StarSystem":"Fincien", "MarketID":3221748736, "TransferCost":100, "TransferTime":1002, "BuyPrice":0, "Hot":false }, { "Name":"$int_supercruiseassist_name;", "Name_Localised":"Помощь в гиперкрейсерском режиме", "StorageSlot":200, "StarSystem":"Fincien", "MarketID":3221748736, "TransferCost":100, "TransferTime":1002, "BuyPrice":0, "Hot":false }, { "Name":"$int_supercruiseassist_name;", "Name_Localised":"Помощь в гиперкрейсерском режиме", "StorageSlot":198, "StarSystem":"Fincien", "MarketID":3221748736, "TransferCost":140, "TransferTime":1002, "BuyPrice":9121, "Hot":false }, { "Name":"$int_engine_size4_class2_name;", "Name_Localised":"Маневровые двигатели", "StorageSlot":194, "StarSystem":"Delta Equulei", "MarketID":3223954944, "TransferCost":0, "TransferTime":0, "BuyPrice":59633, "Hot":false }, { "Name":"$int_hyperdrive_size4_class2_name;", "Name_Localised":"FSD", "StorageSlot":197, "StarSystem":"Djaui", "MarketID":3227289344, "TransferCost":426, "TransferTime":1178, "BuyPrice":59633, "Hot":false } ] }
{ "timestamp":"2023-07-11T17:54:31Z", "event":"ModuleBuy", "Slot":"Radar", "StoredItem":"$int_sensors_size3_class2_name;", "StoredItem_Localised":"Сенсоры", "BuyItem":"$int_sensors_size3_class5_name;", "BuyItem_Localised":"Сенсоры", "MarketID":3223954944, "BuyPrice":158331, "Ship":"cobramkiii", "ShipID":3 }
{ "timestamp":"2023-07-11T17:54:35Z", "event":"Loadout", "Ship":"cobramkiii", "ShipID":3, "ShipName":"", "ShipIdent":"DE-11C", "HullValue":349718, "ModulesValue":7601387, "HullHealth":1.000000, "UnladenMass":242.100006, "CargoCapacity":40, "MaxJumpRange":23.626457, "FuelCapacity":{ "Main":16.000000, "Reserve":0.490000 }, "Rebuy":369121, "Modules":[ { "Slot":"MediumHardpoint1", "Item":"hpt_pulselaserburst_fixed_medium", "On":true, "Priority":0, "Health":1.000000, "Value":23000 }, { "Slot":"MediumHardpoint2", "Item":"hpt_pulselaserburst_fixed_medium", "On":true, "Priority":0, "Health":1.000000, "Value":23000 }, { "Slot":"SmallHardpoint1", "Item":"hpt_pulselaser_fixed_small", "On":true, "Priority":0, "Health":1.000000 }, { "Slot":"SmallHardpoint2", "Item":"hpt_pulselaser_fixed_small", "On":true, "Priority":0, "Health":1.000000 }, { "Slot":"TinyHardpoint1", "Item":"hpt_chafflauncher_tiny", "On":true, "Priority":0, "AmmoInClip":1, "AmmoInHopper":10, "Health":1.000000, "Value":8500 }, { "Slot":"TinyHardpoint2", "Item":"hpt_crimescanner_size0_class2", "On":true, "Priority":0, "Health":1.000000, "Value":18546 }, { "Slot":"PaintJob", "Item":"paintjob_cobramkiii_lrpo_azure", "On":true, "Priority":1, "Health":1.000000 }, { "Slot":"Armour", "Item":"cobramkiii_armour_grade1", "On":true, "Priority":1, "Health":1.000000 }, { "Slot":"PowerPlant", "Item":"int_powerplant_size4_class5", "On":true, "Priority":1, "Health":1.000000, "Value":480411 }, { "Slot":"MainEngines", "Item":"int_engine_size4_class5", "On":true, "Priority":0, "Health":1.000000, "Value":59633 }, { "Slot":"FrameShiftDrive", "Item":"int_hyperdrive_size4_class5", "On":true, "Priority":4, "Health":1.000000, "Value":1610080 }, { "Slot":"LifeSupport", "Item":"int_lifesupport_size3_class2", "On":true, "Priority":0, "Health":1.000000, "Value":10133 }, { "Slot":"PowerDistributor", "Item":"int_powerdistributor_size3_class5", "On":true, "Priority":0, "Health":1.000000, "Value":158331 }, { "Slot":"Radar", "Item":"int_sensors_size3_class5", "On":true, "Priority":0, "Health":1.000000, "Value":10133 }, { "Slot":"FuelTank", "Item":"int_fueltank_size4_class3", "On":true, "Priority":1, "Health":1.000000 }, { "Slot":"Slot01_Size4", "Item":"int_shieldgenerator_size4_class5", "On":true, "Priority":0, "Health":1.000000, "Value":1610080 }, { "Slot":"Slot02_Size4", "Item":"int_cargorack_size4_class1", "On":true, "Priority":1, "Health":1.000000, "Value":34328 }, { "Slot":"Slot03_Size4", "Item":"int_cargorack_size4_class1", "On":true, "Priority":1, "Health":1.000000, "Value":34328 }, { "Slot":"Slot04_Size2", "Item":"int_cargorack_size2_class1", "On":true, "Priority":1, "Health":1.000000, "Value":3250 }, { "Slot":"Slot05_Size2", "Item":"int_cargorack_size2_class1", "On":true, "Priority":1, "Health":1.000000, "Value":3250 }, { "Slot":"Slot06_Size2", "Item":"int_dronecontrol_collection_size1_class1", "On":true, "Priority":0, "Health":1.000000, "Value":600 }, { "Slot":"Slot07_Size1", "Item":"int_detailedsurfacescanner_tiny", "On":true, "Priority":0, "Health":1.000000, "Value":250000 }, { "Slot":"Slot08_Size1", "Item":"int_dockingcomputer_advanced", "On":true, "Priority":4, "Health":1.000000, "Value":13507 }, { "Slot":"PlanetaryApproachSuite", "Item":"int_planetapproachsuite_advanced", "On":true, "Priority":1, "Health":1.000000 }, { "Slot":"Bobble04", "Item":"bobble_pilotmale", "On":true, "Priority":1, "Health":1.000000 }, { "Slot":"Bobble05", "Item":"bobble_pilotmale", "On":true, "Priority":1, "Health":1.000000 }, { "Slot":"Bobble06", "Item":"bobble_pilotmale", "On":true, "Priority":1, "Health":1.000000 }, { "Slot":"Bobble07", "Item":"bobble_pilotmale", "On":true, "Priority":1, "Health":1.000000 }, { "Slot":"VesselVoice", "Item":"voicepack_verity", "On":true, "Priority":1, "Health":1.000000 }, { "Slot":"ShipCockpit", "Item":"cobramkiii_cockpit", "On":true, "Priority":1, "Health":1.000000 }, { "Slot":"CargoHatch", "Item":"modularcargobaydoor", "On":true, "Priority":4, "Health":1.000000 } ] }
{ "timestamp":"2023-07-11T17:54:36Z", "event":"ModuleInfo" }
{ "timestamp":"2023-07-11T17:54:58Z", "event":"Music", "MusicTrack":"GalaxyMap" }
