{ "timestamp":"2023-07-31T03:27:13Z", "event":"Fileheader", "part":1, "language":"Russian/RU", "Odyssey":true, "gameversion":"4.0.0.1502", "build":"r294054/r0 " }
{ "timestamp":"2023-07-31T03:27:41Z", "event":"Commander", "FID":"F5726016", "Name":"DEE.COVAN" }
{ "timestamp":"2023-07-31T03:27:41Z", "event":"Materials", "Raw":[ { "Name":"sulphur", "Name_Localised":"Сера", "Count":202 }, { "Name":"carbon", "Name_Localised":"Углерод", "Count":152 }, { "Name":"chromium", "Name_Localised":"Хром", "Count":193 }, { "Name":"phosphorus", "Name_Localised":"Фосфор", "Count":117 }, { "Name":"nickel", "Name_Localised":"Никель", "Count":133 }, { "Name":"vanadium", "Name_Localised":"Ванадий", "Count":45 }, { "Name":"niobium", "Name_Localised":"Ниобий", "Count":19 }, { "Name":"iron", "Name_Localised":"Железо", "Count":190 }, { "Name":"cadmium", "Name_Localised":"Кадмий", "Count":58 }, { "Name":"technetium", "Name_Localised":"Технеций", "Count":3 }, { "Name":"manganese", "Name_Localised":"Марганец", "Count":128 }, { "Name":"germanium", "Name_Localised":"Германий", "Count":51 }, { "Name":"selenium", "Name_Localised":"Селен", "Count":1 }, { "Name":"tungsten", "Name_Localised":"Вольфрам", "Count":30 }, { "Name":"molybdenum", "Name_Localised":"Молибден", "Count":34 }, { "Name":"mercury", "Name_Localised":"Ртуть", "Count":35 }, { "Name":"yttrium", "Name_Localised":"Иттрий", "Count":150 }, { "Name":"arsenic", "Name_Localised":"Мышьяк", "Count":37 }, { "Name":"ruthenium", "Name_Localised":"Рутений", "Count":3 }, { "Name":"rhenium", "Name_Localised":"Рений", "Count":45 }, { "Name":"zinc", "Name_Localised":"Цинк", "Count":65 }, { "Name":"tin", "Name_Localised":"Олово", "Count":16 }, { "Name":"tellurium", "Name_Localised":"Теллур", "Count":3 }, { "Name":"antimony", "Name_Localised":"Сурьма", "Count":6 }, { "Name":"lead", "Name_Localised":"Свинец", "Count":81 }, { "Name":"zirconium", "Name_Localised":"Цирконий", "Count":30 }, { "Name":"boron", "Name_Localised":"Бор", "Count":9 }, { "Name":"polonium", "Name_Localised":"Полоний", "Count":1 } ], "Manufactured":[ { "Name":"shieldemitters", "Name_Localised":"Щитоизлучатели", "Count":33 }, { "Name":"mechanicalcomponents", "Name_Localised":"Механические компоненты", "Count":10 }, { "Name":"mechanicalequipment", "Name_Localised":"Механическое оборудование", "Count":17 }, { "Name":"highdensitycomposites", "Name_Localised":"Высокоплотностные композиты", "Count":6 }, { "Name":"protolightalloys", "Name_Localised":"Опытные легкие сплавы", "Count":1 }, { "Name":"protoradiolicalloys", "Name_Localised":"Сплавы для изготовления зондов", "Count":1 }, { "Name":"wornshieldemitters", "Name_Localised":"Изношенные щитоизлучатели", "Count":91 }, { "Name":"uncutfocuscrystals", "Name_Localised":"Поврежденные фокусировочные кристаллы", "Count":12 }, { "Name":"phasealloys", "Name_Localised":"Фазовые сплавы", "Count":12 }, { "Name":"galvanisingalloys", "Name_Localised":"Сплавы для гальванизации", "Count":36 }, { "Name":"crystalshards", "Name_Localised":"Осколки кристаллов", "Count":57 }, { "Name":"temperedalloys", "Name_Localised":"Закаленные сплавы", "Count":48 }, { "Name":"compactcomposites", "Name_Localised":"Спрессованные композиты", "Count":36 }, { "Name":"chemicalprocessors", "Name_Localised":"Оборудование для химобработки", "Count":21 }, { "Name":"filamentcomposites", "Name_Localised":"Волокнистые композиты", "Count":15 }, { "Name":"heatresistantceramics", "Name_Localised":"Жаропрочная керамика", "Count":24 }, { "Name":"shieldingsensors", "Name_Localised":"Сенсоры системы экранирования", "Count":13 }, { "Name":"salvagedalloys", "Name_Localised":"Захваченные сплавы", "Count":45 }, { "Name":"compoundshielding", "Name_Localised":"Многоступенчатая защита", "Count":3 }, { "Name":"focuscrystals", "Name_Localised":"Фокусировочные кристаллы", "Count":6 }, { "Name":"precipitatedalloys", "Name_Localised":"Осажденные сплавы", "Count":9 }, { "Name":"chemicaldistillery", "Name_Localised":"Оборудование для перегонки химикатов", "Count":8 }, { "Name":"thermicalloys", "Name_Localised":"Термические сплавы", "Count":1 }, { "Name":"refinedfocuscrystals", "Name_Localised":"Обработанные фокусировочные кристаллы", "Count":1 }, { "Name":"heatvanes", "Name_Localised":"Тепловые заслонки", "Count":1 }, { "Name":"chemicalstorageunits", "Name_Localised":"Контейнеры для химикатов", "Count":42 }, { "Name":"gridresistors", "Name_Localised":"Наборные резисторы", "Count":57 }, { "Name":"hybridcapacitors", "Name_Localised":"Гибридные конденсаторы", "Count":15 }, { "Name":"polymercapacitors", "Name_Localised":"Полимерные конденсаторы", "Count":1 }, { "Name":"chemicalmanipulators", "Name_Localised":"Манипуляторы для работы с химикатами", "Count":1 }, { "Name":"mechanicalscrap", "Name_Localised":"Механические отходы", "Count":66 }, { "Name":"conductivecomponents", "Name_Localised":"Проводящие компоненты", "Count":18 }, { "Name":"conductiveceramics", "Name_Localised":"Проводящая керамика", "Count":3 }, { "Name":"heatdispersionplate", "Name_Localised":"Теплорассеивающая пластина", "Count":28 }, { "Name":"heatexchangers", "Name_Localised":"Теплообменные агрегаты", "Count":3 }, { "Name":"heatconductionwiring", "Name_Localised":"Теплопроводящие провода", "Count":32 }, { "Name":"imperialshielding", "Name_Localised":"Имперская защита", "Count":1 }, { "Name":"militarysupercapacitors", "Name_Localised":"Военные суперконденсаторы", "Count":2 }, { "Name":"basicconductors", "Name_Localised":"Простые проводники", "Count":54 }, { "Name":"electrochemicalarrays", "Name_Localised":"Электрохимические массивы", "Count":6 }, { "Name":"configurablecomponents", "Name_Localised":"Настраиваемые компоненты", "Count":2 }, { "Name":"conductivepolymers", "Name_Localised":"Проводящие полимеры", "Count":1 }, { "Name":"fedproprietarycomposites", "Name_Localised":"Патентованные композиты", "Count":3 }, { "Name":"guardian_sentinel_wreckagecomponents", "Name_Localised":"Обломки кораблекрушения Стражей", "Count":237 }, { "Name":"guardian_powerconduit", "Name_Localised":"Энергопроводники Стражей", "Count":243 }, { "Name":"guardian_sentinel_weaponparts", "Name_Localised":"Детали вооружения часовых Стражей", "Count":90 }, { "Name":"guardian_powercell", "Name_Localised":"Энергоячейка Стражей", "Count":174 }, { "Name":"guardian_techcomponent", "Name_Localised":"Компоненты технологий Стражей", "Count":36 } ], "Encoded":[ { "Name":"shieldcyclerecordings", "Name_Localised":"Поврежденные цикличные записи щита", "Count":102 }, { "Name":"legacyfirmware", "Name_Localised":"Специальные микропрограммы предыдущего поколения", "Count":70 }, { "Name":"emissiondata", "Name_Localised":"Неожиданные данные об излучении", "Count":24 }, { "Name":"shielddensityreports", "Name_Localised":"Нетипичные данные сканирования щитов", "Count":50 }, { "Name":"decodedemissiondata", "Name_Localised":"Расшифрованные данные об излучении", "Count":22 }, { "Name":"archivedemissiondata", "Name_Localised":"Нестандартные данные об излучении", "Count":33 }, { "Name":"shieldfrequencydata", "Name_Localised":"Специфические данные о частоте щитов", "Count":10 }, { "Name":"shieldsoakanalysis", "Name_Localised":"Неполный анализ поглощения щита", "Count":72 }, { "Name":"bulkscandata", "Name_Localised":"Аномальный массив данных сканирования", "Count":73 }, { "Name":"scandatabanks", "Name_Localised":"Засекреченные базы данных сканирования", "Count":62 }, { "Name":"encryptioncodes", "Name_Localised":"Меченые шифровальные коды", "Count":17 }, { "Name":"securityfirmware", "Name_Localised":"Обновление для защитной микропрограммы", "Count":37 }, { "Name":"encryptedfiles", "Name_Localised":"Особые зашифрованные файлы", "Count":36 }, { "Name":"encodedscandata", "Name_Localised":"Неформатные данные сканирования", "Count":30 }, { "Name":"industrialfirmware", "Name_Localised":"Взломанные промышленные микропрограммы", "Count":42 }, { "Name":"scanarchives", "Name_Localised":"Неопознанные архивы сканирования", "Count":63 }, { "Name":"classifiedscandata", "Name_Localised":"Засекреченные фрагменты данных сканирования", "Count":22 }, { "Name":"shieldpatternanalysis", "Name_Localised":"Анализ аномального поведения щита", "Count":36 }, { "Name":"embeddedfirmware", "Name_Localised":"Измененные встроенные микропрограммы", "Count":32 }, { "Name":"symmetrickeys", "Name_Localised":"Открытые симметричные ключи", "Count":12 }, { "Name":"disruptedwakeechoes", "Name_Localised":"Атипичное эхо поврежденного следа", "Count":42 }, { "Name":"wakesolutions", "Name_Localised":"Странные расчеты следа", "Count":21 }, { "Name":"dataminedwake", "Name_Localised":"Исключения из глубинного анализа данных следа", "Count":9 }, { "Name":"hyperspacetrajectories", "Name_Localised":"Аномальные траектории в гиперпространстве", "Count":20 }, { "Name":"fsdtelemetry", "Name_Localised":"Аномальная телеметрия FSD", "Count":30 }, { "Name":"scrambledemissiondata", "Name_Localised":"Исключительные зашифрованные данные об излучении", "Count":72 }, { "Name":"consumerfirmware", "Name_Localised":"Измененные пользовательские микропрограммы", "Count":66 }, { "Name":"compactemissionsdata", "Name_Localised":"Аномальные компактные данные об излучении", "Count":3 }, { "Name":"encryptionarchives", "Name_Localised":"Нетипичные архивы шифрования", "Count":6 }, { "Name":"adaptiveencryptors", "Name_Localised":"Захват адаптивного шифровальщика", "Count":4 }, { "Name":"ancientbiologicaldata", "Name_Localised":"Данные с обелиска «Альфа»", "Count":18 }, { "Name":"guardian_moduleblueprint", "Name_Localised":"Фрагмент чертежа модуля Стражей", "Count":7 }, { "Name":"ancientculturaldata", "Name_Localised":"Данные с обелиска «Бета»", "Count":21 }, { "Name":"ancientlanguagedata", "Name_Localised":"Данные с обелиска «Дельта»", "Count":21 }, { "Name":"ancienthistoricaldata", "Name_Localised":"Данные с обелиска «Гамма»", "Count":15 }, { "Name":"ancienttechnologicaldata", "Name_Localised":"Данные с обелиска «Эпсилон»", "Count":3 } ] }
{ "timestamp":"2023-07-31T03:27:41Z", "event":"Rank", "Combat":2, "Trade":4, "Explore":5, "Soldier":0, "Exobiologist":4, "Empire":0, "Federation":2, "CQC":0 }
{ "timestamp":"2023-07-31T03:27:41Z", "event":"Progress", "Combat":75, "Trade":4, "Explore":66, "Soldier":0, "Exobiologist":36, "Empire":39, "Federation":14, "CQC":0 }
{ "timestamp":"2023-07-31T03:27:41Z", "event":"Reputation", "Empire":14.296800, "Federation":47.734299, "Independent":0.000000, "Alliance":4.567400 }
{ "timestamp":"2023-07-31T03:27:41Z", "event":"EngineerProgress", "Engineers":[ { "Engineer":"Felicity Farseer", "EngineerID":300100, "Progress":"Unlocked", "RankProgress":0, "Rank":5 }, { "Engineer":"Eleanor Bresa", "EngineerID":400011, "Progress":"Known" }, { "Engineer":"Hero Ferrari", "EngineerID":400003, "Progress":"Known" }, { "Engineer":"Jude Navarro", "EngineerID":400001, "Progress":"Known" }, { "Engineer":"Bill Turner", "EngineerID":300010, "Progress":"Known" }, { "Engineer":"Liz Ryder", "EngineerID":300080, "Progress":"Known" }, { "Engineer":"Rosa Dayette", "EngineerID":400012, "Progress":"Known" }, { "Engineer":"Juri Ishmaak", "EngineerID":300250, "Progress":"Unlocked", "RankProgress":0, "Rank":1 }, { "Engineer":"Selene Jean", "EngineerID":300210, "Progress":"Unlocked", "RankProgress":36, "Rank":4 }, { "Engineer":"Baltanos", "EngineerID":400010, "Progress":"Known" }, { "Engineer":"Petra Olmanova", "EngineerID":300130, "Progress":"Known" }, { "Engineer":"Ram Tah", "EngineerID":300110, "Progress":"Invited" }, { "Engineer":"The Dweller", "EngineerID":300180, "Progress":"Unlocked", "RankProgress":0, "Rank":5 }, { "Engineer":"Elvira Martuuk", "EngineerID":300160, "Progress":"Unlocked", "RankProgress":56, "Rank":2 }, { "Engineer":"Lei Cheung", "EngineerID":300120, "Progress":"Unlocked", "RankProgress":0, "Rank":5 }, { "Engineer":"Didi Vatermann", "EngineerID":300000, "Progress":"Invited" }, { "Engineer":"Tod 'The Blaster' McQuinn", "EngineerID":300260, "Progress":"Unlocked", "RankProgress":37, "Rank":3 }, { "Engineer":"Domino Green", "EngineerID":400002, "Progress":"Known" }, { "Engineer":"Marsha Hicks", "EngineerID":300150, "Progress":"Invited" } ] }
{ "timestamp":"2023-07-31T03:27:41Z", "event":"LoadGame", "FID":"F5726016", "Commander":"DEE.COVAN", "Horizons":true, "Odyssey":true, "Ship":"TestBuggy", "Ship_Localised":"ТРП «Скарабей»", "ShipID":7, "ShipName":"", "ShipIdent":"", "FuelLevel":0.000000, "FuelCapacity":0.000000, "StartLanded":true, "GameMode":"Solo", "Credits":750318544, "Loan":0, "language":"Russian/RU", "gameversion":"4.0.0.1502", "build":"r294054/r0 " }
{ "timestamp":"2023-07-31T03:27:45Z", "event":"ApproachSettlement", "Name":"$Ancient_Small_005:#index=1;", "Name_Localised":"Конструкция Стражей", "SystemAddress":22810707116, "BodyID":44, "BodyName":"HD 63154 B 3 a", "Latitude":-45.782875, "Longitude":-102.657578 }
{ "timestamp":"2023-07-31T03:27:48Z", "event":"Statistics", "Bank_Account":{ "Current_Wealth":803662246, "Spent_On_Ships":3178332, "Spent_On_Outfitting":30825717, "Spent_On_Repairs":109738, "Spent_On_Fuel":15057, "Spent_On_Ammo_Consumables":38142, "Insurance_Claims":4, "Spent_On_Insurance":1258631, "Owned_Ship_Count":3, "Spent_On_Suits":12450000, "Spent_On_Weapons":2875000, "Spent_On_Suit_Consumables":0, "Suits_Owned":5, "Weapons_Owned":11, "Spent_On_Premium_Stock":13875000, "Premium_Stock_Bought":6 }, "Combat":{ "Bounties_Claimed":104, "Bounty_Hunting_Profit":20421057, "Combat_Bonds":0, "Combat_Bond_Profits":0, "Assassinations":0, "Assassination_Profits":0, "Highest_Single_Reward":660372, "Skimmers_Killed":13, "OnFoot_Combat_Bonds":0, "OnFoot_Combat_Bonds_Profits":0, "OnFoot_Vehicles_Destroyed":0, "OnFoot_Ships_Destroyed":0, "Dropships_Taken":0, "Dropships_Booked":0, "Dropships_Cancelled":0, "ConflictZone_High":0, "ConflictZone_Medium":0, "ConflictZone_Low":0, "ConflictZone_Total":0, "ConflictZone_High_Wins":0, "ConflictZone_Medium_Wins":0, "ConflictZone_Low_Wins":0, "ConflictZone_Total_Wins":0, "Settlement_Defended":0, "Settlement_Conquered":0, "OnFoot_Skimmers_Killed":0, "OnFoot_Scavs_Killed":0 }, "Crime":{ "Notoriety":0, "Fines":8, "Total_Fines":1550, "Bounties_Received":8, "Total_Bounties":7300, "Highest_Bounty":5000, "Malware_Uploaded":0, "Settlements_State_Shutdown":0, "Production_Sabotage":0, "Production_Theft":0, "Total_Murders":0, "Citizens_Murdered":0, "Omnipol_Murdered":0, "Guards_Murdered":0, "Data_Stolen":0, "Goods_Stolen":0, "Sample_Stolen":0, "Total_Stolen":0, "Turrets_Destroyed":0, "Turrets_Overloaded":0, "Turrets_Total":0, "Value_Stolen_StateChange":0, "Profiles_Cloned":0 }, "Smuggling":{ "Black_Markets_Traded_With":1, "Black_Markets_Profits":1047, "Resources_Smuggled":2, "Average_Profit":523.5, "Highest_Single_Transaction":930 }, "Trading":{ "Markets_Traded_With":11, "Market_Profits":976866, "Resources_Traded":112, "Average_Profit":33685.034482759, "Highest_Single_Transaction":107808, "Data_Sold":0, "Goods_Sold":0, "Assets_Sold":0 }, "Mining":{ "Mining_Profits":0, "Quantity_Mined":0, "Materials_Collected":5132 }, "Exploration":{ "Systems_Visited":281, "Exploration_Profits":26229568, "Planets_Scanned_To_Level_2":1786, "Planets_Scanned_To_Level_3":1786, "Efficient_Scans":43, "Highest_Payout":2929303, "Total_Hyperspace_Distance":9507, "Total_Hyperspace_Jumps":320, "Greatest_Distance_From_Start":1114.6229542218, "Time_Played":7055040, "OnFoot_Distance_Travelled":5213, "Shuttle_Journeys":0, "Shuttle_Distance_Travelled":0, "Spent_On_Shuttles":0, "First_Footfalls":8, "Planet_Footfalls":18, "Settlements_Visited":1 }, "Passengers":{ "Passengers_Missions_Bulk":0, "Passengers_Missions_VIP":0, "Passengers_Missions_Delivered":0, "Passengers_Missions_Ejected":0 }, "Search_And_Rescue":{ "SearchRescue_Traded":32, "SearchRescue_Profit":831942, "SearchRescue_Count":21, "Salvage_Legal_POI":0, "Salvage_Legal_Settlements":0, "Salvage_Illegal_POI":0, "Salvage_Illegal_Settlements":0, "Maglocks_Opened":0, "Panels_Opened":0, "Settlements_State_FireOut":0, "Settlements_State_Reboot":0 }, "Crafting":{ "Count_Of_Used_Engineers":5, "Recipes_Generated":189, "Recipes_Generated_Rank_1":48, "Recipes_Generated_Rank_2":45, "Recipes_Generated_Rank_3":54, "Recipes_Generated_Rank_4":27, "Recipes_Generated_Rank_5":15, "Suit_Mods_Applied":0, "Weapon_Mods_Applied":0, "Suits_Upgraded":0, "Weapons_Upgraded":0, "Suits_Upgraded_Full":0, "Weapons_Upgraded_Full":0, "Suit_Mods_Applied_Full":0, "Weapon_Mods_Applied_Full":0 }, "Crew":{ "NpcCrew_TotalWages":0, "NpcCrew_Hired":0, "NpcCrew_Fired":0, "NpcCrew_Died":0 }, "Multicrew":{ "Multicrew_Time_Total":0, "Multicrew_Gunner_Time_Total":0, "Multicrew_Fighter_Time_Total":0, "Multicrew_Credits_Total":0, "Multicrew_Fines_Total":0 }, "Material_Trader_Stats":{ "Trades_Completed":149, "Materials_Traded":3349, "Encoded_Materials_Traded":995, "Raw_Materials_Traded":848, "Grade_1_Materials_Traded":1351, "Grade_2_Materials_Traded":940, "Grade_3_Materials_Traded":567, "Grade_4_Materials_Traded":227, "Grade_5_Materials_Traded":264, "Assets_Traded_In":0, "Assets_Traded_Out":0 }, "Exobiology":{ "Organic_Genus_Encountered":13, "Organic_Species_Encountered":21, "Organic_Variant_Encountered":27, "Organic_Data_Profits":751321000, "Organic_Data":33, "First_Logged_Profits":561453200, "First_Logged":22, "Organic_Systems":8, "Organic_Planets":12, "Organic_Genus":7, "Organic_Species":9 } }
{ "timestamp":"2023-07-31T03:27:52Z", "event":"ReceiveText", "From":"", "Message":"$COMMS_entered:#name=HD 63154;", "Message_Localised":"Включенный канал: HD 63154", "Channel":"npc" }
{ "timestamp":"2023-07-31T03:27:52Z", "event":"FSSSignalDiscovered", "SystemAddress":22810707116, "SignalName":"BLACK DRAGON J1F-56F", "IsStation":true }
{ "timestamp":"2023-07-31T03:27:52Z", "event":"FSSSignalDiscovered", "SystemAddress":22810707116, "SignalName":"THEODORE SMITH X6F-0QW", "IsStation":true }
{ "timestamp":"2023-07-31T03:27:52Z", "event":"FSSSignalDiscovered", "SystemAddress":22810707116, "SignalName":"SHC - 254 DISCOVERY X7V-G3F", "IsStation":true }
{ "timestamp":"2023-07-31T03:27:52Z", "event":"FSSSignalDiscovered", "SystemAddress":22810707116, "SignalName":"THE ZHADERSIL G9Z-4TZ", "IsStation":true }
{ "timestamp":"2023-07-31T03:27:52Z", "event":"FSSSignalDiscovered", "SystemAddress":22810707116, "SignalName":"NAVE NODRIZA H3J-W6T", "IsStation":true }
{ "timestamp":"2023-07-31T03:27:52Z", "event":"FSSSignalDiscovered", "SystemAddress":22810707116, "SignalName":"THE CLAM HAT K0Y-B8G", "IsStation":true }
{ "timestamp":"2023-07-31T03:27:52Z", "event":"FSSSignalDiscovered", "SystemAddress":22810707116, "SignalName":"OMNISSIAH'S LEFTOVERS K5L-BVJ", "IsStation":true }
{ "timestamp":"2023-07-31T03:27:52Z", "event":"FSSSignalDiscovered", "SystemAddress":22810707116, "SignalName":"CHEWIE EXPRESS KLJ-N6N", "IsStation":true }
{ "timestamp":"2023-07-31T03:27:52Z", "event":"FSSSignalDiscovered", "SystemAddress":22810707116, "SignalName":"DSE-01 LUSITANIA TFH-WHZ", "IsStation":true }
{ "timestamp":"2023-07-31T03:27:52Z", "event":"FSSSignalDiscovered", "SystemAddress":22810707116, "SignalName":"UUCC SANTA MARIA X9L-T1H", "IsStation":true }
{ "timestamp":"2023-07-31T03:27:52Z", "event":"FSSSignalDiscovered", "SystemAddress":22810707116, "SignalName":"IMPERIAL TRADING CORP. V1Y-L2W", "IsStation":true }
{ "timestamp":"2023-07-31T03:27:52Z", "event":"FSSSignalDiscovered", "SystemAddress":22810707116, "SignalName":"420ELITEMINING COMPANY J4Z-89Q", "IsStation":true }
{ "timestamp":"2023-07-31T03:27:52Z", "event":"FSSSignalDiscovered", "SystemAddress":22810707116, "SignalName":"EARTH AND BEYOND Q1N-8QT", "IsStation":true }
{ "timestamp":"2023-07-31T03:27:52Z", "event":"FSSSignalDiscovered", "SystemAddress":22810707116, "SignalName":"MASSK CONTROL ORDER 66 JNQ-9TB", "IsStation":true }
{ "timestamp":"2023-07-31T03:27:52Z", "event":"Location", "Latitude":-45.778927, "Longitude":-102.637924, "DistFromStarLS":149079.209907, "Docked":false, "InSRV":true, "StarSystem":"HD 63154", "SystemAddress":22810707116, "StarPos":[979.46875,-207.40625,-131.59375], "SystemAllegiance":"Guardian", "SystemEconomy":"$economy_None;", "SystemEconomy_Localised":"Нет", "SystemSecondEconomy":"$economy_None;", "SystemSecondEconomy_Localised":"Нет", "SystemGovernment":"$government_None;", "SystemGovernment_Localised":"Нет", "SystemSecurity":"$GAlAXY_MAP_INFO_state_anarchy;", "SystemSecurity_Localised":"Анархия", "Population":0, "Body":"HD 63154 B 3 a", "BodyID":44, "BodyType":"Planet" }
{ "timestamp":"2023-07-31T03:27:52Z", "event":"Music", "MusicTrack":"GuardianSites" }
{ "timestamp":"2023-07-31T03:27:52Z", "event":"ShipLocker", "Items":[  ], "Components":[  ], "Consumables":[  ], "Data":[  ] }
{ "timestamp":"2023-07-31T03:27:52Z", "event":"Missions", "Active":[  ], "Failed":[  ], "Complete":[  ] }
{ "timestamp":"2023-07-31T03:27:52Z", "event":"SAASignalsFound", "BodyName":"HD 63154 B 3 a", "SystemAddress":22810707116, "BodyID":44, "Signals":[ { "Type":"$SAA_SignalType_Guardian;", "Type_Localised":"Стражи", "Count":1 }, { "Type":"$SAA_SignalType_Biological;", "Type_Localised":"Биологический", "Count":1 }, { "Type":"$SAA_SignalType_Geological;", "Type_Localised":"Геологический", "Count":3 }, { "Type":"$SAA_SignalType_Human;", "Type_Localised":"Люди", "Count":9 } ], "Genuses":[ { "Genus":"$Codex_Ent_Brancae_Name;", "Genus_Localised":"Мозговые деревья" } ] }
{ "timestamp":"2023-07-31T03:27:55Z", "event":"Cargo", "Vessel":"SRV", "Count":2, "Inventory":[ { "Name":"ancientrelic", "Name_Localised":"Реликвия Стражей", "Count":2, "Stolen":0 } ] }
{ "timestamp":"2023-07-31T03:28:36Z", "event":"UnderAttack", "Target":"You" }
{ "timestamp":"2023-07-31T03:28:36Z", "event":"UnderAttack", "Target":"You" }
{ "timestamp":"2023-07-31T03:28:36Z", "event":"UnderAttack", "Target":"You" }
{ "timestamp":"2023-07-31T03:28:37Z", "event":"UnderAttack", "Target":"You" }
{ "timestamp":"2023-07-31T03:28:37Z", "event":"UnderAttack", "Target":"You" }
{ "timestamp":"2023-07-31T03:28:37Z", "event":"UnderAttack", "Target":"You" }
{ "timestamp":"2023-07-31T03:28:38Z", "event":"UnderAttack", "Target":"You" }
{ "timestamp":"2023-07-31T03:28:38Z", "event":"UnderAttack", "Target":"You" }
{ "timestamp":"2023-07-31T03:28:38Z", "event":"UnderAttack", "Target":"You" }
{ "timestamp":"2023-07-31T03:28:38Z", "event":"UnderAttack", "Target":"You" }
{ "timestamp":"2023-07-31T03:28:39Z", "event":"UnderAttack", "Target":"You" }
{ "timestamp":"2023-07-31T03:28:39Z", "event":"UnderAttack", "Target":"You" }
{ "timestamp":"2023-07-31T03:28:39Z", "event":"UnderAttack", "Target":"You" }
{ "timestamp":"2023-07-31T03:28:39Z", "event":"UnderAttack", "Target":"You" }
{ "timestamp":"2023-07-31T03:28:40Z", "event":"UnderAttack", "Target":"You" }
{ "timestamp":"2023-07-31T03:28:57Z", "event":"MaterialCollected", "Category":"Manufactured", "Name":"guardian_sentinel_wreckagecomponents", "Name_Localised":"Обломки кораблекрушения Стражей", "Count":3 }
{ "timestamp":"2023-07-31T03:28:57Z", "event":"ShipLocker" }
{ "timestamp":"2023-07-31T03:29:26Z", "event":"MaterialCollected", "Category":"Encoded", "Name":"ancienttechnologicaldata", "Name_Localised":"Данные с обелиска «Эпсилон»", "Count":3 }
{ "timestamp":"2023-07-31T03:29:26Z", "event":"ShipLocker" }
{ "timestamp":"2023-07-31T03:29:58Z", "event":"ShipLocker" }
{ "timestamp":"2023-07-31T03:29:58Z", "event":"MaterialCollected", "Category":"Manufactured", "Name":"guardian_powercell", "Name_Localised":"Энергоячейка Стражей", "Count":3 }
{ "timestamp":"2023-07-31T03:31:52Z", "event":"MaterialCollected", "Category":"Manufactured", "Name":"guardian_powercell", "Name_Localised":"Энергоячейка Стражей", "Count":3 }
{ "timestamp":"2023-07-31T03:31:52Z", "event":"ShipLocker" }
{ "timestamp":"2023-07-31T03:31:56Z", "event":"ShipLocker" }
{ "timestamp":"2023-07-31T03:31:56Z", "event":"MaterialCollected", "Category":"Manufactured", "Name":"guardian_powerconduit", "Name_Localised":"Энергопроводники Стражей", "Count":3 }
{ "timestamp":"2023-07-31T03:32:20Z", "event":"ShipLocker" }
{ "timestamp":"2023-07-31T03:32:20Z", "event":"MaterialCollected", "Category":"Encoded", "Name":"ancientbiologicaldata", "Name_Localised":"Данные с обелиска «Альфа»", "Count":3 }
{ "timestamp":"2023-07-31T03:32:29Z", "event":"UnderAttack", "Target":"You" }
{ "timestamp":"2023-07-31T03:32:58Z", "event":"MaterialCollected", "Category":"Manufactured", "Name":"guardian_sentinel_wreckagecomponents", "Name_Localised":"Обломки кораблекрушения Стражей", "Count":3 }
{ "timestamp":"2023-07-31T03:32:58Z", "event":"ShipLocker" }
{ "timestamp":"2023-07-31T03:33:01Z", "event":"MaterialCollected", "Category":"Manufactured", "Name":"guardian_sentinel_weaponparts", "Name_Localised":"Детали вооружения часовых Стражей", "Count":3 }
{ "timestamp":"2023-07-31T03:33:01Z", "event":"ShipLocker" }
{ "timestamp":"2023-07-31T03:33:32Z", "event":"UnderAttack", "Target":"You" }
{ "timestamp":"2023-07-31T03:33:32Z", "event":"UnderAttack", "Target":"You" }
{ "timestamp":"2023-07-31T03:33:32Z", "event":"UnderAttack", "Target":"You" }
{ "timestamp":"2023-07-31T03:33:33Z", "event":"UnderAttack", "Target":"You" }
{ "timestamp":"2023-07-31T03:33:33Z", "event":"UnderAttack", "Target":"You" }
{ "timestamp":"2023-07-31T03:33:35Z", "event":"UnderAttack", "Target":"You" }
{ "timestamp":"2023-07-31T03:33:35Z", "event":"UnderAttack", "Target":"You" }
{ "timestamp":"2023-07-31T03:33:35Z", "event":"UnderAttack", "Target":"You" }
{ "timestamp":"2023-07-31T03:34:35Z", "event":"UnderAttack", "Target":"You" }
{ "timestamp":"2023-07-31T03:34:36Z", "event":"UnderAttack", "Target":"You" }
{ "timestamp":"2023-07-31T03:34:36Z", "event":"UnderAttack", "Target":"You" }
{ "timestamp":"2023-07-31T03:34:36Z", "event":"UnderAttack", "Target":"You" }
{ "timestamp":"2023-07-31T03:34:37Z", "event":"UnderAttack", "Target":"You" }
{ "timestamp":"2023-07-31T03:34:37Z", "event":"UnderAttack", "Target":"You" }
{ "timestamp":"2023-07-31T03:34:37Z", "event":"UnderAttack", "Target":"You" }
{ "timestamp":"2023-07-31T03:34:38Z", "event":"UnderAttack", "Target":"You" }
{ "timestamp":"2023-07-31T03:34:38Z", "event":"UnderAttack", "Target":"You" }
{ "timestamp":"2023-07-31T03:34:38Z", "event":"UnderAttack", "Target":"You" }
{ "timestamp":"2023-07-31T03:34:39Z", "event":"UnderAttack", "Target":"You" }
{ "timestamp":"2023-07-31T03:34:39Z", "event":"UnderAttack", "Target":"You" }
{ "timestamp":"2023-07-31T03:34:56Z", "event":"ShipLocker" }
{ "timestamp":"2023-07-31T03:34:56Z", "event":"MaterialCollected", "Category":"Encoded", "Name":"ancienttechnologicaldata", "Name_Localised":"Данные с обелиска «Эпсилон»", "Count":3 }
{ "timestamp":"2023-07-31T03:35:10Z", "event":"ShipLocker" }
{ "timestamp":"2023-07-31T03:35:10Z", "event":"MaterialCollected", "Category":"Manufactured", "Name":"guardian_powerconduit", "Name_Localised":"Энергопроводники Стражей", "Count":3 }
{ "timestamp":"2023-07-31T03:35:23Z", "event":"MaterialCollected", "Category":"Manufactured", "Name":"guardian_powercell", "Name_Localised":"Энергоячейка Стражей", "Count":3 }
{ "timestamp":"2023-07-31T03:35:23Z", "event":"ShipLocker" }
{ "timestamp":"2023-07-31T03:35:34Z", "event":"ShipLocker" }
{ "timestamp":"2023-07-31T03:35:34Z", "event":"MaterialCollected", "Category":"Manufactured", "Name":"guardian_powercell", "Name_Localised":"Энергоячейка Стражей", "Count":3 }
{ "timestamp":"2023-07-31T03:35:50Z", "event":"ShipLocker" }
{ "timestamp":"2023-07-31T03:35:50Z", "event":"MaterialCollected", "Category":"Manufactured", "Name":"guardian_powerconduit", "Name_Localised":"Энергопроводники Стражей", "Count":3 }
{ "timestamp":"2023-07-31T03:36:04Z", "event":"CollectCargo", "Type":"AncientRelic", "Type_Localised":"Реликвия Стражей", "Stolen":false }
{ "timestamp":"2023-07-31T03:36:09Z", "event":"Cargo", "Vessel":"SRV", "Count":3 }
{ "timestamp":"2023-07-31T03:36:23Z", "event":"CollectCargo", "Type":"AncientRelic", "Type_Localised":"Реликвия Стражей", "Stolen":false }
{ "timestamp":"2023-07-31T03:36:26Z", "event":"Cargo", "Vessel":"SRV", "Count":4 }
{ "timestamp":"2023-07-31T03:36:44Z", "event":"UnderAttack", "Target":"You" }
{ "timestamp":"2023-07-31T03:36:44Z", "event":"UnderAttack", "Target":"You" }
{ "timestamp":"2023-07-31T03:36:44Z", "event":"UnderAttack", "Target":"You" }
{ "timestamp":"2023-07-31T03:36:45Z", "event":"UnderAttack", "Target":"You" }
{ "timestamp":"2023-07-31T03:36:45Z", "event":"UnderAttack", "Target":"You" }
{ "timestamp":"2023-07-31T03:36:45Z", "event":"UnderAttack", "Target":"You" }
{ "timestamp":"2023-07-31T03:36:46Z", "event":"UnderAttack", "Target":"You" }
{ "timestamp":"2023-07-31T03:36:46Z", "event":"UnderAttack", "Target":"You" }
{ "timestamp":"2023-07-31T03:36:46Z", "event":"UnderAttack", "Target":"You" }
{ "timestamp":"2023-07-31T03:36:46Z", "event":"UnderAttack", "Target":"You" }
{ "timestamp":"2023-07-31T03:36:47Z", "event":"UnderAttack", "Target":"You" }
{ "timestamp":"2023-07-31T03:36:47Z", "event":"UnderAttack", "Target":"You" }
{ "timestamp":"2023-07-31T03:36:48Z", "event":"UnderAttack", "Target":"You" }
{ "timestamp":"2023-07-31T03:36:48Z", "event":"UnderAttack", "Target":"You" }
{ "timestamp":"2023-07-31T03:37:09Z", "event":"MaterialCollected", "Category":"Manufactured", "Name":"guardian_sentinel_wreckagecomponents", "Name_Localised":"Обломки кораблекрушения Стражей", "Count":3 }
{ "timestamp":"2023-07-31T03:37:09Z", "event":"ShipLocker" }
{ "timestamp":"2023-07-31T03:37:14Z", "event":"MaterialCollected", "Category":"Manufactured", "Name":"guardian_sentinel_weaponparts", "Name_Localised":"Детали вооружения часовых Стражей", "Count":3 }
{ "timestamp":"2023-07-31T03:37:14Z", "event":"ShipLocker" }
{ "timestamp":"2023-07-31T03:37:16Z", "event":"MaterialCollected", "Category":"Manufactured", "Name":"guardian_sentinel_wreckagecomponents", "Name_Localised":"Обломки кораблекрушения Стражей", "Count":3 }
{ "timestamp":"2023-07-31T03:37:16Z", "event":"ShipLocker" }
{ "timestamp":"2023-07-31T03:37:22Z", "event":"ShipLocker" }
{ "timestamp":"2023-07-31T03:37:22Z", "event":"MaterialCollected", "Category":"Manufactured", "Name":"guardian_sentinel_wreckagecomponents", "Name_Localised":"Обломки кораблекрушения Стражей", "Count":3 }
{ "timestamp":"2023-07-31T03:37:51Z", "event":"ShipLocker" }
{ "timestamp":"2023-07-31T03:37:51Z", "event":"MaterialCollected", "Category":"Encoded", "Name":"ancienthistoricaldata", "Name_Localised":"Данные с обелиска «Гамма»", "Count":3 }
{ "timestamp":"2023-07-31T03:38:14Z", "event":"MaterialCollected", "Category":"Manufactured", "Name":"guardian_powercell", "Name_Localised":"Энергоячейка Стражей", "Count":3 }
{ "timestamp":"2023-07-31T03:38:14Z", "event":"ShipLocker" }
{ "timestamp":"2023-07-31T03:38:27Z", "event":"MaterialCollected", "Category":"Manufactured", "Name":"guardian_powercell", "Name_Localised":"Энергоячейка Стражей", "Count":3 }
{ "timestamp":"2023-07-31T03:38:27Z", "event":"ShipLocker" }
{ "timestamp":"2023-07-31T03:39:58Z", "event":"UnderAttack", "Target":"You" }
{ "timestamp":"2023-07-31T03:39:59Z", "event":"UnderAttack", "Target":"You" }
{ "timestamp":"2023-07-31T03:39:59Z", "event":"UnderAttack", "Target":"You" }
{ "timestamp":"2023-07-31T03:39:59Z", "event":"UnderAttack", "Target":"You" }
{ "timestamp":"2023-07-31T03:40:04Z", "event":"UnderAttack", "Target":"You" }
{ "timestamp":"2023-07-31T03:40:04Z", "event":"UnderAttack", "Target":"You" }
{ "timestamp":"2023-07-31T03:40:04Z", "event":"UnderAttack", "Target":"You" }
{ "timestamp":"2023-07-31T03:40:04Z", "event":"UnderAttack", "Target":"You" }
{ "timestamp":"2023-07-31T03:40:05Z", "event":"UnderAttack", "Target":"You" }
{ "timestamp":"2023-07-31T03:40:05Z", "event":"UnderAttack", "Target":"You" }
{ "timestamp":"2023-07-31T03:40:05Z", "event":"UnderAttack", "Target":"You" }
{ "timestamp":"2023-07-31T03:40:05Z", "event":"UnderAttack", "Target":"You" }
{ "timestamp":"2023-07-31T03:40:06Z", "event":"UnderAttack", "Target":"You" }
{ "timestamp":"2023-07-31T03:40:06Z", "event":"UnderAttack", "Target":"You" }
{ "timestamp":"2023-07-31T03:40:12Z", "event":"ShipLocker" }
{ "timestamp":"2023-07-31T03:40:12Z", "event":"MaterialCollected", "Category":"Manufactured", "Name":"guardian_sentinel_wreckagecomponents", "Name_Localised":"Обломки кораблекрушения Стражей", "Count":3 }
{ "timestamp":"2023-07-31T03:40:17Z", "event":"MaterialCollected", "Category":"Manufactured", "Name":"guardian_sentinel_wreckagecomponents", "Name_Localised":"Обломки кораблекрушения Стражей", "Count":3 }
{ "timestamp":"2023-07-31T03:40:17Z", "event":"ShipLocker" }
{ "timestamp":"2023-07-31T03:40:20Z", "event":"MaterialCollected", "Category":"Manufactured", "Name":"guardian_sentinel_wreckagecomponents", "Name_Localised":"Обломки кораблекрушения Стражей", "Count":3 }
{ "timestamp":"2023-07-31T03:40:20Z", "event":"ShipLocker" }
{ "timestamp":"2023-07-31T03:41:04Z", "event":"UnderAttack", "Target":"You" }
{ "timestamp":"2023-07-31T03:41:05Z", "event":"UnderAttack", "Target":"You" }
{ "timestamp":"2023-07-31T03:41:05Z", "event":"UnderAttack", "Target":"You" }
{ "timestamp":"2023-07-31T03:41:05Z", "event":"UnderAttack", "Target":"You" }
{ "timestamp":"2023-07-31T03:41:05Z", "event":"UnderAttack", "Target":"You" }
{ "timestamp":"2023-07-31T03:41:06Z", "event":"UnderAttack", "Target":"You" }
{ "timestamp":"2023-07-31T03:41:06Z", "event":"UnderAttack", "Target":"You" }
{ "timestamp":"2023-07-31T03:41:07Z", "event":"UnderAttack", "Target":"You" }
{ "timestamp":"2023-07-31T03:41:07Z", "event":"UnderAttack", "Target":"You" }
{ "timestamp":"2023-07-31T03:41:07Z", "event":"UnderAttack", "Target":"You" }
{ "timestamp":"2023-07-31T03:41:07Z", "event":"UnderAttack", "Target":"You" }
{ "timestamp":"2023-07-31T03:41:07Z", "event":"UnderAttack", "Target":"You" }
{ "timestamp":"2023-07-31T03:41:08Z", "event":"UnderAttack", "Target":"You" }
{ "timestamp":"2023-07-31T03:41:08Z", "event":"UnderAttack", "Target":"You" }
{ "timestamp":"2023-07-31T03:41:08Z", "event":"UnderAttack", "Target":"You" }
{ "timestamp":"2023-07-31T03:41:08Z", "event":"UnderAttack", "Target":"You" }
{ "timestamp":"2023-07-31T03:41:08Z", "event":"UnderAttack", "Target":"You" }
{ "timestamp":"2023-07-31T03:41:08Z", "event":"UnderAttack", "Target":"You" }
{ "timestamp":"2023-07-31T03:41:09Z", "event":"UnderAttack", "Target":"You" }
{ "timestamp":"2023-07-31T03:41:09Z", "event":"UnderAttack", "Target":"You" }
{ "timestamp":"2023-07-31T03:41:09Z", "event":"UnderAttack", "Target":"You" }
{ "timestamp":"2023-07-31T03:41:09Z", "event":"UnderAttack", "Target":"You" }
{ "timestamp":"2023-07-31T03:41:09Z", "event":"UnderAttack", "Target":"You" }
{ "timestamp":"2023-07-31T03:41:10Z", "event":"UnderAttack", "Target":"You" }
{ "timestamp":"2023-07-31T03:41:10Z", "event":"UnderAttack", "Target":"You" }
{ "timestamp":"2023-07-31T03:41:10Z", "event":"UnderAttack", "Target":"You" }
{ "timestamp":"2023-07-31T03:41:11Z", "event":"UnderAttack", "Target":"You" }
{ "timestamp":"2023-07-31T03:41:11Z", "event":"UnderAttack", "Target":"You" }
{ "timestamp":"2023-07-31T03:41:11Z", "event":"UnderAttack", "Target":"You" }
{ "timestamp":"2023-07-31T03:41:12Z", "event":"UnderAttack", "Target":"You" }
{ "timestamp":"2023-07-31T03:41:19Z", "event":"ShipLocker" }
{ "timestamp":"2023-07-31T03:41:19Z", "event":"MaterialCollected", "Category":"Manufactured", "Name":"guardian_sentinel_wreckagecomponents", "Name_Localised":"Обломки кораблекрушения Стражей", "Count":3 }
{ "timestamp":"2023-07-31T03:41:38Z", "event":"MaterialCollected", "Category":"Encoded", "Name":"ancienttechnologicaldata", "Name_Localised":"Данные с обелиска «Эпсилон»", "Count":3 }
{ "timestamp":"2023-07-31T03:41:38Z", "event":"ShipLocker" }
{ "timestamp":"2023-07-31T03:41:44Z", "event":"UnderAttack", "Target":"You" }
{ "timestamp":"2023-07-31T03:41:44Z", "event":"UnderAttack", "Target":"You" }
{ "timestamp":"2023-07-31T03:41:45Z", "event":"UnderAttack", "Target":"You" }
{ "timestamp":"2023-07-31T03:41:45Z", "event":"UnderAttack", "Target":"You" }
{ "timestamp":"2023-07-31T03:41:45Z", "event":"UnderAttack", "Target":"You" }
{ "timestamp":"2023-07-31T03:42:03Z", "event":"UnderAttack", "Target":"You" }
{ "timestamp":"2023-07-31T03:42:50Z", "event":"UnderAttack", "Target":"You" }
{ "timestamp":"2023-07-31T03:42:51Z", "event":"UnderAttack", "Target":"You" }
{ "timestamp":"2023-07-31T03:42:51Z", "event":"UnderAttack", "Target":"You" }
{ "timestamp":"2023-07-31T03:42:51Z", "event":"UnderAttack", "Target":"You" }
{ "timestamp":"2023-07-31T03:42:52Z", "event":"UnderAttack", "Target":"You" }
{ "timestamp":"2023-07-31T03:42:54Z", "event":"UnderAttack", "Target":"You" }
{ "timestamp":"2023-07-31T03:42:54Z", "event":"UnderAttack", "Target":"You" }
{ "timestamp":"2023-07-31T03:42:54Z", "event":"UnderAttack", "Target":"You" }
{ "timestamp":"2023-07-31T03:42:54Z", "event":"ShipLocker" }
{ "timestamp":"2023-07-31T03:42:54Z", "event":"MaterialCollected", "Category":"Manufactured", "Name":"guardian_powercell", "Name_Localised":"Энергоячейка Стражей", "Count":3 }
{ "timestamp":"2023-07-31T03:42:55Z", "event":"UnderAttack", "Target":"You" }
{ "timestamp":"2023-07-31T03:42:55Z", "event":"UnderAttack", "Target":"You" }
{ "timestamp":"2023-07-31T03:43:07Z", "event":"MaterialCollected", "Category":"Manufactured", "Name":"guardian_powercell", "Name_Localised":"Энергоячейка Стражей", "Count":3 }
{ "timestamp":"2023-07-31T03:43:07Z", "event":"ShipLocker" }
{ "timestamp":"2023-07-31T03:43:21Z", "event":"UnderAttack", "Target":"You" }
{ "timestamp":"2023-07-31T03:43:22Z", "event":"UnderAttack", "Target":"You" }
{ "timestamp":"2023-07-31T03:43:22Z", "event":"UnderAttack", "Target":"You" }
{ "timestamp":"2023-07-31T03:43:23Z", "event":"UnderAttack", "Target":"You" }
{ "timestamp":"2023-07-31T03:43:23Z", "event":"UnderAttack", "Target":"You" }
{ "timestamp":"2023-07-31T03:43:23Z", "event":"UnderAttack", "Target":"You" }
{ "timestamp":"2023-07-31T03:43:24Z", "event":"UnderAttack", "Target":"You" }
{ "timestamp":"2023-07-31T03:43:24Z", "event":"UnderAttack", "Target":"You" }
{ "timestamp":"2023-07-31T03:43:24Z", "event":"UnderAttack", "Target":"You" }
{ "timestamp":"2023-07-31T03:43:25Z", "event":"UnderAttack", "Target":"You" }
{ "timestamp":"2023-07-31T03:43:25Z", "event":"UnderAttack", "Target":"You" }
{ "timestamp":"2023-07-31T03:43:25Z", "event":"UnderAttack", "Target":"You" }
{ "timestamp":"2023-07-31T03:43:25Z", "event":"UnderAttack", "Target":"You" }
{ "timestamp":"2023-07-31T03:43:25Z", "event":"UnderAttack", "Target":"You" }
{ "timestamp":"2023-07-31T03:43:26Z", "event":"UnderAttack", "Target":"You" }
{ "timestamp":"2023-07-31T03:43:27Z", "event":"UnderAttack", "Target":"You" }
{ "timestamp":"2023-07-31T03:43:27Z", "event":"UnderAttack", "Target":"You" }
{ "timestamp":"2023-07-31T03:43:27Z", "event":"UnderAttack", "Target":"You" }
{ "timestamp":"2023-07-31T03:43:28Z", "event":"UnderAttack", "Target":"You" }
{ "timestamp":"2023-07-31T03:43:28Z", "event":"UnderAttack", "Target":"You" }
{ "timestamp":"2023-07-31T03:43:28Z", "event":"UnderAttack", "Target":"You" }
{ "timestamp":"2023-07-31T03:43:34Z", "event":"UnderAttack", "Target":"You" }
{ "timestamp":"2023-07-31T03:43:34Z", "event":"UnderAttack", "Target":"You" }
{ "timestamp":"2023-07-31T03:43:35Z", "event":"UnderAttack", "Target":"You" }
{ "timestamp":"2023-07-31T03:43:35Z", "event":"UnderAttack", "Target":"You" }
{ "timestamp":"2023-07-31T03:43:35Z", "event":"UnderAttack", "Target":"You" }
{ "timestamp":"2023-07-31T03:43:35Z", "event":"UnderAttack", "Target":"You" }
{ "timestamp":"2023-07-31T03:43:45Z", "event":"ShipLocker" }
{ "timestamp":"2023-07-31T03:43:45Z", "event":"MaterialCollected", "Category":"Manufactured", "Name":"guardian_sentinel_wreckagecomponents", "Name_Localised":"Обломки кораблекрушения Стражей", "Count":3 }
{ "timestamp":"2023-07-31T03:44:21Z", "event":"ShipLocker" }
{ "timestamp":"2023-07-31T03:44:21Z", "event":"MaterialCollected", "Category":"Manufactured", "Name":"guardian_sentinel_weaponparts", "Name_Localised":"Детали вооружения часовых Стражей", "Count":3 }
{ "timestamp":"2023-07-31T03:45:15Z", "event":"ModuleInfo" }
{ "timestamp":"2023-07-31T03:45:19Z", "event":"EjectCargo", "Type":"ancientrelic", "Type_Localised":"Реликвия Стражей", "Count":1, "Abandoned":false }
{ "timestamp":"2023-07-31T03:45:21Z", "event":"Cargo", "Vessel":"SRV", "Count":3 }
{ "timestamp":"2023-07-31T03:45:43Z", "event":"ShipLocker" }
{ "timestamp":"2023-07-31T03:45:43Z", "event":"MaterialCollected", "Category":"Encoded", "Name":"guardian_moduleblueprint", "Name_Localised":"Фрагмент чертежа модуля Стражей", "Count":1 }
{ "timestamp":"2023-07-31T03:45:55Z", "event":"UnderAttack", "Target":"You" }
{ "timestamp":"2023-07-31T03:45:55Z", "event":"UnderAttack", "Target":"You" }
{ "timestamp":"2023-07-31T03:45:56Z", "event":"UnderAttack", "Target":"You" }
{ "timestamp":"2023-07-31T03:45:56Z", "event":"UnderAttack", "Target":"You" }
{ "timestamp":"2023-07-31T03:45:56Z", "event":"UnderAttack", "Target":"You" }
{ "timestamp":"2023-07-31T03:45:57Z", "event":"UnderAttack", "Target":"You" }
{ "timestamp":"2023-07-31T03:45:57Z", "event":"UnderAttack", "Target":"You" }
{ "timestamp":"2023-07-31T03:45:57Z", "event":"UnderAttack", "Target":"You" }
{ "timestamp":"2023-07-31T03:45:58Z", "event":"UnderAttack", "Target":"You" }
{ "timestamp":"2023-07-31T03:45:58Z", "event":"UnderAttack", "Target":"You" }
{ "timestamp":"2023-07-31T03:45:58Z", "event":"UnderAttack", "Target":"You" }
{ "timestamp":"2023-07-31T03:45:59Z", "event":"UnderAttack", "Target":"You" }
{ "timestamp":"2023-07-31T03:45:59Z", "event":"UnderAttack", "Target":"You" }
{ "timestamp":"2023-07-31T03:46:22Z", "event":"UnderAttack", "Target":"You" }
{ "timestamp":"2023-07-31T03:46:22Z", "event":"UnderAttack", "Target":"You" }
{ "timestamp":"2023-07-31T03:46:24Z", "event":"UnderAttack", "Target":"You" }
{ "timestamp":"2023-07-31T03:46:25Z", "event":"UnderAttack", "Target":"You" }
{ "timestamp":"2023-07-31T03:46:25Z", "event":"UnderAttack", "Target":"You" }
{ "timestamp":"2023-07-31T03:46:26Z", "event":"UnderAttack", "Target":"You" }
{ "timestamp":"2023-07-31T03:46:47Z", "event":"MaterialCollected", "Category":"Manufactured", "Name":"guardian_sentinel_wreckagecomponents", "Name_Localised":"Обломки кораблекрушения Стражей", "Count":3 }
{ "timestamp":"2023-07-31T03:46:47Z", "event":"ShipLocker" }
{ "timestamp":"2023-07-31T03:46:53Z", "event":"MaterialCollected", "Category":"Manufactured", "Name":"guardian_sentinel_wreckagecomponents", "Name_Localised":"Обломки кораблекрушения Стражей", "Count":3 }
{ "timestamp":"2023-07-31T03:46:53Z", "event":"ShipLocker" }
{ "timestamp":"2023-07-31T03:46:56Z", "event":"MaterialCollected", "Category":"Manufactured", "Name":"guardian_sentinel_weaponparts", "Name_Localised":"Детали вооружения часовых Стражей", "Count":3 }
{ "timestamp":"2023-07-31T03:46:56Z", "event":"ShipLocker" }
{ "timestamp":"2023-07-31T03:47:04Z", "event":"MaterialCollected", "Category":"Manufactured", "Name":"guardian_sentinel_wreckagecomponents", "Name_Localised":"Обломки кораблекрушения Стражей", "Count":3 }
{ "timestamp":"2023-07-31T03:47:04Z", "event":"ShipLocker" }
{ "timestamp":"2023-07-31T03:48:04Z", "event":"DockSRV", "SRVType":"testbuggy", "SRVType_Localised":"ТРП «Скарабей»", "ID":7 }
{ "timestamp":"2023-07-31T03:48:04Z", "event":"Loadout", "Ship":"diamondbackxl", "ShipID":4, "ShipName":"", "ShipIdent":"DE-12D", "HullValue":1894760, "ModulesValue":8149867, "HullHealth":1.000000, "UnladenMass":329.000000, "CargoCapacity":16, "MaxJumpRange":59.091351, "FuelCapacity":{ "Main":32.000000, "Reserve":0.520000 }, "Rebuy":502231, "Modules":[ { "Slot":"TinyHardpoint1", "Item":"hpt_plasmapointdefence_turret_tiny", "On":true, "Priority":0, "AmmoInClip":8, "AmmoInHopper":9892, "Health":1.000000, "Value":15765 }, { "Slot":"TinyHardpoint2", "Item":"hpt_plasmapointdefence_turret_tiny", "On":true, "Priority":0, "AmmoInClip":4, "AmmoInHopper":9712, "Health":1.000000, "Value":18546 }, { "Slot":"TinyHardpoint3", "Item":"hpt_cloudscanner_size0_class2", "On":true, "Priority":2, "Health":1.000000, "Value":40633 }, { "Slot":"TinyHardpoint4", "Item":"hpt_heatsinklauncher_turret_tiny", "On":true, "Priority":0, "AmmoInClip":1, "AmmoInHopper":2, "Health":1.000000, "Value":3500 }, { "Slot":"PaintJob", "Item":"paintjob_diamondbackxl_vibrant_yellow", "On":true, "Priority":1, "Health":1.000000 }, { "Slot":"Armour", "Item":"diamondbackxl_armour_grade1", "On":true, "Priority":1, "Health":1.000000, "Engineering":{ "Engineer":"Selene Jean", "EngineerID":300210, "BlueprintID":128673643, "BlueprintName":"Armour_HeavyDuty", "Level":4, "Quality":1.000000, "ExperimentalEffect":"special_armour_chunky", "ExperimentalEffect_Localised":"Утолщенная броня", "Modifiers":[ { "Label":"DefenceModifierHealthMultiplier", "Value":146.888016, "OriginalValue":79.999992, "LessIsGood":0 }, { "Label":"KineticResistance", "Value":-18.656004, "OriginalValue":-20.000004, "LessIsGood":0 }, { "Label":"ThermicResistance", "Value":1.120007, "OriginalValue":0.000000, "LessIsGood":0 }, { "Label":"ExplosiveResistance", "Value":-38.431992, "OriginalValue":-39.999996, "LessIsGood":0 } ] } }, { "Slot":"PowerPlant", "Item":"int_powerplant_size4_class2", "On":true, "Priority":1, "Health":1.000000, "Value":45373, "Engineering":{ "Engineer":"Felicity Farseer", "EngineerID":300100, "BlueprintID":128673765, "BlueprintName":"PowerPlant_Boosted", "Level":1, "Quality":1.000000, "Modifiers":[ { "Label":"Integrity", "Value":60.799999, "OriginalValue":64.000000, "LessIsGood":0 }, { "Label":"PowerCapacity", "Value":13.104000, "OriginalValue":11.700000, "LessIsGood":0 }, { "Label":"HeatEfficiency", "Value":0.787500, "OriginalValue":0.750000, "LessIsGood":1 } ] } }, { "Slot":"MainEngines", "Item":"int_engine_size4_class2", "On":false, "Priority":0, "Health":1.000000, "Value":50689, "Engineering":{ "Engineer":"Felicity Farseer", "EngineerID":300100, "BlueprintID":128673657, "BlueprintName":"Engine_Dirty", "Level":3, "Quality":0.958600, "ExperimentalEffect":"special_engine_overloaded", "ExperimentalEffect_Localised":"Ускорители", "Modifiers":[ { "Label":"Integrity", "Value":58.239998, "OriginalValue":64.000000, "LessIsGood":0 }, { "Label":"PowerDraw", "Value":3.985200, "OriginalValue":3.690000, "LessIsGood":1 }, { "Label":"EngineOptimalMass", "Value":291.375000, "OriginalValue":315.000000, "LessIsGood":0 }, { "Label":"EngineOptPerformance", "Value":130.738388, "OriginalValue":100.000000, "LessIsGood":0 }, { "Label":"EngineHeatRate", "Value":2.002000, "OriginalValue":1.300000, "LessIsGood":1 } ] } }, { "Slot":"FrameShiftDrive", "Item":"int_hyperdrive_size5_class5", "On":true, "Priority":0, "Health":1.000000, "Value":4338361, "Engineering":{ "Engineer":"Felicity Farseer", "EngineerID":300100, "BlueprintID":128673694, "BlueprintName":"FSD_LongRange", "Level":5, "Quality":0.908000, "ExperimentalEffect":"special_fsd_heavy", "ExperimentalEffect_Localised":"Распределитель гравитации", "Modifiers":[ { "Label":"Mass", "Value":26.000000, "OriginalValue":20.000000, "LessIsGood":1 }, { "Label":"Integrity", "Value":93.840004, "OriginalValue":120.000000, "LessIsGood":0 }, { "Label":"PowerDraw", "Value":0.690000, "OriginalValue":0.600000, "LessIsGood":1 }, { "Label":"FSDOptimalMass", "Value":1682.553467, "OriginalValue":1050.000000, "LessIsGood":0 } ] } }, { "Slot":"LifeSupport", "Item":"int_lifesupport_size3_class2", "On":true, "Priority":0, "Health":1.000000, "Value":10133 }, { "Slot":"PowerDistributor", "Item":"int_powerdistributor_size4_class5", "On":true, "Priority":0, "Health":1.000000, "Value":443328, "Engineering":{ "Engineer":"The Dweller", "EngineerID":300180, "BlueprintID":128673739, "BlueprintName":"PowerDistributor_HighFrequency", "Level":5, "Quality":0.914400, "ExperimentalEffect":"special_powerdistributor_fast", "ExperimentalEffect_Localised":"Сверхпроводники", "Modifiers":[ { "Label":"WeaponsCapacity", "Value":29.183998, "OriginalValue":32.000000, "LessIsGood":0 }, { "Label":"WeaponsRecharge", "Value":5.249972, "OriginalValue":3.500000, "LessIsGood":0 }, { "Label":"EnginesCapacity", "Value":20.976000, "OriginalValue":23.000000, "LessIsGood":0 }, { "Label":"EnginesRecharge", "Value":2.849984, "OriginalValue":1.900000, "LessIsGood":0 }, { "Label":"SystemsCapacity", "Value":20.976000, "OriginalValue":23.000000, "LessIsGood":0 }, { "Label":"SystemsRecharge", "Value":2.849984, "OriginalValue":1.900000, "LessIsGood":0 } ] } }, { "Slot":"Radar", "Item":"int_sensors_size3_class2", "On":true, "Priority":0, "Health":1.000000, "Value":8614, "Engineering":{ "Engineer":"Felicity Farseer", "EngineerID":300100, "BlueprintID":128740132, "BlueprintName":"Sensor_LongRange", "Level":1, "Quality":0.986700, "Modifiers":[ { "Label":"Mass", "Value":2.400000, "OriginalValue":2.000000, "LessIsGood":1 }, { "Label":"SensorTargetScanAngle", "Value":27.000000, "OriginalValue":30.000000, "LessIsGood":0 }, { "Label":"Range", "Value":5579.279785, "OriginalValue":4860.000000, "LessIsGood":0 } ] } }, { "Slot":"FuelTank", "Item":"int_fueltank_size5_class3", "On":true, "Priority":1, "Health":1.000000 }, { "Slot":"Slot01_Size4", "Item":"int_fuelscoop_size4_class5", "On":true, "Priority":0, "Health":1.000000, "Value":2433010 }, { "Slot":"Slot02_Size4", "Item":"int_buggybay_size4_class2", "On":true, "Priority":2, "Health":1.000000, "Value":73440 }, { "Slot":"Slot03_Size3", "Item":"int_shieldgenerator_size3_class5", "On":true, "Priority":0, "Health":1.000000, "Value":431726, "Engineering":{ "Engineer":"Lei Cheung", "EngineerID":300120, "BlueprintID":128673839, "BlueprintName":"ShieldGenerator_Reinforced", "Level":5, "Quality":0.383300, "Modifiers":[ { "Label":"ShieldGenStrength", "Value":161.172028, "OriginalValue":120.000008, "LessIsGood":0 }, { "Label":"BrokenRegenRate", "Value":1.683000, "OriginalValue":1.870000, "LessIsGood":0 }, { "Label":"EnergyPerRegen", "Value":0.672000, "OriginalValue":0.600000, "LessIsGood":1 }, { "Label":"KineticResistance", "Value":48.789997, "OriginalValue":39.999996, "LessIsGood":0 }, { "Label":"ThermicResistance", "Value":-2.420008, "OriginalValue":-20.000004, "LessIsGood":0 }, { "Label":"ExplosiveResistance", "Value":57.325001, "OriginalValue":50.000000, "LessIsGood":0 } ] } }, { "Slot":"Slot04_Size3", "Item":"int_cargorack_size3_class1", "On":true, "Priority":1, "Health":1.000000, "Value":10563 }, { "Slot":"Slot05_Size2", "Item":"int_cargorack_size2_class1", "On":true, "Priority":1, "Health":1.000000, "Value":2763 }, { "Slot":"Slot06_Size2", "Item":"int_cargorack_size2_class1", "On":true, "Priority":1, "Health":1.000000, "Value":2763 }, { "Slot":"Slot07_Size1", "Item":"int_dronecontrol_collection_size1_class5", "On":true, "Priority":3, "Health":1.000000, "Value":8160 }, { "Slot":"Slot08_Size1", "Item":"int_detailedsurfacescanner_tiny", "On":true, "Priority":0, "Health":1.000000, "Value":212500, "Engineering":{ "Engineer":"Lei Cheung", "EngineerID":300120, "BlueprintID":128740150, "BlueprintName":"Sensor_Expanded", "Level":4, "Quality":0.485000, "Modifiers":[ { "Label":"PowerDraw", "Value":0.000000, "OriginalValue":0.000000, "LessIsGood":1 }, { "Label":"DSS_PatchRadius", "Value":26.970001, "OriginalValue":20.000000, "LessIsGood":0 } ] } }, { "Slot":"PlanetaryApproachSuite", "Item":"int_planetapproachsuite_advanced", "On":true, "Priority":1, "Health":1.000000 }, { "Slot":"Bobble03", "Item":"bobble_pilotmale", "On":true, "Priority":1, "Health":1.000000 }, { "Slot":"Bobble04", "Item":"bobble_pilotmale", "On":true, "Priority":1, "Health":1.000000 }, { "Slot":"Bobble07", "Item":"bobble_pilotmale", "On":true, "Priority":1, "Health":1.000000 }, { "Slot":"Bobble08", "Item":"bobble_pilotmale", "On":true, "Priority":1, "Health":1.000000 }, { "Slot":"VesselVoice", "Item":"voicepack_verity", "On":true, "Priority":1, "Health":1.000000 }, { "Slot":"ShipCockpit", "Item":"diamondbackxl_cockpit", "On":true, "Priority":1, "Health":1.000000 }, { "Slot":"CargoHatch", "Item":"modularcargobaydoor", "On":true, "Priority":4, "Health":1.000000 } ] }
{ "timestamp":"2023-07-31T03:48:06Z", "event":"ShipLocker", "Items":[  ], "Components":[  ], "Consumables":[  ], "Data":[  ] }
{ "timestamp":"2023-07-31T03:48:09Z", "event":"Cargo", "Vessel":"Ship", "Count":15 }
