{ "timestamp":"2024-03-17T03:36:06Z", "event":"Fileheader", "part":1, "language":"Russian/RU", "Odyssey":true, "gameversion":"4.0.0.1801", "build":"r300472/r0 " }
{ "timestamp":"2024-03-17T03:36:47Z", "event":"Friends", "Status":"Online", "Name":"KillingYourJoy" }
{ "timestamp":"2024-03-17T03:37:00Z", "event":"Commander", "FID":"F5726016", "Name":"DEE.COVAN" }
{ "timestamp":"2024-03-17T03:37:00Z", "event":"Materials", "Raw":[ { "Name":"sulphur", "Name_Localised":"Сера", "Count":170 }, { "Name":"carbon", "Name_Localised":"Углерод", "Count":56 }, { "Name":"chromium", "Name_Localised":"Хром", "Count":102 }, { "Name":"phosphorus", "Name_Localised":"Фосфор", "Count":132 }, { "Name":"nickel", "Name_Localised":"Никель", "Count":90 }, { "Name":"vanadium", "Name_Localised":"Ванадий", "Count":32 }, { "Name":"niobium", "Name_Localised":"Ниобий", "Count":44 }, { "Name":"iron", "Name_Localised":"Железо", "Count":84 }, { "Name":"cadmium", "Name_Localised":"Кадмий", "Count":119 }, { "Name":"manganese", "Name_Localised":"Марганец", "Count":80 }, { "Name":"germanium", "Name_Localised":"Германий", "Count":65 }, { "Name":"selenium", "Name_Localised":"Селен", "Count":24 }, { "Name":"tungsten", "Name_Localised":"Вольфрам", "Count":133 }, { "Name":"molybdenum", "Name_Localised":"Молибден", "Count":129 }, { "Name":"mercury", "Name_Localised":"Ртуть", "Count":140 }, { "Name":"arsenic", "Name_Localised":"Мышьяк", "Count":83 }, { "Name":"rhenium", "Name_Localised":"Рений", "Count":198 }, { "Name":"zinc", "Name_Localised":"Цинк", "Count":104 }, { "Name":"tin", "Name_Localised":"Олово", "Count":34 }, { "Name":"lead", "Name_Localised":"Свинец", "Count":195 }, { "Name":"zirconium", "Name_Localised":"Цирконий", "Count":64 }, { "Name":"boron", "Name_Localised":"Бор", "Count":135 } ], "Manufactured":[ { "Name":"shieldemitters", "Name_Localised":"Щитоизлучатели", "Count":61 }, { "Name":"mechanicalcomponents", "Name_Localised":"Механические компоненты", "Count":49 }, { "Name":"mechanicalequipment", "Name_Localised":"Механическое оборудование", "Count":1 }, { "Name":"highdensitycomposites", "Name_Localised":"Высокоплотностные композиты", "Count":18 }, { "Name":"protolightalloys", "Name_Localised":"Опытные легкие сплавы", "Count":8 }, { "Name":"protoradiolicalloys", "Name_Localised":"Сплавы для изготовления зондов", "Count":1 }, { "Name":"wornshieldemitters", "Name_Localised":"Изношенные щитоизлучатели", "Count":115 }, { "Name":"uncutfocuscrystals", "Name_Localised":"Поврежденные фокусировочные кристаллы", "Count":34 }, { "Name":"phasealloys", "Name_Localised":"Фазовые сплавы", "Count":57 }, { "Name":"galvanisingalloys", "Name_Localised":"Сплавы для гальванизации", "Count":186 }, { "Name":"crystalshards", "Name_Localised":"Осколки кристаллов", "Count":79 }, { "Name":"temperedalloys", "Name_Localised":"Закаленные сплавы", "Count":81 }, { "Name":"compactcomposites", "Name_Localised":"Спрессованные композиты", "Count":80 }, { "Name":"chemicalprocessors", "Name_Localised":"Оборудование для химобработки", "Count":63 }, { "Name":"filamentcomposites", "Name_Localised":"Волокнистые композиты", "Count":69 }, { "Name":"heatresistantceramics", "Name_Localised":"Жаропрочная керамика", "Count":53 }, { "Name":"shieldingsensors", "Name_Localised":"Сенсоры системы экранирования", "Count":32 }, { "Name":"salvagedalloys", "Name_Localised":"Захваченные сплавы", "Count":127 }, { "Name":"compoundshielding", "Name_Localised":"Многоступенчатая защита", "Count":3 }, { "Name":"focuscrystals", "Name_Localised":"Фокусировочные кристаллы", "Count":16 }, { "Name":"precipitatedalloys", "Name_Localised":"Осажденные сплавы", "Count":36 }, { "Name":"chemicaldistillery", "Name_Localised":"Оборудование для перегонки химикатов", "Count":62 }, { "Name":"thermicalloys", "Name_Localised":"Термические сплавы", "Count":27 }, { "Name":"refinedfocuscrystals", "Name_Localised":"Обработанные фокусировочные кристаллы", "Count":9 }, { "Name":"heatvanes", "Name_Localised":"Тепловые заслонки", "Count":13 }, { "Name":"chemicalstorageunits", "Name_Localised":"Контейнеры для химикатов", "Count":138 }, { "Name":"gridresistors", "Name_Localised":"Наборные резисторы", "Count":28 }, { "Name":"polymercapacitors", "Name_Localised":"Полимерные конденсаторы", "Count":1 }, { "Name":"chemicalmanipulators", "Name_Localised":"Манипуляторы для работы с химикатами", "Count":19 }, { "Name":"mechanicalscrap", "Name_Localised":"Механические отходы", "Count":92 }, { "Name":"conductivecomponents", "Name_Localised":"Проводящие компоненты", "Count":34 }, { "Name":"heatdispersionplate", "Name_Localised":"Теплорассеивающая пластина", "Count":55 }, { "Name":"heatexchangers", "Name_Localised":"Теплообменные агрегаты", "Count":64 }, { "Name":"heatconductionwiring", "Name_Localised":"Теплопроводящие провода", "Count":120 }, { "Name":"imperialshielding", "Name_Localised":"Имперская защита", "Count":99 }, { "Name":"basicconductors", "Name_Localised":"Простые проводники", "Count":118 }, { "Name":"electrochemicalarrays", "Name_Localised":"Электрохимические массивы", "Count":4 }, { "Name":"configurablecomponents", "Name_Localised":"Настраиваемые компоненты", "Count":8 }, { "Name":"conductivepolymers", "Name_Localised":"Проводящие полимеры", "Count":27 }, { "Name":"fedproprietarycomposites", "Name_Localised":"Патентованные композиты", "Count":31 }, { "Name":"improvisedcomponents", "Name_Localised":"Кустарные компоненты", "Count":2 }, { "Name":"guardian_sentinel_wreckagecomponents", "Name_Localised":"Обломки кораблекрушения Стражей", "Count":261 }, { "Name":"guardian_powerconduit", "Name_Localised":"Энергопроводники Стражей", "Count":230 }, { "Name":"guardian_sentinel_weaponparts", "Name_Localised":"Детали вооружения часовых Стражей", "Count":120 }, { "Name":"guardian_powercell", "Name_Localised":"Энергоячейка Стражей", "Count":187 }, { "Name":"guardian_techcomponent", "Name_Localised":"Компоненты технологий Стражей", "Count":4 }, { "Name":"biotechconductors", "Name_Localised":"Биотехнические проводники", "Count":8 }, { "Name":"unknownenergysource", "Name_Localised":"Обломок сенсора", "Count":50 }, { "Name":"militarygradealloys", "Name_Localised":"Сплавы военного класса", "Count":16 }, { "Name":"tg_wreckagecomponents", "Name_Localised":"Обломки кораблекрушений", "Count":12 }, { "Name":"tg_propulsionelement", "Name_Localised":"Реактивные элементы", "Count":36 }, { "Name":"tg_causticshard", "Name_Localised":"Едкий осколок", "Count":15 }, { "Name":"tg_biomechanicalconduits", "Name_Localised":"Биомеханические энергопроводники", "Count":9 } ], "Encoded":[ { "Name":"shieldcyclerecordings", "Name_Localised":"Поврежденные цикличные записи щита", "Count":269 }, { "Name":"legacyfirmware", "Name_Localised":"Специальные микропрограммы предыдущего поколения", "Count":46 }, { "Name":"emissiondata", "Name_Localised":"Неожиданные данные об излучении", "Count":16 }, { "Name":"shielddensityreports", "Name_Localised":"Нетипичные данные сканирования щитов", "Count":112 }, { "Name":"decodedemissiondata", "Name_Localised":"Расшифрованные данные об излучении", "Count":4 }, { "Name":"archivedemissiondata", "Name_Localised":"Нестандартные данные об излучении", "Count":31 }, { "Name":"shieldfrequencydata", "Name_Localised":"Специфические данные о частоте щитов", "Count":15 }, { "Name":"shieldsoakanalysis", "Name_Localised":"Неполный анализ поглощения щита", "Count":190 }, { "Name":"bulkscandata", "Name_Localised":"Аномальный массив данных сканирования", "Count":245 }, { "Name":"scandatabanks", "Name_Localised":"Засекреченные базы данных сканирования", "Count":200 }, { "Name":"encryptioncodes", "Name_Localised":"Меченые шифровальные коды", "Count":84 }, { "Name":"securityfirmware", "Name_Localised":"Обновление для защитной микропрограммы", "Count":118 }, { "Name":"encryptedfiles", "Name_Localised":"Особые зашифрованные файлы", "Count":254 }, { "Name":"encodedscandata", "Name_Localised":"Неформатные данные сканирования", "Count":81 }, { "Name":"industrialfirmware", "Name_Localised":"Взломанные промышленные микропрограммы", "Count":73 }, { "Name":"scanarchives", "Name_Localised":"Неопознанные архивы сканирования", "Count":147 }, { "Name":"classifiedscandata", "Name_Localised":"Засекреченные фрагменты данных сканирования", "Count":53 }, { "Name":"shieldpatternanalysis", "Name_Localised":"Анализ аномального поведения щита", "Count":53 }, { "Name":"embeddedfirmware", "Name_Localised":"Измененные встроенные микропрограммы", "Count":97 }, { "Name":"symmetrickeys", "Name_Localised":"Открытые симметричные ключи", "Count":90 }, { "Name":"disruptedwakeechoes", "Name_Localised":"Атипичное эхо поврежденного следа", "Count":139 }, { "Name":"wakesolutions", "Name_Localised":"Странные расчеты следа", "Count":11 }, { "Name":"dataminedwake", "Name_Localised":"Исключения из глубинного анализа данных следа", "Count":1 }, { "Name":"hyperspacetrajectories", "Name_Localised":"Аномальные траектории в гиперпространстве", "Count":10 }, { "Name":"fsdtelemetry", "Name_Localised":"Аномальная телеметрия FSD", "Count":79 }, { "Name":"scrambledemissiondata", "Name_Localised":"Исключительные зашифрованные данные об излучении", "Count":66 }, { "Name":"consumerfirmware", "Name_Localised":"Измененные пользовательские микропрограммы", "Count":24 }, { "Name":"compactemissionsdata", "Name_Localised":"Аномальные компактные данные об излучении", "Count":1 }, { "Name":"encryptionarchives", "Name_Localised":"Нетипичные архивы шифрования", "Count":1 }, { "Name":"adaptiveencryptors", "Name_Localised":"Захват адаптивного шифровальщика", "Count":1 }, { "Name":"ancientbiologicaldata", "Name_Localised":"Данные с обелиска «Альфа»", "Count":24 }, { "Name":"guardian_moduleblueprint", "Name_Localised":"Фрагмент чертежа модуля Стражей", "Count":6 }, { "Name":"ancientculturaldata", "Name_Localised":"Данные с обелиска «Бета»", "Count":20 }, { "Name":"ancientlanguagedata", "Name_Localised":"Данные с обелиска «Дельта»", "Count":3 }, { "Name":"ancienthistoricaldata", "Name_Localised":"Данные с обелиска «Гамма»", "Count":5 }, { "Name":"tg_shipflightdata", "Name_Localised":"Полетные данные корабля", "Count":21 }, { "Name":"tg_interdictiondata", "Name_Localised":"Телеметрия перехвата таргоидами", "Count":192 }, { "Name":"tg_shutdowndata", "Name_Localised":"Параметры сильного энергетического импульса", "Count":200 }, { "Name":"unknownshipsignature", "Name_Localised":"Сигнатура таргоидского корабля", "Count":9 }, { "Name":"tg_shipsystemsdata", "Name_Localised":"Данные бортовых систем корабля", "Count":15 } ] }
{ "timestamp":"2024-03-17T03:37:00Z", "event":"Rank", "Combat":3, "Trade":5, "Explore":6, "Soldier":0, "Exobiologist":5, "Empire":4, "Federation":4, "CQC":0 }
{ "timestamp":"2024-03-17T03:37:00Z", "event":"Progress", "Combat":73, "Trade":29, "Explore":76, "Soldier":0, "Exobiologist":23, "Empire":84, "Federation":60, "CQC":0 }
{ "timestamp":"2024-03-17T03:37:00Z", "event":"Reputation", "Empire":79.613403, "Federation":75.082802, "Independent":0.000000, "Alliance":13.135800 }
{ "timestamp":"2024-03-17T03:37:00Z", "event":"EngineerProgress", "Engineers":[ { "Engineer":"Hera Tani", "EngineerID":300090, "Progress":"Unlocked", "RankProgress":0, "Rank":5 }, { "Engineer":"The Sarge", "EngineerID":300040, "Progress":"Unlocked", "RankProgress":0, "Rank":5 }, { "Engineer":"Professor Palin", "EngineerID":300220, "Progress":"Unlocked", "RankProgress":0, "Rank":5 }, { "Engineer":"Felicity Farseer", "EngineerID":300100, "Progress":"Unlocked", "RankProgress":0, "Rank":5 }, { "Engineer":"Eleanor Bresa", "EngineerID":400011, "Progress":"Known" }, { "Engineer":"Hero Ferrari", "EngineerID":400003, "Progress":"Known" }, { "Engineer":"Tiana Fortune", "EngineerID":300270, "Progress":"Invited" }, { "Engineer":"Jude Navarro", "EngineerID":400001, "Progress":"Known" }, { "Engineer":"Broo Tarquin", "EngineerID":300030, "Progress":"Unlocked", "RankProgress":0, "Rank":5 }, { "Engineer":"Etienne Dorn", "EngineerID":300290, "Progress":"Invited" }, { "Engineer":"Lori Jameson", "EngineerID":300230, "Progress":"Known" }, { "Engineer":"Bill Turner", "EngineerID":300010, "Progress":"Known" }, { "Engineer":"Liz Ryder", "EngineerID":300080, "Progress":"Unlocked", "RankProgress":0, "Rank":5 }, { "Engineer":"Rosa Dayette", "EngineerID":400012, "Progress":"Known" }, { "Engineer":"Juri Ishmaak", "EngineerID":300250, "Progress":"Unlocked", "RankProgress":0, "Rank":5 }, { "Engineer":"Zacariah Nemo", "EngineerID":300050, "Progress":"Known" }, { "Engineer":"Mel Brandon", "EngineerID":300280, "Progress":"Known" }, { "Engineer":"Selene Jean", "EngineerID":300210, "Progress":"Unlocked", "RankProgress":0, "Rank":5 }, { "Engineer":"Marco Qwent", "EngineerID":300200, "Progress":"Unlocked", "RankProgress":0, "Rank":5 }, { "Engineer":"Chloe Sedesi", "EngineerID":300300, "Progress":"Unlocked", "RankProgress":9, "Rank":3 }, { "Engineer":"Baltanos", "EngineerID":400010, "Progress":"Known" }, { "Engineer":"Petra Olmanova", "EngineerID":300130, "Progress":"Known" }, { "Engineer":"Ram Tah", "EngineerID":300110, "Progress":"Invited" }, { "Engineer":"The Dweller", "EngineerID":300180, "Progress":"Unlocked", "RankProgress":0, "Rank":5 }, { "Engineer":"Elvira Martuuk", "EngineerID":300160, "Progress":"Unlocked", "RankProgress":0, "Rank":5 }, { "Engineer":"Lei Cheung", "EngineerID":300120, "Progress":"Unlocked", "RankProgress":0, "Rank":5 }, { "Engineer":"Colonel Bris Dekker", "EngineerID":300140, "Progress":"Invited" }, { "Engineer":"Didi Vatermann", "EngineerID":300000, "Progress":"Unlocked", "RankProgress":0, "Rank":5 }, { "Engineer":"Tod 'The Blaster' McQuinn", "EngineerID":300260, "Progress":"Unlocked", "RankProgress":37, "Rank":3 }, { "Engineer":"Domino Green", "EngineerID":400002, "Progress":"Known" }, { "Engineer":"Marsha Hicks", "EngineerID":300150, "Progress":"Invited" } ] }
{ "timestamp":"2024-03-17T03:37:01Z", "event":"LoadGame", "FID":"F5726016", "Commander":"DEE.COVAN", "Horizons":true, "Odyssey":true, "Ship":"TestBuggy", "Ship_Localised":"ТРП «Скарабей»", "ShipID":16, "ShipName":"", "ShipIdent":"", "FuelLevel":0.000000, "FuelCapacity":0.000000, "StartLanded":true, "GameMode":"Solo", "Credits":1051647997, "Loan":0, "language":"Russian/RU", "gameversion":"4.0.0.1801", "build":"r300472/r0 " }
{ "timestamp":"2024-03-17T03:37:01Z", "event":"SquadronStartup", "SquadronName":"DEE CARTEL", "CurrentRank":0 }
{ "timestamp":"2024-03-17T03:37:03Z", "event":"Statistics", "Bank_Account":{ "Current_Wealth":6846159417, "Spent_On_Ships":245023121, "Spent_On_Outfitting":635592281, "Spent_On_Repairs":1866286, "Spent_On_Fuel":94740, "Spent_On_Ammo_Consumables":3321027, "Insurance_Claims":58, "Spent_On_Insurance":655620428, "Owned_Ship_Count":7, "Spent_On_Suits":13200000, "Spent_On_Weapons":6875000, "Spent_On_Suit_Consumables":0, "Suits_Owned":4, "Weapons_Owned":11, "Spent_On_Premium_Stock":18625000, "Premium_Stock_Bought":12 }, "Combat":{ "Bounties_Claimed":123, "Bounty_Hunting_Profit":23757116, "Combat_Bonds":447, "Combat_Bond_Profits":10417712943, "Assassinations":1, "Assassination_Profits":25208, "Highest_Single_Reward":660372, "Skimmers_Killed":16, "OnFoot_Combat_Bonds":0, "OnFoot_Combat_Bonds_Profits":0, "OnFoot_Vehicles_Destroyed":0, "OnFoot_Ships_Destroyed":0, "Dropships_Taken":0, "Dropships_Booked":0, "Dropships_Cancelled":0, "ConflictZone_High":0, "ConflictZone_Medium":0, "ConflictZone_Low":0, "ConflictZone_Total":0, "ConflictZone_High_Wins":0, "ConflictZone_Medium_Wins":0, "ConflictZone_Low_Wins":0, "ConflictZone_Total_Wins":0, "Settlement_Defended":0, "Settlement_Conquered":0, "OnFoot_Skimmers_Killed":0, "OnFoot_Scavs_Killed":0 }, "Crime":{ "Notoriety":0, "Fines":18, "Total_Fines":51620, "Bounties_Received":139, "Total_Bounties":33600, "Highest_Bounty":5000, "Malware_Uploaded":0, "Settlements_State_Shutdown":0, "Production_Sabotage":0, "Production_Theft":0, "Total_Murders":0, "Citizens_Murdered":0, "Omnipol_Murdered":0, "Guards_Murdered":0, "Data_Stolen":0, "Goods_Stolen":0, "Sample_Stolen":0, "Total_Stolen":0, "Turrets_Destroyed":0, "Turrets_Overloaded":0, "Turrets_Total":0, "Value_Stolen_StateChange":0, "Profiles_Cloned":0 }, "Smuggling":{ "Black_Markets_Traded_With":6, "Black_Markets_Profits":34893, "Resources_Smuggled":36, "Average_Profit":4984.7142857143, "Highest_Single_Transaction":21462 }, "Trading":{ "Markets_Traded_With":29, "Market_Profits":31964388, "Resources_Traded":2719, "Average_Profit":551110.13793103, "Highest_Single_Transaction":21158172, "Data_Sold":0, "Goods_Sold":0, "Assets_Sold":0 }, "Mining":{ "Mining_Profits":50000000, "Quantity_Mined":0, "Materials_Collected":14410 }, "Exploration":{ "Systems_Visited":1008, "Exploration_Profits":68706932, "Planets_Scanned_To_Level_2":4581, "Planets_Scanned_To_Level_3":4581, "Efficient_Scans":85, "Highest_Payout":5980397, "Total_Hyperspace_Distance":50923, "Total_Hyperspace_Jumps":1389, "Greatest_Distance_From_Start":5827.0190239159, "Time_Played":7709640, "OnFoot_Distance_Travelled":13383, "Shuttle_Journeys":0, "Shuttle_Distance_Travelled":0, "Spent_On_Shuttles":0, "First_Footfalls":25, "Planet_Footfalls":40, "Settlements_Visited":2 }, "Passengers":{ "Passengers_Missions_Accepted":146, "Passengers_Missions_Disgruntled":8, "Passengers_Missions_Bulk":0, "Passengers_Missions_VIP":1156, "Passengers_Missions_Delivered":1156, "Passengers_Missions_Ejected":8 }, "Search_And_Rescue":{ "SearchRescue_Traded":41, "SearchRescue_Profit":1023712, "SearchRescue_Count":27, "Salvage_Legal_POI":0, "Salvage_Legal_Settlements":0, "Salvage_Illegal_POI":0, "Salvage_Illegal_Settlements":0, "Maglocks_Opened":0, "Panels_Opened":0, "Settlements_State_FireOut":0, "Settlements_State_Reboot":0 }, "TG_ENCOUNTERS":{ "TG_ENCOUNTER_KILLED":217, "TG_ENCOUNTER_TOTAL":35, "TG_ENCOUNTER_TOTAL_LAST_SYSTEM":"Varlawoth", "TG_ENCOUNTER_TOTAL_LAST_TIMESTAMP":"3309-11-06 12:19", "TG_ENCOUNTER_TOTAL_LAST_SHIP":"Python" }, "Crafting":{ "Count_Of_Used_Engineers":14, "Recipes_Generated":928, "Recipes_Generated_Rank_1":144, "Recipes_Generated_Rank_2":169, "Recipes_Generated_Rank_3":233, "Recipes_Generated_Rank_4":223, "Recipes_Generated_Rank_5":159, "Suit_Mods_Applied":0, "Weapon_Mods_Applied":0, "Suits_Upgraded":0, "Weapons_Upgraded":0, "Suits_Upgraded_Full":0, "Weapons_Upgraded_Full":0, "Suit_Mods_Applied_Full":0, "Weapon_Mods_Applied_Full":0 }, "Crew":{ "NpcCrew_TotalWages":1619691460, "NpcCrew_Hired":2, "NpcCrew_Fired":1, "NpcCrew_Died":44 }, "Multicrew":{ "Multicrew_Time_Total":29723, "Multicrew_Gunner_Time_Total":0, "Multicrew_Fighter_Time_Total":1560, "Multicrew_Credits_Total":171412501, "Multicrew_Fines_Total":0 }, "Material_Trader_Stats":{ "Trades_Completed":394, "Materials_Traded":15210, "Encoded_Materials_Traded":1917, "Raw_Materials_Traded":4790, "Grade_1_Materials_Traded":4406, "Grade_2_Materials_Traded":3198, "Grade_3_Materials_Traded":3947, "Grade_4_Materials_Traded":2838, "Grade_5_Materials_Traded":821, "Assets_Traded_In":0, "Assets_Traded_Out":0 }, "FLEETCARRIER":{ "FLEETCARRIER_EXPORT_TOTAL":214, "FLEETCARRIER_IMPORT_TOTAL":994, "FLEETCARRIER_TRADEPROFIT_TOTAL":21724, "FLEETCARRIER_TRADESPEND_TOTAL":75578258, "FLEETCARRIER_STOLENPROFIT_TOTAL":0, "FLEETCARRIER_STOLENSPEND_TOTAL":0, "FLEETCARRIER_DISTANCE_TRAVELLED":1898.6061801658, "FLEETCARRIER_TOTAL_JUMPS":14, "FLEETCARRIER_SHIPYARD_SOLD":0, "FLEETCARRIER_SHIPYARD_PROFIT":51116802, "FLEETCARRIER_OUTFITTING_SOLD":22, "FLEETCARRIER_OUTFITTING_PROFIT":1435357333, "FLEETCARRIER_REARM_TOTAL":23, "FLEETCARRIER_REFUEL_TOTAL":51, "FLEETCARRIER_REFUEL_PROFIT":141, "FLEETCARRIER_REPAIRS_TOTAL":27, "FLEETCARRIER_VOUCHERS_REDEEMED":85, "FLEETCARRIER_VOUCHERS_PROFIT":1887085000 }, "Exobiology":{ "Organic_Genus_Encountered":13, "Organic_Species_Encountered":33, "Organic_Variant_Encountered":46, "Organic_Data_Profits":1385070000, "Organic_Data":69, "First_Logged_Profits":1068452400, "First_Logged":58, "Organic_Systems":18, "Organic_Planets":29, "Organic_Genus":7, "Organic_Species":13 } }
{ "timestamp":"2024-03-17T03:37:11Z", "event":"ReceiveText", "From":"", "Message":"$COMMS_entered:#name=Kappa-1 Volantis;", "Message_Localised":"Включенный канал: Kappa-1 Volantis", "Channel":"npc" }
{ "timestamp":"2024-03-17T03:37:11Z", "event":"FSSSignalDiscovered", "SystemAddress":211772499132, "SignalName":"BOCHKA V7N-WXL", "SignalType":"FleetCarrier", "IsStation":true }
{ "timestamp":"2024-03-17T03:37:11Z", "event":"FSSSignalDiscovered", "SystemAddress":211772499132, "SignalName":"The Gnosis", "SignalType":"StationMegaShip", "IsStation":true }
{ "timestamp":"2024-03-17T03:37:11Z", "event":"Location", "Latitude":-0.769292, "Longitude":158.001419, "DistFromStarLS":3357.234492, "Docked":false, "InSRV":true, "StarSystem":"Kappa-1 Volantis", "SystemAddress":211772499132, "StarPos":[396.90625,-142.56250,106.09375], "SystemAllegiance":"", "SystemEconomy":"$economy_None;", "SystemEconomy_Localised":"Нет", "SystemSecondEconomy":"$economy_None;", "SystemSecondEconomy_Localised":"Нет", "SystemGovernment":"$government_None;", "SystemGovernment_Localised":"Нет", "SystemSecurity":"$GAlAXY_MAP_INFO_state_anarchy;", "SystemSecurity_Localised":"Анархия", "Population":0, "Body":"Kappa-1 Volantis B 3 f a", "BodyID":39, "BodyType":"Planet", "SystemFaction":{ "Name":"Canonn Gnosis Division" } }
{ "timestamp":"2024-03-17T03:37:11Z", "event":"Powerplay", "Power":"Aisling Duval", "Rank":1, "Merits":810, "Votes":0, "TimePledged":1767084 }
{ "timestamp":"2024-03-17T03:37:11Z", "event":"Music", "MusicTrack":"NoTrack" }
{ "timestamp":"2024-03-17T03:37:11Z", "event":"ShipLocker", "Items":[  ], "Components":[  ], "Consumables":[  ], "Data":[  ] }
{ "timestamp":"2024-03-17T03:37:11Z", "event":"Missions", "Active":[  ], "Failed":[  ], "Complete":[  ] }
{ "timestamp":"2024-03-17T03:37:11Z", "event":"SAASignalsFound", "BodyName":"Kappa-1 Volantis B 3 f a", "SystemAddress":211772499132, "BodyID":39, "Signals":[ { "Type":"$SAA_SignalType_Biological;", "Type_Localised":"Биологический", "Count":1 }, { "Type":"$SAA_SignalType_Geological;", "Type_Localised":"Геологический", "Count":3 }, { "Type":"$SAA_SignalType_Human;", "Type_Localised":"Люди", "Count":1 } ], "Genuses":[ { "Genus":"$Codex_Ent_Brancae_Name;", "Genus_Localised":"Мозговые деревья" } ] }
{ "timestamp":"2024-03-17T03:37:11Z", "event":"Music", "MusicTrack":"Exploration" }
{ "timestamp":"2024-03-17T03:37:14Z", "event":"Cargo", "Vessel":"SRV", "Count":0, "Inventory":[  ] }
{ "timestamp":"2024-03-17T03:37:36Z", "event":"Music", "MusicTrack":"Combat_SRV" }
{ "timestamp":"2024-03-17T03:37:36Z", "event":"Music", "MusicTrack":"Exploration" }
{ "timestamp":"2024-03-17T03:37:36Z", "event":"Music", "MusicTrack":"Combat_SRV" }
{ "timestamp":"2024-03-17T03:37:43Z", "event":"Bounty", "Rewards":[ { "Faction":"Canonn Gnosis Division", "Reward":1000 } ], "Target":"skimmerdrone", "Target_Localised":"Оборонный беспилотник с автотурелью", "TotalReward":1000, "VictimFaction":"Canonn Gnosis Division" }
{ "timestamp":"2024-03-17T03:37:50Z", "event":"Bounty", "Rewards":[ { "Faction":"Canonn Gnosis Division", "Reward":1000 } ], "Target":"skimmerdrone", "Target_Localised":"Оборонный беспилотник с автотурелью", "TotalReward":1000, "VictimFaction":"Canonn Gnosis Division" }
{ "timestamp":"2024-03-17T03:37:53Z", "event":"Bounty", "Rewards":[ { "Faction":"Canonn Gnosis Division", "Reward":1000 } ], "Target":"bombskimmerdrone", "Target_Localised":"Stinger", "TotalReward":1000, "VictimFaction":"Canonn Gnosis Division" }
{ "timestamp":"2024-03-17T03:37:53Z", "event":"Music", "MusicTrack":"Exploration" }
{ "timestamp":"2024-03-17T03:38:29Z", "event":"ShipLocker" }
{ "timestamp":"2024-03-17T03:38:29Z", "event":"MaterialCollected", "Category":"Raw", "Name":"chromium", "Name_Localised":"Хром", "Count":3 }
{ "timestamp":"2024-03-17T03:38:34Z", "event":"ShipTargeted", "TargetLocked":true, "Ship":"diamondbackxl", "Ship_Localised":"Diamondback Explorer", "ScanStage":0 }
{ "timestamp":"2024-03-17T03:38:34Z", "event":"ShipTargeted", "TargetLocked":true, "Ship":"diamondbackxl", "Ship_Localised":"Diamondback Explorer", "ScanStage":3, "PilotName":"$RolePanel2_unmanned; $cmdr_decorate:#name=DEE.COVAN;", "PilotName_Localised":"Беспилотный КМДР DEE.COVAN", "PilotRank":"Competent", "SquadronID":"DEEC", "ShieldHealth":100.000000, "HullHealth":100.000000, "LegalStatus":"Clean", "Power":"Aisling Duval" }
{ "timestamp":"2024-03-17T03:38:36Z", "event":"ShipTargeted", "TargetLocked":false }
{ "timestamp":"2024-03-17T03:38:41Z", "event":"ShipLocker" }
{ "timestamp":"2024-03-17T03:38:42Z", "event":"MaterialCollected", "Category":"Raw", "Name":"zinc", "Name_Localised":"Цинк", "Count":3 }
{ "timestamp":"2024-03-17T03:38:49Z", "event":"Friends", "Status":"Online", "Name":"KillingYourJoy" }
{ "timestamp":"2024-03-17T03:38:54Z", "event":"ShipLocker" }
{ "timestamp":"2024-03-17T03:38:54Z", "event":"MaterialCollected", "Category":"Raw", "Name":"zinc", "Name_Localised":"Цинк", "Count":3 }
{ "timestamp":"2024-03-17T03:39:11Z", "event":"ShipLocker" }
{ "timestamp":"2024-03-17T03:39:11Z", "event":"MaterialCollected", "Category":"Raw", "Name":"chromium", "Name_Localised":"Хром", "Count":3 }
{ "timestamp":"2024-03-17T03:39:33Z", "event":"ShipLocker" }
{ "timestamp":"2024-03-17T03:39:33Z", "event":"MaterialCollected", "Category":"Manufactured", "Name":"salvagedalloys", "Name_Localised":"Захваченные сплавы", "Count":3 }
{ "timestamp":"2024-03-17T03:40:12Z", "event":"DatalinkScan", "Message":"$DATAPOINT_GAMEPLAY_complete;", "Message_Localised":"Внимание: все каналы телеметрии датчика установлены, сформирован пакет разведданных." }
{ "timestamp":"2024-03-17T03:40:13Z", "event":"DatalinkVoucher", "Reward":5083, "VictimFaction":"", "PayeeFaction":"Empire" }
{ "timestamp":"2024-03-17T03:40:13Z", "event":"ShipLocker" }
{ "timestamp":"2024-03-17T03:40:13Z", "event":"MaterialCollected", "Category":"Encoded", "Name":"legacyfirmware", "Name_Localised":"Специальные микропрограммы предыдущего поколения", "Count":6 }
{ "timestamp":"2024-03-17T03:40:13Z", "event":"MaterialCollected", "Category":"Encoded", "Name":"encryptedfiles", "Name_Localised":"Особые зашифрованные файлы", "Count":3 }
{ "timestamp":"2024-03-17T03:40:50Z", "event":"ShipLocker" }
{ "timestamp":"2024-03-17T03:40:50Z", "event":"MaterialCollected", "Category":"Raw", "Name":"selenium", "Name_Localised":"Селен", "Count":3 }
{ "timestamp":"2024-03-17T03:41:02Z", "event":"ShipLocker" }
{ "timestamp":"2024-03-17T03:41:03Z", "event":"MaterialCollected", "Category":"Raw", "Name":"zinc", "Name_Localised":"Цинк", "Count":3 }
{ "timestamp":"2024-03-17T03:41:18Z", "event":"ShipLocker" }
{ "timestamp":"2024-03-17T03:41:18Z", "event":"MaterialCollected", "Category":"Raw", "Name":"chromium", "Name_Localised":"Хром", "Count":3 }
{ "timestamp":"2024-03-17T03:41:37Z", "event":"ShipLocker" }
{ "timestamp":"2024-03-17T03:41:37Z", "event":"MaterialCollected", "Category":"Raw", "Name":"chromium", "Name_Localised":"Хром", "Count":3 }
{ "timestamp":"2024-03-17T03:41:51Z", "event":"ShipLocker" }
{ "timestamp":"2024-03-17T03:41:51Z", "event":"MaterialCollected", "Category":"Raw", "Name":"selenium", "Name_Localised":"Селен", "Count":3 }
{ "timestamp":"2024-03-17T03:42:02Z", "event":"ShipLocker" }
{ "timestamp":"2024-03-17T03:42:02Z", "event":"MaterialCollected", "Category":"Raw", "Name":"chromium", "Name_Localised":"Хром", "Count":3 }
{ "timestamp":"2024-03-17T03:42:11Z", "event":"ShipLocker" }
{ "timestamp":"2024-03-17T03:42:12Z", "event":"MaterialCollected", "Category":"Raw", "Name":"zinc", "Name_Localised":"Цинк", "Count":3 }
{ "timestamp":"2024-03-17T03:42:20Z", "event":"ShipLocker" }
{ "timestamp":"2024-03-17T03:42:20Z", "event":"MaterialCollected", "Category":"Raw", "Name":"selenium", "Name_Localised":"Селен", "Count":3 }
{ "timestamp":"2024-03-17T03:42:38Z", "event":"ShipLocker" }
{ "timestamp":"2024-03-17T03:42:38Z", "event":"MaterialCollected", "Category":"Raw", "Name":"chromium", "Name_Localised":"Хром", "Count":3 }
{ "timestamp":"2024-03-17T03:42:44Z", "event":"ShipLocker" }
{ "timestamp":"2024-03-17T03:42:44Z", "event":"MaterialCollected", "Category":"Raw", "Name":"selenium", "Name_Localised":"Селен", "Count":3 }
{ "timestamp":"2024-03-17T03:43:02Z", "event":"ShipLocker" }
{ "timestamp":"2024-03-17T03:43:02Z", "event":"MaterialCollected", "Category":"Raw", "Name":"selenium", "Name_Localised":"Селен", "Count":3 }
{ "timestamp":"2024-03-17T03:43:22Z", "event":"ShipLocker" }
{ "timestamp":"2024-03-17T03:43:22Z", "event":"MaterialCollected", "Category":"Raw", "Name":"zinc", "Name_Localised":"Цинк", "Count":3 }
{ "timestamp":"2024-03-17T03:43:33Z", "event":"ShipLocker" }
{ "timestamp":"2024-03-17T03:43:33Z", "event":"MaterialCollected", "Category":"Raw", "Name":"chromium", "Name_Localised":"Хром", "Count":3 }
{ "timestamp":"2024-03-17T03:43:44Z", "event":"ShipLocker" }
{ "timestamp":"2024-03-17T03:43:44Z", "event":"MaterialCollected", "Category":"Raw", "Name":"zinc", "Name_Localised":"Цинк", "Count":3 }
{ "timestamp":"2024-03-17T03:43:57Z", "event":"ShipLocker" }
{ "timestamp":"2024-03-17T03:43:57Z", "event":"MaterialCollected", "Category":"Raw", "Name":"chromium", "Name_Localised":"Хром", "Count":3 }
{ "timestamp":"2024-03-17T03:44:06Z", "event":"ShipLocker" }
{ "timestamp":"2024-03-17T03:44:06Z", "event":"MaterialCollected", "Category":"Raw", "Name":"chromium", "Name_Localised":"Хром", "Count":3 }
{ "timestamp":"2024-03-17T03:44:16Z", "event":"ShipLocker" }
{ "timestamp":"2024-03-17T03:44:16Z", "event":"MaterialCollected", "Category":"Raw", "Name":"chromium", "Name_Localised":"Хром", "Count":3 }
{ "timestamp":"2024-03-17T03:44:40Z", "event":"ShipLocker" }
{ "timestamp":"2024-03-17T03:44:40Z", "event":"MaterialCollected", "Category":"Raw", "Name":"chromium", "Name_Localised":"Хром", "Count":3 }
{ "timestamp":"2024-03-17T03:44:45Z", "event":"ShipLocker" }
{ "timestamp":"2024-03-17T03:44:45Z", "event":"MaterialCollected", "Category":"Raw", "Name":"chromium", "Name_Localised":"Хром", "Count":3 }
{ "timestamp":"2024-03-17T03:44:54Z", "event":"ShipLocker" }
{ "timestamp":"2024-03-17T03:44:54Z", "event":"MaterialCollected", "Category":"Raw", "Name":"zinc", "Name_Localised":"Цинк", "Count":3 }
{ "timestamp":"2024-03-17T03:45:03Z", "event":"ShipLocker" }
{ "timestamp":"2024-03-17T03:45:03Z", "event":"MaterialCollected", "Category":"Raw", "Name":"chromium", "Name_Localised":"Хром", "Count":3 }
{ "timestamp":"2024-03-17T03:45:21Z", "event":"ShipLocker" }
{ "timestamp":"2024-03-17T03:45:21Z", "event":"MaterialCollected", "Category":"Raw", "Name":"zinc", "Name_Localised":"Цинк", "Count":3 }
{ "timestamp":"2024-03-17T03:45:39Z", "event":"ShipLocker" }
{ "timestamp":"2024-03-17T03:45:39Z", "event":"MaterialCollected", "Category":"Raw", "Name":"selenium", "Name_Localised":"Селен", "Count":3 }
{ "timestamp":"2024-03-17T03:45:56Z", "event":"ShipLocker" }
{ "timestamp":"2024-03-17T03:45:57Z", "event":"MaterialCollected", "Category":"Raw", "Name":"chromium", "Name_Localised":"Хром", "Count":3 }
{ "timestamp":"2024-03-17T03:46:10Z", "event":"ShipLocker" }
{ "timestamp":"2024-03-17T03:46:10Z", "event":"MaterialCollected", "Category":"Raw", "Name":"zinc", "Name_Localised":"Цинк", "Count":3 }
{ "timestamp":"2024-03-17T03:46:33Z", "event":"ShipLocker" }
{ "timestamp":"2024-03-17T03:46:33Z", "event":"MaterialCollected", "Category":"Raw", "Name":"zinc", "Name_Localised":"Цинк", "Count":3 }
{ "timestamp":"2024-03-17T03:46:43Z", "event":"ShipLocker" }
{ "timestamp":"2024-03-17T03:46:43Z", "event":"MaterialCollected", "Category":"Raw", "Name":"zinc", "Name_Localised":"Цинк", "Count":3 }
{ "timestamp":"2024-03-17T03:47:00Z", "event":"ShipLocker" }
{ "timestamp":"2024-03-17T03:47:00Z", "event":"MaterialCollected", "Category":"Raw", "Name":"selenium", "Name_Localised":"Селен", "Count":3 }
{ "timestamp":"2024-03-17T03:47:14Z", "event":"ShipLocker" }
{ "timestamp":"2024-03-17T03:47:14Z", "event":"MaterialCollected", "Category":"Raw", "Name":"selenium", "Name_Localised":"Селен", "Count":3 }
{ "timestamp":"2024-03-17T03:47:39Z", "event":"ShipLocker" }
{ "timestamp":"2024-03-17T03:47:39Z", "event":"MaterialCollected", "Category":"Raw", "Name":"selenium", "Name_Localised":"Селен", "Count":3 }
{ "timestamp":"2024-03-17T03:47:55Z", "event":"ShipLocker" }
{ "timestamp":"2024-03-17T03:47:55Z", "event":"MaterialCollected", "Category":"Raw", "Name":"chromium", "Name_Localised":"Хром", "Count":3 }
{ "timestamp":"2024-03-17T03:48:33Z", "event":"ShipLocker" }
{ "timestamp":"2024-03-17T03:48:33Z", "event":"MaterialCollected", "Category":"Raw", "Name":"selenium", "Name_Localised":"Селен", "Count":3 }
{ "timestamp":"2024-03-17T03:48:46Z", "event":"ShipLocker" }
{ "timestamp":"2024-03-17T03:48:46Z", "event":"MaterialCollected", "Category":"Raw", "Name":"chromium", "Name_Localised":"Хром", "Count":3 }
{ "timestamp":"2024-03-17T03:48:58Z", "event":"ShipLocker" }
{ "timestamp":"2024-03-17T03:48:58Z", "event":"MaterialCollected", "Category":"Raw", "Name":"zinc", "Name_Localised":"Цинк", "Count":3 }
{ "timestamp":"2024-03-17T03:49:10Z", "event":"ShipLocker" }
{ "timestamp":"2024-03-17T03:49:10Z", "event":"MaterialCollected", "Category":"Raw", "Name":"chromium", "Name_Localised":"Хром", "Count":3 }
{ "timestamp":"2024-03-17T03:49:30Z", "event":"ShipLocker" }
{ "timestamp":"2024-03-17T03:49:30Z", "event":"MaterialCollected", "Category":"Raw", "Name":"selenium", "Name_Localised":"Селен", "Count":3 }
{ "timestamp":"2024-03-17T03:49:50Z", "event":"ShipLocker" }
{ "timestamp":"2024-03-17T03:49:51Z", "event":"MaterialCollected", "Category":"Raw", "Name":"chromium", "Name_Localised":"Хром", "Count":3 }
{ "timestamp":"2024-03-17T03:50:10Z", "event":"ShipLocker" }
{ "timestamp":"2024-03-17T03:50:10Z", "event":"MaterialCollected", "Category":"Raw", "Name":"chromium", "Name_Localised":"Хром", "Count":3 }
{ "timestamp":"2024-03-17T03:50:22Z", "event":"ShipLocker" }
{ "timestamp":"2024-03-17T03:50:22Z", "event":"MaterialCollected", "Category":"Raw", "Name":"zinc", "Name_Localised":"Цинк", "Count":3 }
{ "timestamp":"2024-03-17T03:50:44Z", "event":"ShipLocker" }
{ "timestamp":"2024-03-17T03:50:44Z", "event":"MaterialCollected", "Category":"Raw", "Name":"chromium", "Name_Localised":"Хром", "Count":3 }
{ "timestamp":"2024-03-17T03:51:29Z", "event":"Shutdown" }
