EventCache:v2,r297330
AudioOption_Volume|name=SoundEffectsVolume&setting=UnMuted&minutesUsed=25|1699024993|1523|3597159740
AudioOption_Volume|name=MusicVolume&setting=Muted&minutesUsed=25|1699024993|1523|3225224903
AudioOption_Volume|name=WaveScannerVolume&setting=UnMuted&minutesUsed=25|1699024993|1523|331955834
AudioOption_Volume|name=ShipVoiceVolume&setting=UnMuted&minutesUsed=25|1699024993|1523|918434244
AudioOption_Volume|name=SuitVoiceVolume&setting=UnMuted&minutesUsed=25|1699024993|1523|815539888
AudioOption_Volume|name=NpcVoiceCommsVolume&setting=UnMuted&minutesUsed=25|1699024993|1523|3209099656
AudioOption_Volume|name=PlayerVoiceCommsVolume&setting=UnMuted&minutesUsed=25|1699024993|1523|3983277661
AudioOption_Volume|name=PlaylistVolume&setting=UnMuted&minutesUsed=25|1699024993|1523|1789902033
AudioOption_Volume|name=VoiceVolume&setting=UnMuted&minutesUsed=25|1699024993|1523|1326003768
AudioOption_MusicTracksEnabled|name=CombatMusicEnabled&setting=Enabled&minutesUsed=25|1699024993|1523|1171147695
AudioOption_MusicTracksEnabled|name=SuperCruiseMusicEnabled&setting=Enabled&minutesUsed=25|1699024993|1523|2122137777
AudioOption_MusicTracksEnabled|name=ExplorationMusicEnabled&setting=Enabled&minutesUsed=25|1699024993|1523|1552645943
AudioOption_MusicTracksEnabled|name=StarportMusicEnabled&setting=Enabled&minutesUsed=25|1699024993|1523|1830607891
AudioOption_MusicTracksEnabled|name=DockingMusicEnabled&setting=Enabled&minutesUsed=25|1699024993|1523|427119827
AudioOption_MusicTracksEnabled|name=StellarCartographyMusicEnabled&setting=Enabled&minutesUsed=25|1699024993|1523|2528406527
AudioOption_MusicTracksEnabled|name=MenuMusicEnabled&setting=Enabled&minutesUsed=25|1699024993|1523|1930629246
AudioOption_GalnetAudio_EnabledOption|name=GalnetAudioAutomaticPausingEnabled&setting=Enabled&minutesUsed=25|1699024993|1523|993252595
AudioOption_GalnetAudio_EnabledOption|name=GalnetAudioInterdictionPausingEnabled&setting=Enabled&minutesUsed=25|1699024993|1523|1591727859
AudioOption_GalnetAudio_EnabledOption|name=GalnetAudioSwitchingVesselPausingEnabled&setting=Enabled&minutesUsed=25|1699024993|1523|3599712363
AudioOption_GalnetAudio_EnabledOption|name=GalnetAudioTakingFirePausingEnabled&setting=Enabled&minutesUsed=25|1699024993|1523|2888794313
AudioOption_GalnetAudio_EnabledOption|name=GalnetAudioOtherVoicesPausingEnabled&setting=Enabled&minutesUsed=25|1699024993|1523|1661353546
AudioOption_GalnetAudio_EnabledOption|name=GalnetAudioAutomaticResumingEnabled&setting=Enabled&minutesUsed=25|1699024993|1523|1877935458
AudioOption_DtsEnabled|setting=Disabled&minutesUsed=25|1699024993|1523|1964755620
AudioOption_DynamicRange|setting=NightTime&minutesUsed=25|1699024993|1523|915923148
AudioOption_GalnetAudio_Language|setting=CurrentGameLanguage&minutesUsed=25|1699024993|1523|453250427
AudioChannelLayout|Layout=2.0&NumChannels=2&HasLFE=false|1699024993|1523|1440631300
